[2025-06-08 15:25:50] Followup cron started
[2025-06-08 15:25:50] Followup cron completed in 0.01s
Results: Processed=0, Sent=0, Failed=0
[2025-06-08 22:45:02] Followup cron started
[2025-06-08 22:45:02] Followup system completed in 0.13s
Scan Results: Found=26, Scheduled=26
Process Results: Processed=0, Sent=0, Failed=0, Skipped=0
[2025-06-08 23:00:02] Followup cron started
[2025-06-08 23:00:02] Followup system completed in 0.18s
Scan Results: Found=26, Scheduled=26
Process Results: Processed=0, Sent=0, Failed=0, Skipped=0
[2025-06-09 10:15:02] Followup cron started
[2025-06-09 10:15:02] Followup system completed in 0.2s
Scan Results: Found=26, Scheduled=26
Process Results: Processed=0, Sent=0, Failed=0, Skipped=0
[2025-06-09 10:30:02] Followup cron started
[2025-06-09 10:30:02] Followup system completed in 0.12s
Scan Results: Found=26, Scheduled=26
Process Results: Processed=0, Sent=0, Failed=0, Skipped=0
[2025-06-09 10:45:02] Followup cron started
[2025-06-09 10:45:03] Followup system completed in 0.53s
Scan Results: Found=26, Scheduled=26
Process Results: Processed=0, Sent=0, Failed=0, Skipped=0
[2025-06-09 11:00:02] Followup cron started
[2025-06-09 11:00:02] Followup system completed in 0.14s
Scan Results: Found=26, Scheduled=26
Process Results: Processed=0, Sent=0, Failed=0, Skipped=0
[2025-06-09 11:30:02] Followup cron started
[2025-06-09 11:30:02] Followup system completed in 0.08s
Scan Results: Found=26, Scheduled=26
Process Results: Processed=0, Sent=0, Failed=0, Skipped=0
[2025-06-09 11:45:02] Followup cron started
[2025-06-09 11:45:02] Followup system completed in 0.12s
Scan Results: Found=26, Scheduled=26
Process Results: Processed=0, Sent=0, Failed=0, Skipped=0
[2025-06-09 12:00:02] Followup cron started
[2025-06-09 12:00:02] Followup system completed in 0.19s
Scan Results: Found=26, Scheduled=26
Process Results: Processed=0, Sent=0, Failed=0, Skipped=0
[2025-06-09 12:15:02] Followup cron started
[2025-06-09 12:15:02] Followup system completed in 0.12s
Scan Results: Found=26, Scheduled=26
Process Results: Processed=0, Sent=0, Failed=0, Skipped=0
[2025-06-09 12:30:01] Followup cron started
[2025-06-09 12:30:02] Followup system completed in 0.12s
Scan Results: Found=26, Scheduled=26
Process Results: Processed=0, Sent=0, Failed=0, Skipped=0
[2025-06-09 12:45:02] Followup cron started
[2025-06-09 12:45:02] Followup system completed in 0.09s
Scan Results: Found=26, Scheduled=26
Process Results: Processed=0, Sent=0, Failed=0, Skipped=0
[2025-06-09 13:00:07] Followup cron started
[2025-06-09 13:00:07] Followup system completed in 0.1s
Scan Results: Found=26, Scheduled=26
Process Results: Processed=0, Sent=0, Failed=0, Skipped=0
[2025-06-09 13:15:02] Followup cron started
[2025-06-09 13:15:02] Followup system completed in 0.17s
Scan Results: Found=26, Scheduled=26
Process Results: Processed=0, Sent=0, Failed=0, Skipped=0
[2025-06-09 13:30:02] Followup cron started
[2025-06-09 13:30:03] Followup system completed in 0.13s
Scan Results: Found=26, Scheduled=26
Process Results: Processed=0, Sent=0, Failed=0, Skipped=0
[2025-06-09 13:45:02] Followup cron started
[2025-06-09 13:45:02] Followup system completed in 0.11s
Scan Results: Found=26, Scheduled=26
Process Results: Processed=0, Sent=0, Failed=0, Skipped=0
[2025-06-09 14:00:02] Followup cron started
[2025-06-09 14:00:02] Followup system completed in 0.2s
Scan Results: Found=26, Scheduled=26
Process Results: Processed=0, Sent=0, Failed=0, Skipped=0
[2025-06-09 14:15:02] Followup cron started
[2025-06-09 14:15:02] Followup system completed in 0.34s
Scan Results: Found=26, Scheduled=26
Process Results: Processed=0, Sent=0, Failed=0, Skipped=0
[2025-06-09 14:30:02] Followup cron started
[2025-06-09 14:30:02] Followup system completed in 0.2s
Scan Results: Found=26, Scheduled=26
Process Results: Processed=0, Sent=0, Failed=0, Skipped=0
[2025-06-09 14:45:02] Followup cron started
[2025-06-09 14:45:02] Followup system completed in 0.12s
Scan Results: Found=26, Scheduled=26
Process Results: Processed=0, Sent=0, Failed=0, Skipped=0
[2025-06-09 15:00:02] Followup cron started
[2025-06-09 15:00:02] Followup system completed in 0.27s
Scan Results: Found=26, Scheduled=26
Process Results: Processed=0, Sent=0, Failed=0, Skipped=0
[2025-06-09 15:15:02] Followup cron started
[2025-06-09 15:15:02] Followup system completed in 0.28s
Scan Results: Found=26, Scheduled=26
Process Results: Processed=0, Sent=0, Failed=0, Skipped=0
[2025-06-09 15:30:02] Followup cron started
[2025-06-09 15:30:02] Followup system completed in 0.15s
Scan Results: Found=26, Scheduled=26
Process Results: Processed=0, Sent=0, Failed=0, Skipped=0
[2025-06-09 15:45:02] Followup cron started
[2025-06-09 15:45:02] Followup system completed in 0.27s
Scan Results: Found=26, Scheduled=26
Process Results: Processed=0, Sent=0, Failed=0, Skipped=0
[2025-06-09 16:00:02] Followup cron started
[2025-06-09 16:00:02] Followup system completed in 0.14s
Scan Results: Found=26, Scheduled=26
Process Results: Processed=0, Sent=0, Failed=0, Skipped=0
[2025-06-09 16:15:02] Followup cron started
[2025-06-09 16:15:02] Followup system completed in 0.18s
Scan Results: Found=26, Scheduled=26
Process Results: Processed=0, Sent=0, Failed=0, Skipped=0
[2025-06-09 16:30:02] Followup cron started
[2025-06-09 16:30:02] Followup system completed in 0.18s
Scan Results: Found=26, Scheduled=26
Process Results: Processed=0, Sent=0, Failed=0, Skipped=0
[2025-06-09 16:45:01] Followup cron started
[2025-06-09 16:45:01] Followup system completed in 0.11s
Scan Results: Found=26, Scheduled=26
Process Results: Processed=0, Sent=0, Failed=0, Skipped=0
[2025-06-09 17:00:02] Followup cron started
[2025-06-09 17:00:02] Followup system completed in 0.17s
Scan Results: Found=26, Scheduled=26
Process Results: Processed=0, Sent=0, Failed=0, Skipped=0
[2025-06-09 17:15:02] Followup cron started
[2025-06-09 17:15:02] Followup system completed in 0.23s
Scan Results: Found=26, Scheduled=26
Process Results: Processed=0, Sent=0, Failed=0, Skipped=0
[2025-06-09 17:30:02] Followup cron started
[2025-06-09 17:30:02] Followup system completed in 0.16s
Scan Results: Found=26, Scheduled=26
Process Results: Processed=0, Sent=0, Failed=0, Skipped=0
[2025-06-09 17:45:02] Followup cron started
[2025-06-09 17:45:02] Followup system completed in 0.11s
Scan Results: Found=26, Scheduled=26
Process Results: Processed=0, Sent=0, Failed=0, Skipped=0
[2025-06-09 18:00:02] Followup cron started
[2025-06-09 18:00:03] Followup system completed in 0.15s
Scan Results: Found=26, Scheduled=26
Process Results: Processed=0, Sent=0, Failed=0, Skipped=0
[2025-06-09 18:15:02] Followup cron started
[2025-06-09 18:15:02] Followup system completed in 0.31s
Scan Results: Found=26, Scheduled=26
Process Results: Processed=0, Sent=0, Failed=0, Skipped=0
[2025-06-09 18:30:02] Followup cron started
[2025-06-09 18:30:02] Followup system completed in 0.24s
Scan Results: Found=26, Scheduled=26
Process Results: Processed=0, Sent=0, Failed=0, Skipped=0
[2025-06-09 18:45:02] Followup cron started
[2025-06-09 18:45:02] Followup system completed in 0.12s
Scan Results: Found=26, Scheduled=26
Process Results: Processed=0, Sent=0, Failed=0, Skipped=0
[2025-06-09 19:00:02] Followup cron started
[2025-06-09 19:00:02] Followup system completed in 0.12s
Scan Results: Found=26, Scheduled=26
Process Results: Processed=0, Sent=0, Failed=0, Skipped=0
[2025-06-09 19:15:01] Followup cron started
[2025-06-09 19:15:02] Followup system completed in 0.16s
Scan Results: Found=26, Scheduled=26
Process Results: Processed=0, Sent=0, Failed=0, Skipped=0
[2025-06-09 19:30:02] Followup cron started
[2025-06-09 19:30:02] Followup system completed in 0.19s
Scan Results: Found=26, Scheduled=26
Process Results: Processed=0, Sent=0, Failed=0, Skipped=0
[2025-06-09 19:45:03] Followup cron started
[2025-06-09 19:45:03] Followup system completed in 0.1s
Scan Results: Found=26, Scheduled=26
Process Results: Processed=0, Sent=0, Failed=0, Skipped=0
[2025-06-09 20:00:02] Followup cron started
[2025-06-09 20:00:02] Followup system completed in 0.17s
Scan Results: Found=26, Scheduled=26
Process Results: Processed=0, Sent=0, Failed=0, Skipped=0
[2025-06-09 20:15:02] Followup cron started
[2025-06-09 20:15:02] Followup system completed in 0.11s
Scan Results: Found=26, Scheduled=26
Process Results: Processed=0, Sent=0, Failed=0, Skipped=0
[2025-06-09 20:30:02] Followup cron started
[2025-06-09 20:30:02] Followup system completed in 0.13s
Scan Results: Found=25, Scheduled=25
Process Results: Processed=0, Sent=0, Failed=0, Skipped=0
[2025-06-09 20:45:02] Followup cron started
[2025-06-09 20:45:02] Followup system completed in 0.55s
Scan Results: Found=25, Scheduled=25
Process Results: Processed=0, Sent=0, Failed=0, Skipped=0
[2025-06-09 21:00:02] Followup cron started
[2025-06-09 21:00:02] Followup system completed in 0.23s
Scan Results: Found=25, Scheduled=25
Process Results: Processed=0, Sent=0, Failed=0, Skipped=0
[2025-06-09 21:15:02] Followup cron started
[2025-06-09 21:15:02] Followup system completed in 0.17s
Scan Results: Found=25, Scheduled=25
Process Results: Processed=0, Sent=0, Failed=0, Skipped=0
[2025-06-09 21:30:02] Followup cron started
[2025-06-09 21:30:03] Followup system completed in 0.22s
Scan Results: Found=25, Scheduled=25
Process Results: Processed=0, Sent=0, Failed=0, Skipped=0
[2025-06-09 21:45:02] Followup cron started
[2025-06-09 21:45:02] Followup system completed in 0.1s
Scan Results: Found=25, Scheduled=25
Process Results: Processed=0, Sent=0, Failed=0, Skipped=0
[2025-06-09 22:00:02] Followup cron started
[2025-06-09 22:00:02] Followup system completed in 0.31s
Scan Results: Found=25, Scheduled=25
Process Results: Processed=0, Sent=0, Failed=0, Skipped=0
[2025-06-09 22:15:02] Followup cron started
[2025-06-09 22:15:02] Followup system completed in 0.18s
Scan Results: Found=25, Scheduled=25
Process Results: Processed=0, Sent=0, Failed=0, Skipped=0
[2025-06-09 22:30:02] Followup cron started
[2025-06-09 22:30:02] Followup system completed in 0.24s
Scan Results: Found=25, Scheduled=25
Process Results: Processed=0, Sent=0, Failed=0, Skipped=0
[2025-06-09 22:45:02] Followup cron started
[2025-06-09 22:45:02] Followup system completed in 0.12s
Scan Results: Found=25, Scheduled=25
Process Results: Processed=0, Sent=0, Failed=0, Skipped=0
[2025-06-09 23:00:02] Followup cron started
[2025-06-09 23:00:02] Followup system completed in 0.11s
Scan Results: Found=25, Scheduled=25
Process Results: Processed=0, Sent=0, Failed=0, Skipped=0
[2025-06-09 23:15:02] Followup cron started
[2025-06-09 23:15:02] Followup system completed in 0.2s
Scan Results: Found=25, Scheduled=25
Process Results: Processed=0, Sent=0, Failed=0, Skipped=0
[2025-06-09 23:30:02] Followup cron started
[2025-06-09 23:30:02] Followup system completed in 0.12s
Scan Results: Found=25, Scheduled=25
Process Results: Processed=0, Sent=0, Failed=0, Skipped=0
[2025-06-09 23:45:02] Followup cron started
[2025-06-09 23:45:03] Followup system completed in 0.62s
Scan Results: Found=25, Scheduled=25
Process Results: Processed=0, Sent=0, Failed=0, Skipped=0
[2025-06-10 00:00:02] Followup cron started
[2025-06-10 00:00:02] Followup system completed in 0.27s
Scan Results: Found=25, Scheduled=25
Process Results: Processed=0, Sent=0, Failed=0, Skipped=0
[2025-06-10 00:15:01] Followup cron started
[2025-06-10 00:15:02] Followup system completed in 0.18s
Scan Results: Found=25, Scheduled=25
Process Results: Processed=0, Sent=0, Failed=0, Skipped=0
[2025-06-10 00:30:03] Followup cron started
[2025-06-10 00:30:03] Followup system completed in 0.63s
Scan Results: Found=25, Scheduled=25
Process Results: Processed=0, Sent=0, Failed=0, Skipped=0
[2025-06-10 00:45:01] Followup cron started
[2025-06-10 00:45:01] Followup system completed in 0.11s
Scan Results: Found=25, Scheduled=25
Process Results: Processed=0, Sent=0, Failed=0, Skipped=0
[2025-06-10 01:00:02] Followup cron started
[2025-06-10 01:00:02] Followup system completed in 0.21s
Scan Results: Found=25, Scheduled=25
Process Results: Processed=0, Sent=0, Failed=0, Skipped=0
[2025-06-10 01:15:01] Followup cron started
[2025-06-10 01:15:02] Followup system completed in 0.12s
Scan Results: Found=25, Scheduled=25
Process Results: Processed=0, Sent=0, Failed=0, Skipped=0
[2025-06-10 01:30:02] Followup cron started
[2025-06-10 01:30:02] Followup system completed in 0.16s
Scan Results: Found=25, Scheduled=25
Process Results: Processed=0, Sent=0, Failed=0, Skipped=0
[2025-06-10 01:45:02] Followup cron started
[2025-06-10 01:45:02] Followup system completed in 0.2s
Scan Results: Found=25, Scheduled=25
Process Results: Processed=0, Sent=0, Failed=0, Skipped=0
[2025-06-10 02:00:02] Followup cron started
[2025-06-10 02:00:02] Followup system completed in 0.21s
Scan Results: Found=25, Scheduled=25
Process Results: Processed=0, Sent=0, Failed=0, Skipped=0
[2025-06-10 02:15:02] Followup cron started
[2025-06-10 02:15:02] Followup system completed in 0.2s
Scan Results: Found=25, Scheduled=25
Process Results: Processed=0, Sent=0, Failed=0, Skipped=0
[2025-06-10 02:30:02] Followup cron started
[2025-06-10 02:30:02] Followup system completed in 0.14s
Scan Results: Found=25, Scheduled=25
Process Results: Processed=0, Sent=0, Failed=0, Skipped=0
[2025-06-10 02:45:02] Followup cron started
[2025-06-10 02:45:02] Followup system completed in 0.1s
Scan Results: Found=25, Scheduled=25
Process Results: Processed=0, Sent=0, Failed=0, Skipped=0
[2025-06-10 03:00:02] Followup cron started
[2025-06-10 03:00:02] Followup system completed in 0.24s
Scan Results: Found=25, Scheduled=25
Process Results: Processed=0, Sent=0, Failed=0, Skipped=0
[2025-06-10 03:15:02] Followup cron started
[2025-06-10 03:15:02] Followup system completed in 0.14s
Scan Results: Found=25, Scheduled=25
Process Results: Processed=0, Sent=0, Failed=0, Skipped=0
[2025-06-10 03:30:02] Followup cron started
[2025-06-10 03:30:02] Followup system completed in 0.14s
Scan Results: Found=25, Scheduled=25
Process Results: Processed=0, Sent=0, Failed=0, Skipped=0
[2025-06-10 03:45:02] Followup cron started
[2025-06-10 03:45:02] Followup system completed in 0.11s
Scan Results: Found=25, Scheduled=25
Process Results: Processed=0, Sent=0, Failed=0, Skipped=0
[2025-06-10 04:00:02] Followup cron started
[2025-06-10 04:00:02] Followup system completed in 0.24s
Scan Results: Found=25, Scheduled=25
Process Results: Processed=0, Sent=0, Failed=0, Skipped=0
[2025-06-10 04:15:01] Followup cron started
[2025-06-10 04:15:02] Followup system completed in 0.18s
Scan Results: Found=25, Scheduled=25
Process Results: Processed=0, Sent=0, Failed=0, Skipped=0
[2025-06-10 04:30:02] Followup cron started
[2025-06-10 04:30:02] Followup system completed in 0.12s
Scan Results: Found=25, Scheduled=25
Process Results: Processed=0, Sent=0, Failed=0, Skipped=0
[2025-06-10 04:45:02] Followup cron started
[2025-06-10 04:45:02] Followup system completed in 0.11s
Scan Results: Found=25, Scheduled=25
Process Results: Processed=0, Sent=0, Failed=0, Skipped=0
[2025-06-10 05:00:02] Followup cron started
[2025-06-10 05:00:02] Followup system completed in 0.18s
Scan Results: Found=25, Scheduled=25
Process Results: Processed=0, Sent=0, Failed=0, Skipped=0
[2025-06-10 05:15:02] Followup cron started
[2025-06-10 05:15:02] Followup system completed in 0.22s
Scan Results: Found=25, Scheduled=25
Process Results: Processed=0, Sent=0, Failed=0, Skipped=0
[2025-06-10 05:30:02] Followup cron started
[2025-06-10 05:30:02] Followup system completed in 0.12s
Scan Results: Found=25, Scheduled=25
Process Results: Processed=0, Sent=0, Failed=0, Skipped=0
[2025-06-10 05:45:02] Followup cron started
[2025-06-10 05:45:02] Followup system completed in 0.18s
Scan Results: Found=25, Scheduled=25
Process Results: Processed=0, Sent=0, Failed=0, Skipped=0
[2025-06-10 06:00:03] Followup cron started
[2025-06-10 06:00:03] Followup system completed in 0.15s
Scan Results: Found=25, Scheduled=25
Process Results: Processed=0, Sent=0, Failed=0, Skipped=0
[2025-06-10 06:15:01] Followup cron started
[2025-06-10 06:15:02] Followup system completed in 0.25s
Scan Results: Found=25, Scheduled=25
Process Results: Processed=0, Sent=0, Failed=0, Skipped=0
[2025-06-10 06:30:02] Followup cron started
[2025-06-10 06:30:02] Followup system completed in 0.12s
Scan Results: Found=25, Scheduled=25
Process Results: Processed=0, Sent=0, Failed=0, Skipped=0
[2025-06-10 06:45:02] Followup cron started
[2025-06-10 06:45:02] Followup system completed in 0.16s
Scan Results: Found=25, Scheduled=25
Process Results: Processed=0, Sent=0, Failed=0, Skipped=0
[2025-06-10 07:00:03] Followup cron started
[2025-06-10 07:00:03] Followup system completed in 0.12s
Scan Results: Found=25, Scheduled=25
Process Results: Processed=0, Sent=0, Failed=0, Skipped=0
[2025-06-10 07:15:02] Followup cron started
[2025-06-10 07:15:02] Followup system completed in 0.28s
Scan Results: Found=25, Scheduled=25
Process Results: Processed=0, Sent=0, Failed=0, Skipped=0
[2025-06-10 07:30:02] Followup cron started
[2025-06-10 07:30:03] Followup system completed in 0.23s
Scan Results: Found=25, Scheduled=25
Process Results: Processed=0, Sent=0, Failed=0, Skipped=0
[2025-06-10 07:45:02] Followup cron started
[2025-06-10 07:45:02] Followup system completed in 0.13s
Scan Results: Found=25, Scheduled=25
Process Results: Processed=0, Sent=0, Failed=0, Skipped=0
[2025-06-10 08:00:02] Followup cron started
[2025-06-10 08:00:02] Followup system completed in 0.1s
Scan Results: Found=25, Scheduled=25
Process Results: Processed=0, Sent=0, Failed=0, Skipped=0
[2025-06-10 08:15:02] Followup cron started
[2025-06-10 08:15:02] Followup system completed in 0.17s
Scan Results: Found=25, Scheduled=25
Process Results: Processed=0, Sent=0, Failed=0, Skipped=0
[2025-06-10 08:30:02] Followup cron started
[2025-06-10 08:30:02] Followup system completed in 0.11s
Scan Results: Found=25, Scheduled=25
Process Results: Processed=0, Sent=0, Failed=0, Skipped=0
[2025-06-10 08:45:02] Followup cron started
[2025-06-10 08:45:02] Followup system completed in 0.12s
Scan Results: Found=25, Scheduled=25
Process Results: Processed=0, Sent=0, Failed=0, Skipped=0
[2025-06-10 09:00:02] Followup cron started
[2025-06-10 09:00:02] Followup system completed in 0.08s
Scan Results: Found=25, Scheduled=25
Process Results: Processed=0, Sent=0, Failed=0, Skipped=0
[2025-06-10 09:15:02] Followup cron started
[2025-06-10 09:15:02] Followup system completed in 0.15s
Scan Results: Found=25, Scheduled=25
Process Results: Processed=0, Sent=0, Failed=0, Skipped=0
[2025-06-10 09:30:03] Followup cron started
[2025-06-10 09:30:03] Followup system completed in 0.19s
Scan Results: Found=25, Scheduled=25
Process Results: Processed=0, Sent=0, Failed=0, Skipped=0
[2025-06-10 09:45:02] Followup cron started
[2025-06-10 09:45:03] Followup system completed in 0.63s
Scan Results: Found=25, Scheduled=25
Process Results: Processed=0, Sent=0, Failed=0, Skipped=0
[2025-06-10 12:50:02] Followup cron started
[2025-06-10 12:50:02] Followup system completed in 0.1s
Scan Results: Found=26, Scheduled=26
Process Results: Processed=0, Sent=0, Failed=0, Skipped=0
[2025-06-10 12:50:43] Followup cron started
[2025-06-10 12:50:43] Followup system completed in 0.05s
Scan Results: Found=25, Scheduled=25
Process Results: Processed=0, Sent=0, Failed=0, Skipped=0
[2025-06-10 12:55:03] Followup cron started
[2025-06-10 12:55:03] Followup system completed in 0.09s
Scan Results: Found=25, Scheduled=25
Process Results: Processed=0, Sent=0, Failed=0, Skipped=0
[2025-06-10 12:58:57] Followup cron started
[2025-06-10 12:58:57] Followup system completed in 0.07s
Scan Results: Found=25, Scheduled=0
Process Results: Processed=0, Sent=0, Failed=0, Skipped=0
[2025-06-10 13:00:02] Followup cron started
[2025-06-10 13:00:02] Followup system completed in 0.12s
Scan Results: Found=25, Scheduled=0
Process Results: Processed=0, Sent=0, Failed=0, Skipped=0
[2025-06-10 13:05:02] Followup cron started
[2025-06-10 13:05:02] Followup system completed in 0.12s
Scan Results: Found=25, Scheduled=0
Process Results: Processed=0, Sent=0, Failed=0, Skipped=0
[2025-06-10 13:07:59] Followup cron started
[2025-06-10 13:08:00] Followup system completed in 0.11s
Scan Results: Found=25, Scheduled=0
Process Results: Processed=0, Sent=0, Failed=0, Skipped=0
[2025-06-10 13:10:02] Followup cron started
[2025-06-10 13:10:03] Followup system completed in 0.16s
Scan Results: Found=25, Scheduled=0
Process Results: Processed=0, Sent=0, Failed=0, Skipped=0
[2025-06-10 13:15:02] Followup cron started
[2025-06-10 13:15:02] Followup system completed in 0.11s
Scan Results: Found=25, Scheduled=0
Process Results: Processed=0, Sent=0, Failed=0, Skipped=0
[2025-06-10 13:15:04] Followup cron started
[2025-06-10 13:15:04] Followup system completed in 0.07s
Scan Results: Found=25, Scheduled=0
Process Results: Processed=0, Sent=0, Failed=0, Skipped=0
[2025-06-10 13:20:02] Followup cron started
[2025-06-10 13:20:02] Followup system completed in 0.32s
Scan Results: Found=25, Scheduled=0
Process Results: Processed=0, Sent=0, Failed=0, Skipped=0
[2025-06-10 13:21:59] Followup cron started
[2025-06-10 13:22:00] Followup system completed in 1.22s
Scan Results: Found=25, Scheduled=0
Process Results: Processed=1, Sent=1, Failed=0, Skipped=0
[2025-06-10 13:25:02] Followup cron started
[2025-06-10 13:25:02] Followup system completed in 0.1s
Scan Results: Found=25, Scheduled=0
Process Results: Processed=0, Sent=0, Failed=0, Skipped=0
[2025-06-10 13:28:11] Followup cron started
[2025-06-10 13:28:11] Followup system completed in 0.05s
Scan Results: Found=25, Scheduled=0
Process Results: Processed=0, Sent=0, Failed=0, Skipped=0
[2025-06-10 13:28:15] Followup cron started
[2025-06-10 13:28:15] Followup system completed in 0.05s
Scan Results: Found=25, Scheduled=0
Process Results: Processed=0, Sent=0, Failed=0, Skipped=0
[2025-06-10 13:30:02] Followup cron started
[2025-06-10 13:30:02] Followup system completed in 0.12s
Scan Results: Found=25, Scheduled=0
Process Results: Processed=0, Sent=0, Failed=0, Skipped=0
[2025-06-10 13:35:02] Followup cron started
[2025-06-10 13:35:02] Followup system completed in 0.16s
Scan Results: Found=25, Scheduled=0
Process Results: Processed=0, Sent=0, Failed=0, Skipped=0
[2025-06-10 13:40:03] Followup cron started
[2025-06-10 13:40:03] Followup system completed in 0.12s
Scan Results: Found=25, Scheduled=0
Process Results: Processed=0, Sent=0, Failed=0, Skipped=0
[2025-06-10 13:45:02] Followup cron started
[2025-06-10 13:45:02] Followup system completed in 0.13s
Scan Results: Found=25, Scheduled=0
Process Results: Processed=0, Sent=0, Failed=0, Skipped=0
[2025-06-10 13:50:02] Followup cron started
[2025-06-10 13:50:02] Followup system completed in 0.29s
Scan Results: Found=25, Scheduled=0
Process Results: Processed=0, Sent=0, Failed=0, Skipped=0
[2025-06-10 13:55:02] Followup cron started
[2025-06-10 13:55:02] Followup system completed in 0.1s
Scan Results: Found=25, Scheduled=0
Process Results: Processed=0, Sent=0, Failed=0, Skipped=0
[2025-06-10 14:00:02] Followup cron started
[2025-06-10 14:00:02] Followup system completed in 0.12s
Scan Results: Found=25, Scheduled=0
Process Results: Processed=0, Sent=0, Failed=0, Skipped=0
[2025-06-10 14:05:03] Followup cron started
[2025-06-10 14:05:03] Followup system completed in 0.14s
Scan Results: Found=25, Scheduled=0
Process Results: Processed=0, Sent=0, Failed=0, Skipped=0
[2025-06-10 14:10:02] Followup cron started
[2025-06-10 14:10:03] Followup system completed in 0.25s
Scan Results: Found=25, Scheduled=0
Process Results: Processed=0, Sent=0, Failed=0, Skipped=0
[2025-06-10 14:15:02] Followup cron started
[2025-06-10 14:15:02] Followup system completed in 0.09s
Scan Results: Found=25, Scheduled=0
Process Results: Processed=0, Sent=0, Failed=0, Skipped=0
[2025-06-10 14:20:02] Followup cron started
[2025-06-10 14:20:02] Followup system completed in 0.14s
Scan Results: Found=25, Scheduled=0
Process Results: Processed=0, Sent=0, Failed=0, Skipped=0
[2025-06-10 14:25:02] Followup cron started
[2025-06-10 14:25:02] Followup system completed in 0.16s
Scan Results: Found=25, Scheduled=0
Process Results: Processed=0, Sent=0, Failed=0, Skipped=0
[2025-06-10 14:30:02] Followup cron started
[2025-06-10 14:30:02] Followup system completed in 0.13s
Scan Results: Found=25, Scheduled=0
Process Results: Processed=0, Sent=0, Failed=0, Skipped=0
[2025-06-10 14:35:02] Followup cron started
[2025-06-10 14:35:03] Followup system completed in 0.18s
Scan Results: Found=25, Scheduled=0
Process Results: Processed=0, Sent=0, Failed=0, Skipped=0
[2025-06-10 14:40:02] Followup cron started
[2025-06-10 14:40:02] Followup system completed in 0.09s
Scan Results: Found=25, Scheduled=0
Process Results: Processed=0, Sent=0, Failed=0, Skipped=0
[2025-06-10 14:45:01] Followup cron started
[2025-06-10 14:45:02] Followup system completed in 0.23s
Scan Results: Found=25, Scheduled=0
Process Results: Processed=0, Sent=0, Failed=0, Skipped=0
[2025-06-10 14:50:02] Followup cron started
[2025-06-10 14:50:02] Followup system completed in 0.16s
Scan Results: Found=25, Scheduled=0
Process Results: Processed=0, Sent=0, Failed=0, Skipped=0
[2025-06-10 14:55:03] Followup cron started
[2025-06-10 14:55:03] Followup system completed in 0.17s
Scan Results: Found=25, Scheduled=0
Process Results: Processed=0, Sent=0, Failed=0, Skipped=0
[2025-06-10 15:00:02] Followup cron started
[2025-06-10 15:00:02] Followup system completed in 0.12s
Scan Results: Found=25, Scheduled=0
Process Results: Processed=0, Sent=0, Failed=0, Skipped=0
[2025-06-10 15:05:02] Followup cron started
[2025-06-10 15:05:02] Followup system completed in 0.08s
Scan Results: Found=25, Scheduled=0
Process Results: Processed=0, Sent=0, Failed=0, Skipped=0
[2025-06-10 15:10:02] Followup cron started
[2025-06-10 15:10:02] Followup system completed in 0.11s
Scan Results: Found=25, Scheduled=0
Process Results: Processed=0, Sent=0, Failed=0, Skipped=0
[2025-06-10 15:15:02] Followup cron started
[2025-06-10 15:15:02] Followup system completed in 0.16s
Scan Results: Found=25, Scheduled=0
Process Results: Processed=0, Sent=0, Failed=0, Skipped=0
[2025-06-10 15:20:02] Followup cron started
[2025-06-10 15:20:02] Followup system completed in 0.13s
Scan Results: Found=25, Scheduled=0
Process Results: Processed=0, Sent=0, Failed=0, Skipped=0
[2025-06-10 15:25:02] Followup cron started
[2025-06-10 15:25:03] Followup system completed in 0.32s
Scan Results: Found=25, Scheduled=0
Process Results: Processed=0, Sent=0, Failed=0, Skipped=0
[2025-06-10 15:30:02] Followup cron started
[2025-06-10 15:30:02] Followup system completed in 0.38s
Scan Results: Found=25, Scheduled=0
Process Results: Processed=0, Sent=0, Failed=0, Skipped=0
[2025-06-10 15:35:02] Followup cron started
[2025-06-10 15:35:02] Followup system completed in 0.1s
Scan Results: Found=25, Scheduled=0
Process Results: Processed=0, Sent=0, Failed=0, Skipped=0
[2025-06-10 15:40:02] Followup cron started
[2025-06-10 15:40:03] Followup system completed in 0.06s
Scan Results: Found=25, Scheduled=0
Process Results: Processed=0, Sent=0, Failed=0, Skipped=0
[2025-06-10 15:45:02] Followup cron started
[2025-06-10 15:45:02] Followup system completed in 0.1s
Scan Results: Found=25, Scheduled=0
Process Results: Processed=0, Sent=0, Failed=0, Skipped=0
[2025-06-10 15:50:02] Followup cron started
[2025-06-10 15:50:02] Followup system completed in 0.16s
Scan Results: Found=25, Scheduled=0
Process Results: Processed=0, Sent=0, Failed=0, Skipped=0
[2025-06-10 15:55:02] Followup cron started
[2025-06-10 15:55:02] Followup system completed in 0.12s
Scan Results: Found=25, Scheduled=0
Process Results: Processed=0, Sent=0, Failed=0, Skipped=0
[2025-06-10 16:00:03] Followup cron started
[2025-06-10 16:00:03] Followup system completed in 0.35s
Scan Results: Found=26, Scheduled=0
Process Results: Processed=0, Sent=0, Failed=0, Skipped=0
[2025-06-10 16:05:02] Followup cron started
[2025-06-10 16:05:02] Followup system completed in 0.11s
Scan Results: Found=26, Scheduled=0
Process Results: Processed=0, Sent=0, Failed=0, Skipped=0
[2025-06-10 16:07:13] Followup cron started
[2025-06-10 16:07:13] Followup system completed in 0.06s
Scan Results: Found=26, Scheduled=0
Process Results: Processed=0, Sent=0, Failed=0, Skipped=0
[2025-06-10 16:10:02] Followup cron started
[2025-06-10 16:10:02] Followup system completed in 0.12s
Scan Results: Found=25, Scheduled=0
Process Results: Processed=0, Sent=0, Failed=0, Skipped=0
[2025-06-10 16:15:02] Followup cron started
[2025-06-10 16:15:02] Followup system completed in 0.11s
Scan Results: Found=25, Scheduled=0
Process Results: Processed=0, Sent=0, Failed=0, Skipped=0
[2025-06-10 16:20:02] Followup cron started
[2025-06-10 16:20:02] Followup system completed in 0.08s
Scan Results: Found=25, Scheduled=0
Process Results: Processed=0, Sent=0, Failed=0, Skipped=0
[2025-06-10 16:25:02] Followup cron started
[2025-06-10 16:25:02] Followup system completed in 0.09s
Scan Results: Found=25, Scheduled=0
Process Results: Processed=0, Sent=0, Failed=0, Skipped=0
[2025-06-10 16:30:02] Followup cron started
[2025-06-10 16:30:02] Followup system completed in 0.13s
Scan Results: Found=25, Scheduled=0
Process Results: Processed=0, Sent=0, Failed=0, Skipped=0
[2025-06-10 16:35:02] Followup cron started
[2025-06-10 16:35:02] Followup system completed in 0.19s
Scan Results: Found=25, Scheduled=0
Process Results: Processed=0, Sent=0, Failed=0, Skipped=0
[2025-06-10 16:40:03] Followup cron started
[2025-06-10 16:40:03] Followup system completed in 0.14s
Scan Results: Found=26, Scheduled=0
Process Results: Processed=0, Sent=0, Failed=0, Skipped=0
[2025-06-10 16:45:02] Followup cron started
[2025-06-10 16:45:02] Followup system completed in 0.07s
Scan Results: Found=26, Scheduled=0
Process Results: Processed=0, Sent=0, Failed=0, Skipped=0
[2025-06-10 16:50:02] Followup cron started
[2025-06-10 16:50:02] Followup system completed in 0.1s
Scan Results: Found=26, Scheduled=0
Process Results: Processed=0, Sent=0, Failed=0, Skipped=0
[2025-06-10 16:55:02] Followup cron started
[2025-06-10 16:55:02] Followup system completed in 0.12s
Scan Results: Found=26, Scheduled=0
Process Results: Processed=0, Sent=0, Failed=0, Skipped=0
[2025-06-10 17:00:02] Followup cron started
[2025-06-10 17:00:03] Followup system completed in 0.23s
Scan Results: Found=26, Scheduled=0
Process Results: Processed=0, Sent=0, Failed=0, Skipped=0
[2025-06-10 17:05:02] Followup cron started
[2025-06-10 17:05:02] Followup system completed in 0.11s
Scan Results: Found=26, Scheduled=0
Process Results: Processed=0, Sent=0, Failed=0, Skipped=0
[2025-06-10 17:10:02] Followup cron started
[2025-06-10 17:10:02] Followup system completed in 0.1s
Scan Results: Found=26, Scheduled=0
Process Results: Processed=0, Sent=0, Failed=0, Skipped=0
[2025-06-10 17:15:02] Followup cron started
[2025-06-10 17:15:02] Followup system completed in 0.19s
Scan Results: Found=25, Scheduled=0
Process Results: Processed=0, Sent=0, Failed=0, Skipped=0
[2025-06-10 17:20:02] Followup cron started
[2025-06-10 17:20:02] Followup system completed in 0.15s
Scan Results: Found=25, Scheduled=0
Process Results: Processed=0, Sent=0, Failed=0, Skipped=0
[2025-06-10 17:25:02] Followup cron started
[2025-06-10 17:25:02] Followup system completed in 0.12s
Scan Results: Found=25, Scheduled=0
Process Results: Processed=0, Sent=0, Failed=0, Skipped=0
[2025-06-10 17:30:02] Followup cron started
[2025-06-10 17:30:02] Followup system completed in 0.11s
Scan Results: Found=25, Scheduled=0
Process Results: Processed=0, Sent=0, Failed=0, Skipped=0
[2025-06-10 17:35:02] Followup cron started
[2025-06-10 17:35:02] Followup system completed in 0.09s
Scan Results: Found=25, Scheduled=0
Process Results: Processed=0, Sent=0, Failed=0, Skipped=0
[2025-06-10 17:40:02] Followup cron started
[2025-06-10 17:40:02] Followup system completed in 0.19s
Scan Results: Found=25, Scheduled=0
Process Results: Processed=0, Sent=0, Failed=0, Skipped=0
[2025-06-10 17:45:02] Followup cron started
[2025-06-10 17:45:02] Followup system completed in 0.12s
Scan Results: Found=25, Scheduled=0
Process Results: Processed=0, Sent=0, Failed=0, Skipped=0
[2025-06-10 17:50:02] Followup cron started
[2025-06-10 17:50:02] Followup system completed in 0.12s
Scan Results: Found=25, Scheduled=0
Process Results: Processed=0, Sent=0, Failed=0, Skipped=0
[2025-06-10 17:55:02] Followup cron started
[2025-06-10 17:55:02] Followup system completed in 0.06s
Scan Results: Found=25, Scheduled=0
Process Results: Processed=0, Sent=0, Failed=0, Skipped=0
[2025-06-10 18:00:02] Followup cron started
[2025-06-10 18:00:02] Followup system completed in 0.22s
Scan Results: Found=25, Scheduled=0
Process Results: Processed=0, Sent=0, Failed=0, Skipped=0
[2025-06-10 18:05:02] Followup cron started
[2025-06-10 18:05:02] Followup system completed in 0.11s
Scan Results: Found=25, Scheduled=0
Process Results: Processed=0, Sent=0, Failed=0, Skipped=0
[2025-06-10 18:10:02] Followup cron started
[2025-06-10 18:10:02] Followup system completed in 0.13s
Scan Results: Found=25, Scheduled=0
Process Results: Processed=0, Sent=0, Failed=0, Skipped=0
[2025-06-10 18:15:02] Followup cron started
[2025-06-10 18:15:02] Followup system completed in 0.08s
Scan Results: Found=25, Scheduled=0
Process Results: Processed=0, Sent=0, Failed=0, Skipped=0
[2025-06-10 18:20:02] Followup cron started
[2025-06-10 18:20:02] Followup system completed in 0.1s
Scan Results: Found=25, Scheduled=0
Process Results: Processed=0, Sent=0, Failed=0, Skipped=0
[2025-06-10 18:25:02] Followup cron started
[2025-06-10 18:25:02] Followup system completed in 0.07s
Scan Results: Found=25, Scheduled=0
Process Results: Processed=0, Sent=0, Failed=0, Skipped=0
[2025-06-10 18:30:02] Followup cron started
[2025-06-10 18:30:03] Followup system completed in 0.15s
Scan Results: Found=25, Scheduled=0
Process Results: Processed=0, Sent=0, Failed=0, Skipped=0
[2025-06-10 18:35:02] Followup cron started
[2025-06-10 18:35:02] Followup system completed in 0.08s
Scan Results: Found=25, Scheduled=0
Process Results: Processed=0, Sent=0, Failed=0, Skipped=0
[2025-06-10 18:40:02] Followup cron started
[2025-06-10 18:40:02] Followup system completed in 0.1s
Scan Results: Found=25, Scheduled=0
Process Results: Processed=0, Sent=0, Failed=0, Skipped=0
[2025-06-10 18:45:02] Followup cron started
[2025-06-10 18:45:02] Followup system completed in 0.09s
Scan Results: Found=25, Scheduled=0
Process Results: Processed=0, Sent=0, Failed=0, Skipped=0
[2025-06-10 18:50:02] Followup cron started
[2025-06-10 18:50:02] Followup system completed in 0.16s
Scan Results: Found=26, Scheduled=1
Process Results: Processed=0, Sent=0, Failed=0, Skipped=0
[2025-06-10 18:55:01] Followup cron started
[2025-06-10 18:55:02] Followup system completed in 0.11s
Scan Results: Found=25, Scheduled=0
Process Results: Processed=0, Sent=0, Failed=0, Skipped=0
[2025-06-10 19:00:02] Followup cron started
[2025-06-10 19:00:03] Followup system completed in 0.19s
Scan Results: Found=25, Scheduled=0
Process Results: Processed=0, Sent=0, Failed=0, Skipped=0
[2025-06-10 19:05:02] Followup cron started
[2025-06-10 19:05:02] Followup system completed in 0.07s
Scan Results: Found=25, Scheduled=0
Process Results: Processed=0, Sent=0, Failed=0, Skipped=0
[2025-06-10 19:10:02] Followup cron started
[2025-06-10 19:10:02] Followup system completed in 0.11s
Scan Results: Found=25, Scheduled=0
Process Results: Processed=0, Sent=0, Failed=0, Skipped=0
[2025-06-10 19:15:02] Followup cron started
[2025-06-10 19:15:02] Followup system completed in 0.12s
Scan Results: Found=25, Scheduled=0
Process Results: Processed=0, Sent=0, Failed=0, Skipped=0
[2025-06-10 19:20:02] Followup cron started
[2025-06-10 19:20:02] Followup system completed in 0.1s
Scan Results: Found=25, Scheduled=0
Process Results: Processed=0, Sent=0, Failed=0, Skipped=0
[2025-06-10 19:25:02] Followup cron started
[2025-06-10 19:25:02] Followup system completed in 0.1s
Scan Results: Found=25, Scheduled=0
Process Results: Processed=0, Sent=0, Failed=0, Skipped=0
[2025-06-10 19:30:02] Followup cron started
[2025-06-10 19:30:03] Followup system completed in 0.08s
Scan Results: Found=25, Scheduled=0
Process Results: Processed=0, Sent=0, Failed=0, Skipped=0
[2025-06-10 19:35:02] Followup cron started
[2025-06-10 19:35:02] Followup system completed in 0.13s
Scan Results: Found=25, Scheduled=0
Process Results: Processed=0, Sent=0, Failed=0, Skipped=0
[2025-06-10 19:40:02] Followup cron started
[2025-06-10 19:40:02] Followup system completed in 0.1s
Scan Results: Found=25, Scheduled=0
Process Results: Processed=0, Sent=0, Failed=0, Skipped=0
[2025-06-10 19:45:01] Followup cron started
[2025-06-10 19:45:02] Followup system completed in 0.11s
Scan Results: Found=25, Scheduled=0
Process Results: Processed=0, Sent=0, Failed=0, Skipped=0
