{"account":"Agama","to":"6282117095279","type":"text","status":"success","message":"*Ahlan wa sahlan kak Metha ketaren*\r\nTerima kasih sudah melakukan pemesanan Ebook Ihfadz\u263a\ufe0f\r\n\r\nBe","error":null,"timestamp":"2026-03-01 06:38:15"}
{"account":"Agama","to":"6281272552385","type":"text","status":"success","message":"*Ahlan wa sahlan kak Armadi*\r\nTerima kasih sudah melakukan pemesanan Ebook Ihfadz\u263a\ufe0f\r\n\r\nBerikut d","error":null,"timestamp":"2026-03-01 07:22:34"}
{"account":"Agama","to":"6282117095279","type":"text","status":"success","message":"Terima kasih kak Metha ketaren sudah order Ebook Ihfadz \ud83d\ude0a\r\n\r\nUntuk akses ebook dan bonusnya bisa ","error":null,"timestamp":"2026-03-01 08:48:57"}
{"account":"Agama","to":"6282117095279","type":"text","status":"success","message":"Terima kasih kak Metha ketaren sudah order eBook DaQo \ud83d\ude0a\r\n\r\nUntuk akses ebook dan bonusnya bisa kl","error":null,"timestamp":"2026-03-01 08:48:58"}
{"account":"Agama","to":"6281298785555","type":"text","status":"success","message":"Terima kasih kak Tika Yuliana Ayuningsih sudah order Ebook Asit \ud83d\ude0a\r\n\r\nUntuk akses ebook dan bonusn","error":null,"timestamp":"2026-03-01 14:52:15"}
{"account":"Agama","to":"6285747770295","type":"text","status":"success","message":"Assalamualaikum Vaozan,\r\n\r\nSaya mau mengingatkan Anda bahwa Anda memiliki pesanan yang belum dibayar","error":null,"timestamp":"2026-03-01 18:05:03"}
{"account":"Agama","to":"6281272552385","type":"text","status":"success","message":"Assalamu'alaikum *Armadi*\r\n\r\nAnda menerima pesan ini karena Anda telah melakukan pemesanan eBook DaQ","error":null,"timestamp":"2026-03-02 07:25:03"}
{"account":"Agama","to":"6281910371274","type":"text","status":"success","message":"*Ahlan wa sahlan kak Vira Dwimadyasari*\r\nTerima kasih sudah memesan *ebook Qila*\u263a\ufe0f\r\n\r\nBerikut da","error":null,"timestamp":"2026-03-02 11:31:28"}
{"account":"Agama","to":"6281910371274","type":"text","status":"success","message":"Terima kasih kak Vira Dwimadyasari sudah order Ebook Qila \ud83d\ude0a\r\n\r\nUntuk akses ebook dan bonusnya bis","error":null,"timestamp":"2026-03-02 11:37:34"}
{"account":"Agama","to":"6285747770295","type":"text","status":"success","message":"Assalamualaikum Vaozan\r\n\r\nMungkin anda sudah mulai risih menerima pesan reminder dari saya\r\n\r\nTapi i","error":null,"timestamp":"2026-03-02 18:10:04"}
{"account":"Agama","to":"6281229788855","type":"text","status":"success","message":"*Ahlan wa sahlan kak Heti*\r\nTerima kasih sudah memesan *ebook Qila*\u263a\ufe0f\r\n\r\nBerikut data anda:\r\nNam","error":null,"timestamp":"2026-03-03 05:06:52"}
{"account":"Agama","to":"6289503312103","type":"text","status":"success","message":"*Ahlan wa sahlan kak Safira Nur Arfiani*\r\nTerima kasih sudah memesan *ebook Qila*\u263a\ufe0f\r\n\r\nBerikut d","error":null,"timestamp":"2026-03-03 07:14:56"}
{"account":"Agama","to":"6281272552385","type":"text","status":"success","message":"Assalamu'alaikum Armadi\r\n\r\n\r\n\r\nAnda menerima pesan ini karena Anda telah melakukan order eBook DaQo ","error":null,"timestamp":"2026-03-03 07:30:06"}
{"account":"Agama","to":"6289503312103","type":"text","status":"success","message":"Terima kasih kak Safira Nur Arfiani sudah order Ebook Qila \ud83d\ude0a\r\n\r\nUntuk akses ebook dan bonusnya bi","error":null,"timestamp":"2026-03-03 07:47:00"}
{"account":"Agama","to":"6281224720151","type":"text","status":"success","message":"*Ahlan wa sahlan kak Lingga Pangestu*\r\nTerima kasih sudah memesan *ebook Qila*\u263a\ufe0f\r\n\r\nBerikut data","error":null,"timestamp":"2026-03-03 08:54:58"}
{"account":"Agama","to":"6281224720151","type":"text","status":"success","message":"Terima kasih kak Lingga Pangestu sudah order Ebook Qila \ud83d\ude0a\r\n\r\nUntuk akses ebook dan bonusnya bisa ","error":null,"timestamp":"2026-03-03 09:02:23"}
{"account":"Agama","to":"6281285552240","type":"text","status":"success","message":"*Ahlan wa sahlan kak Putra*\r\nTerima kasih sudah memesan *ebook Qila*\u263a\ufe0f\r\n\r\nBerikut data anda:\r\nNa","error":null,"timestamp":"2026-03-03 11:20:29"}
{"account":"Agama","to":"6281285552240","type":"text","status":"success","message":"Terima kasih kak Putra sudah order Ebook Qila \ud83d\ude0a\r\n\r\nUntuk akses ebook dan bonusnya bisa klik link ","error":null,"timestamp":"2026-03-03 11:22:09"}
{"account":"Agama","to":"6281285552240","type":"text","status":"success","message":"Terima kasih kak Putra sudah order Ebook Ihfadz \ud83d\ude0a\r\n\r\nUntuk akses ebook dan bonusnya bisa klik lin","error":null,"timestamp":"2026-03-03 11:22:10"}
{"account":"Agama","to":"6282223430786","type":"text","status":"success","message":"Terima kasih kak Nofriyanti sudah order Ebook Asit \ud83d\ude0a\r\n\r\nUntuk akses ebook dan bonusnya bisa klik ","error":null,"timestamp":"2026-03-03 20:55:34"}
{"account":"Agama","to":"6281229788855","type":"text","status":"success","message":"Assalamu'alaikum *Heti*\r\n\r\nAnda menerima pesan ini karena Anda telah melakukan pemesanan Ebook Qila ","error":null,"timestamp":"2026-03-04 05:10:04"}
{"account":"Agama","to":"6281272552385","type":"text","status":"success","message":"Assalamu'alaikum Armadi\r\n\r\n \r\nAnda menerima pesan ini karena Anda telah order eBook DaQo & Ebook Ihf","error":null,"timestamp":"2026-03-04 07:30:07"}
{"account":"Agama","to":"6282260776884","type":"text","status":"success","message":"*Ahlan wa sahlan kak Dewisartika Din*\r\nTerima kasih sudah melakukan pemesanan eBook DaQo\u263a\ufe0f\r\n\r\nBe","error":null,"timestamp":"2026-03-04 19:45:28"}
{"account":"Agama","to":"6283137444536","type":"text","status":"success","message":"*Ahlan wa sahlan kak Alya Hanifa*\r\nTerima kasih sudah memesan *ebook Qila*\u263a\ufe0f\r\n\r\nBerikut data and","error":null,"timestamp":"2026-03-04 20:01:18"}
{"account":"Agama","to":"6281574593698","type":"text","status":"success","message":"*Ahlan wa sahlan kak Yuniar*\r\nTerima kasih sudah melakukan pemesanan eBook DaQo\u263a\ufe0f\r\n\r\nBerikut dat","error":null,"timestamp":"2026-03-04 20:52:49"}
{"account":"Agama","to":"628112221266","type":"text","status":"success","message":"*Ahlan wa sahlan kak Wahyu Kusbiyantoro*\r\nTerima kasih sudah melakukan pemesanan eBook DaQo\u263a\ufe0f\r\n\r","error":null,"timestamp":"2026-03-04 20:54:03"}
{"account":"Agama","to":"628118883407","type":"text","status":"success","message":"*Ahlan wa sahlan kak Tio*\r\nTerima kasih sudah melakukan pemesanan eBook DaQo\u263a\ufe0f\r\n\r\nBerikut data a","error":null,"timestamp":"2026-03-04 20:54:59"}
{"account":"Agama","to":"628112221266","type":"text","status":"success","message":"Terima kasih kak Wahyu Kusbiyantoro sudah order eBook DaQo \ud83d\ude0a\r\n\r\nUntuk akses ebook dan bonusnya bi","error":null,"timestamp":"2026-03-04 21:00:52"}
{"account":"Agama","to":"628118883407","type":"text","status":"success","message":"Terima kasih kak Tio sudah order eBook DaQo \ud83d\ude0a\r\n\r\nUntuk akses ebook dan bonusnya bisa klik link di","error":null,"timestamp":"2026-03-04 21:01:58"}
{"account":"Agama","to":"6283137444536","type":"text","status":"success","message":"Terima kasih kak Alya Hanifa sudah order Ebook Qila \ud83d\ude0a\r\n\r\nUntuk akses ebook dan bonusnya bisa klik","error":null,"timestamp":"2026-03-04 21:02:33"}
{"account":"Agama","to":"6285725800037","type":"text","status":"success","message":"*Ahlan wa sahlan kak Munawar \/ pak Rawan*\r\nTerima kasih sudah melakukan pemesanan eBook DaQo\u263a\ufe0f\r\n","error":null,"timestamp":"2026-03-04 21:39:03"}
{"account":"Agama","to":"6285215570320","type":"text","status":"success","message":"Terima kasih kak Dewi Rahaju sudah order Ebook Asit \ud83d\ude0a\r\n\r\nUntuk akses ebook dan bonusnya bisa klik","error":null,"timestamp":"2026-03-04 21:54:52"}
{"account":"Agama","to":"6287830194078","type":"text","status":"success","message":"*Ahlan wa sahlan kak Ismail*\r\nTerima kasih sudah melakukan pemesanan eBook DaQo\u263a\ufe0f\r\n\r\nBerikut dat","error":null,"timestamp":"2026-03-04 22:40:09"}
{"account":"Agama","to":"6285381629767","type":"text","status":"success","message":"*Ahlan wa sahlan kak Meri astuti*\r\nTerima kasih sudah melakukan pemesanan eBook DaQo\u263a\ufe0f\r\n\r\nBeriku","error":null,"timestamp":"2026-03-04 22:55:14"}
{"account":"Agama","to":"6281229788855","type":"text","status":"success","message":"Assalamu'alaikum Heti\r\n\r\n\r\n\r\nAnda menerima pesan ini karena Anda telah melakukan order Ebook Qila ta","error":null,"timestamp":"2026-03-05 05:15:04"}
{"account":"Agama","to":"6287772316297","type":"text","status":"success","message":"*Ahlan wa sahlan kak Tri Subekti*\r\nTerima kasih sudah melakukan pemesanan eBook DaQo\u263a\ufe0f\r\n\r\nBeriku","error":null,"timestamp":"2026-03-05 05:32:58"}
{"account":"Agama","to":"6287772316297","type":"text","status":"success","message":"Terima kasih kak Tri Subekti sudah order eBook DaQo \ud83d\ude0a\r\n\r\nUntuk akses ebook dan bonusnya bisa klik","error":null,"timestamp":"2026-03-05 05:43:59"}
{"account":"Agama","to":"6287772316297","type":"text","status":"success","message":"Terima kasih kak Tri Subekti sudah order Ebook Qila \ud83d\ude0a\r\n\r\nUntuk akses ebook dan bonusnya bisa klik","error":null,"timestamp":"2026-03-05 05:44:00"}
{"account":"Agama","to":"62811644884","type":"text","status":"success","message":"*Ahlan wa sahlan kak Eko Hendarto*\r\nTerima kasih sudah melakukan pemesanan eBook DaQo\u263a\ufe0f\r\n\r\nBerik","error":null,"timestamp":"2026-03-05 05:57:08"}
{"account":"Agama","to":"6281227628812","type":"text","status":"success","message":"*Ahlan wa sahlan kak Yusran*\r\nTerima kasih sudah melakukan pemesanan eBook DaQo\u263a\ufe0f\r\n\r\nBerikut dat","error":null,"timestamp":"2026-03-05 06:16:28"}
{"account":"Agama","to":"6287786191000","type":"text","status":"success","message":"*Ahlan wa sahlan kak Adang Dradjatika*\r\nTerima kasih sudah melakukan pemesanan eBook DaQo\u263a\ufe0f\r\n\r\nB","error":null,"timestamp":"2026-03-05 07:25:31"}
{"account":"Agama","to":"6281272552385","type":"text","status":"success","message":"Assalamualaikum Armadi,\r\n\r\nSaya mau mengingatkan Anda bahwa Anda memiliki pesanan yang belum dibayar","error":null,"timestamp":"2026-03-05 07:35:04"}
{"account":"Agama","to":"6281523739712","type":"text","status":"success","message":"*Ahlan wa sahlan kak Aji kisowo*\r\nTerima kasih sudah melakukan pemesanan eBook DaQo\u263a\ufe0f\r\n\r\nBerikut","error":null,"timestamp":"2026-03-05 07:40:02"}
{"account":"Agama","to":"6281523739712","type":"text","status":"success","message":"Terima kasih kak Aji kisowo sudah order eBook DaQo \ud83d\ude0a\r\n\r\nUntuk akses ebook dan bonusnya bisa klik ","error":null,"timestamp":"2026-03-05 08:00:01"}
{"account":"Agama","to":"6287786191000","type":"text","status":"success","message":"Terima kasih kak Adang Dradjatika sudah order eBook DaQo \ud83d\ude0a\r\n\r\nUntuk akses ebook dan bonusnya bisa","error":null,"timestamp":"2026-03-05 08:00:23"}
{"account":"Agama","to":"6287786191000","type":"text","status":"success","message":"Terima kasih kak Adang Dradjatika sudah order Ebook Qila \ud83d\ude0a\r\n\r\nUntuk akses ebook dan bonusnya bisa","error":null,"timestamp":"2026-03-05 08:00:24"}
{"account":"Agama","to":"62811644884","type":"text","status":"success","message":"Terima kasih kak Eko Hendarto sudah order eBook DaQo \ud83d\ude0a\r\n\r\nUntuk akses ebook dan bonusnya bisa kli","error":null,"timestamp":"2026-03-05 08:00:52"}
{"account":"Agama","to":"62811644884","type":"text","status":"success","message":"Terima kasih kak Eko Hendarto sudah order Ebook Qila \ud83d\ude0a\r\n\r\nUntuk akses ebook dan bonusnya bisa kli","error":null,"timestamp":"2026-03-05 08:00:52"}
{"account":"Agama","to":"6281227628812","type":"text","status":"success","message":"Terima kasih kak Yusran sudah order eBook DaQo \ud83d\ude0a\r\n\r\nUntuk akses ebook dan bonusnya bisa klik link","error":null,"timestamp":"2026-03-05 08:01:12"}
{"account":"Agama","to":"6285691051909","type":"text","status":"success","message":"*Ahlan wa sahlan kak Siti Zakiah*\r\nTerima kasih sudah melakukan pemesanan eBook DaQo\u263a\ufe0f\r\n\r\nBeriku","error":null,"timestamp":"2026-03-05 08:19:33"}
{"account":"Agama","to":"6285691051909","type":"text","status":"success","message":"Terima kasih kak Siti Zakiah sudah order eBook DaQo \ud83d\ude0a\r\n\r\nUntuk akses ebook dan bonusnya bisa klik","error":null,"timestamp":"2026-03-05 08:23:32"}
{"account":"Agama","to":"6287786191000","type":"text","status":"success","message":"*Ahlan wa sahlan kak Adang Dradjatika*\r\nTerima kasih sudah memesan aplikasi *Barakah Life*\u263a\ufe0f\r\n\r\n","error":null,"timestamp":"2026-03-05 08:40:58"}
{"account":"Agama","to":"6285233744594","type":"text","status":"success","message":"*Ahlan wa sahlan kak sriyono Ibrahiem*\r\nTerima kasih sudah melakukan pemesanan eBook DaQo\u263a\ufe0f\r\n\r\nB","error":null,"timestamp":"2026-03-05 10:03:56"}
{"account":"Agama","to":"6285233744594","type":"text","status":"success","message":"Terima kasih kak sriyono Ibrahiem sudah order eBook DaQo \ud83d\ude0a\r\n\r\nUntuk akses ebook dan bonusnya bisa","error":null,"timestamp":"2026-03-05 10:07:39"}
{"account":"Agama","to":"6285233744594","type":"text","status":"success","message":"Terima kasih kak sriyono Ibrahiem sudah order Ebook Qila \ud83d\ude0a\r\n\r\nUntuk akses ebook dan bonusnya bisa","error":null,"timestamp":"2026-03-05 10:07:40"}
{"account":"Agama","to":"6282150874202","type":"text","status":"success","message":"*Ahlan wa sahlan kak Zenia*\r\nTerima kasih sudah melakukan pemesanan eBook DaQo\u263a\ufe0f\r\n\r\nBerikut data","error":null,"timestamp":"2026-03-05 11:13:45"}
{"account":"Agama","to":"62811591075","type":"text","status":"success","message":"*Ahlan wa sahlan kak J. Rajid*\r\nTerima kasih sudah melakukan pemesanan eBook DaQo\u263a\ufe0f\r\n\r\nBerikut d","error":null,"timestamp":"2026-03-05 12:01:23"}
{"account":"Agama","to":"62811591075","type":"text","status":"success","message":"Terima kasih kak J. Rajid sudah order eBook DaQo \ud83d\ude0a\r\n\r\nUntuk akses ebook dan bonusnya bisa klik li","error":null,"timestamp":"2026-03-05 12:05:21"}
{"account":"Agama","to":"62811591075","type":"text","status":"success","message":"Terima kasih kak J. Rajid sudah order Ebook Qila \ud83d\ude0a\r\n\r\nUntuk akses ebook dan bonusnya bisa klik li","error":null,"timestamp":"2026-03-05 12:05:22"}
{"account":"Agama","to":"6282260776884","type":"text","status":"success","message":"Assalamu'alaikum *Dewisartika Din*\r\n\r\nAnda menerima pesan ini karena Anda telah melakukan pemesanan ","error":null,"timestamp":"2026-03-05 19:50:04"}
{"account":"Agama","to":"6281574593698","type":"text","status":"success","message":"Assalamu'alaikum *Yuniar*\r\n\r\nAnda menerima pesan ini karena Anda telah melakukan pemesanan eBook DaQ","error":null,"timestamp":"2026-03-05 20:55:03"}
{"account":"Agama","to":"6285725800037","type":"text","status":"success","message":"Assalamu'alaikum *Munawar \/ pak Rawan*\r\n\r\nAnda menerima pesan ini karena Anda telah melakukan pemesa","error":null,"timestamp":"2026-03-05 21:40:04"}
{"account":"Agama","to":"6285381629767","type":"text","status":"success","message":"Assalamu'alaikum *Meri astuti*\r\n\r\nAnda menerima pesan ini karena Anda telah melakukan pemesanan eBoo","error":null,"timestamp":"2026-03-05 23:00:10"}
{"account":"Agama","to":"6281310241533","type":"text","status":"success","message":"*Ahlan wa sahlan kak Fitria Febriyanti*\r\nTerima kasih sudah memesan *ebook Qila*\u263a\ufe0f\r\n\r\nBerikut da","error":null,"timestamp":"2026-03-06 02:59:02"}
{"account":"Agama","to":"6281229788855","type":"text","status":"success","message":"Assalamu'alaikum Heti\r\n\r\n \r\nAnda menerima pesan ini karena Anda telah order Ebook Qila tapi status p","error":null,"timestamp":"2026-03-06 05:15:04"}
{"account":"Agama","to":"6285342882128","type":"text","status":"success","message":"*Ahlan wa sahlan kak Mansur ul Hab*\r\nTerima kasih sudah memesan *ebook Qila*\u263a\ufe0f\r\n\r\nBerikut data a","error":null,"timestamp":"2026-03-06 05:21:26"}
{"account":"Agama","to":"6285342882128","type":"text","status":"success","message":"Terima kasih kak Mansur ul Hab sudah order Ebook Qila \ud83d\ude0a\r\n\r\nUntuk akses ebook dan bonusnya bisa kl","error":null,"timestamp":"2026-03-06 06:13:28"}
{"account":"Agama","to":"6281272552385","type":"text","status":"success","message":"Assalamualaikum Armadi\r\n\r\nMungkin anda sudah mulai risih menerima pesan reminder dari saya\r\n\r\nTapi i","error":null,"timestamp":"2026-03-06 07:40:03"}
{"account":"Agama","to":"62895401472344","type":"text","status":"success","message":"*Ahlan wa sahlan kak Hidayatshah*\r\nTerima kasih sudah memesan *ebook Qila*\u263a\ufe0f\r\n\r\nBerikut data and","error":null,"timestamp":"2026-03-06 10:05:59"}
{"account":"Agama","to":"6282150874202","type":"text","status":"success","message":"Assalamu'alaikum *Zenia*\r\n\r\nAnda menerima pesan ini karena Anda telah melakukan pemesanan eBook DaQo","error":null,"timestamp":"2026-03-06 11:15:04"}
{"account":"Agama","to":"6285725800037","type":"text","status":"success","message":"Terima kasih kak Munawar \/ pak Rawan sudah order eBook DaQo \ud83d\ude0a\r\n\r\nUntuk akses ebook dan bonusnya b","error":null,"timestamp":"2026-03-06 16:10:02"}
{"account":"Agama","to":"6282260776884","type":"text","status":"success","message":"Assalamu'alaikum Dewisartika Din\r\n\r\n\r\nAnda menerima pesan ini karena Anda telah melakukan order eBoo","error":null,"timestamp":"2026-03-06 19:55:03"}
{"account":"Agama","to":"6281574593698","type":"text","status":"success","message":"Assalamu'alaikum Yuniar\r\n\r\n\r\nAnda menerima pesan ini karena Anda telah melakukan order eBook DaQo ta","error":null,"timestamp":"2026-03-06 21:00:11"}
{"account":"Agama","to":"6281272552470","type":"text","status":"success","message":"*Ahlan wa sahlan kak Sidik Aprizar*\r\nTerima kasih sudah melakukan pemesanan Ebook Ihfadz\u263a\ufe0f\r\n\r\nBe","error":null,"timestamp":"2026-03-06 21:06:55"}
{"account":"Agama","to":"6281272552470","type":"text","status":"success","message":"Terima kasih kak Sidik Aprizar sudah order Ebook Ihfadz \ud83d\ude0a\r\n\r\nUntuk akses ebook dan bonusnya bisa ","error":null,"timestamp":"2026-03-06 21:13:53"}
{"account":"Agama","to":"6281272552470","type":"text","status":"success","message":"Terima kasih kak Sidik Aprizar sudah order eBook DaQo \ud83d\ude0a\r\n\r\nUntuk akses ebook dan bonusnya bisa kl","error":null,"timestamp":"2026-03-06 21:13:54"}
{"account":"Agama","to":"6285381629767","type":"text","status":"success","message":"Assalamu'alaikum Meri astuti\r\n\r\n\r\nAnda menerima pesan ini karena Anda telah melakukan order eBook Da","error":null,"timestamp":"2026-03-06 23:00:11"}
{"account":"Agama","to":"6281310241533","type":"text","status":"success","message":"Assalamu'alaikum *Fitria Febriyanti*\r\n\r\nAnda menerima pesan ini karena Anda telah melakukan pemesana","error":null,"timestamp":"2026-03-07 03:00:11"}
{"account":"Agama","to":"6281229788855","type":"text","status":"success","message":"Assalamualaikum kak Heti \ud83d\ude0a\r\n\r\nMohon izin mengganggu waktunya, saya cek di dashboard ternyata kaka","error":null,"timestamp":"2026-03-07 05:20:04"}

{"account":"Agama","to":"628132945166","type":"text","status":"success","message":"*Ahlan wa sahlan kak M. Ali Mashar*\r\nTerima kasih sudah melakukan pemesanan eBook DaQo\u263a\ufe0f\r\n\r\nBeri","error":null,"timestamp":"2026-03-07 07:27:01"}
{"account":"Agama","to":"6281298785555","type":"text","status":"success","message":"Terima kasih kak Tika Yuliana Ayuningsih sudah order eBook DaQo \ud83d\ude0a\r\n\r\nUntuk akses ebook dan bonusn","error":null,"timestamp":"2026-03-07 07:42:36"}
{"account":"Agama","to":"6281298785555","type":"text","status":"success","message":"Terima kasih kak Tika Yuliana Ayuningsih sudah order Ebook Qila \ud83d\ude0a\r\n\r\nUntuk akses ebook dan bonusn","error":null,"timestamp":"2026-03-07 07:42:37"}
{"account":"Agama","to":"62895401472344","type":"text","status":"success","message":"Assalamu'alaikum *Hidayatshah*\r\n\r\nAnda menerima pesan ini karena Anda telah melakukan pemesanan Eboo","error":null,"timestamp":"2026-03-07 10:10:04"}
{"account":"Agama","to":"6285780146447","type":"text","status":"success","message":"*Ahlan wa sahlan kak Fadil*\r\nTerima kasih sudah memesan *ebook Qila*\u263a\ufe0f\r\n\r\nBerikut data anda:\r\nNa","error":null,"timestamp":"2026-03-07 10:28:52"}
{"account":"Agama","to":"6282150874202","type":"text","status":"success","message":"Assalamu'alaikum Zenia\r\n\r\n\r\nAnda menerima pesan ini karena Anda telah melakukan order eBook DaQo tap","error":null,"timestamp":"2026-03-07 11:15:04"}
{"account":"Agama","to":"6287786191000","type":"text","status":"success","message":"*Ahlan wa sahlan kak Adang Dradjatika*\r\nTerima kasih sudah melakukan pemesanan Ebook Ihfadz\u263a\ufe0f\r\n\r","error":null,"timestamp":"2026-03-07 13:56:56"}
{"account":"Agama","to":"6282260776884","type":"text","status":"success","message":"Assalamu'alaikum Dewisartika Din\r\n\r\n \r\nAnda menerima pesan ini karena Anda telah order eBook DaQo ta","error":null,"timestamp":"2026-03-07 20:00:12"}
{"account":"Agama","to":"6281574593698","type":"text","status":"success","message":"Assalamu'alaikum Yuniar\r\n\r\n \r\nAnda menerima pesan ini karena Anda telah order eBook DaQo tapi status","error":null,"timestamp":"2026-03-07 21:05:04"}
{"account":"Agama","to":"6287786191000","type":"text","status":"success","message":"Terima kasih kak Adang Dradjatika sudah order Ebook Ihfadz \ud83d\ude0a\r\n\r\nUntuk akses ebook dan bonusnya bi","error":null,"timestamp":"2026-03-07 22:58:43"}
{"account":"Agama","to":"6287786191000","type":"text","status":"success","message":"Terima kasih kak Adang Dradjatika sudah order eBook DaQo \ud83d\ude0a\r\n\r\nUntuk akses ebook dan bonusnya bisa","error":null,"timestamp":"2026-03-07 22:58:44"}
{"account":"Agama","to":"6285381629767","type":"text","status":"success","message":"Assalamu'alaikum Meri astuti\r\n\r\n \r\nAnda menerima pesan ini karena Anda telah order eBook DaQo & Eboo","error":null,"timestamp":"2026-03-07 23:05:03"}
{"account":"Agama","to":"6281310241533","type":"text","status":"success","message":"Assalamu'alaikum Fitria Febriyanti\r\n\r\n\r\n\r\nAnda menerima pesan ini karena Anda telah melakukan order ","error":null,"timestamp":"2026-03-08 03:05:03"}
{"account":"Agama","to":"628132945166","type":"text","status":"success","message":"Assalamu'alaikum *M. Ali Mashar*\r\n\r\nAnda menerima pesan ini karena Anda telah melakukan pemesanan eB","error":null,"timestamp":"2026-03-08 07:30:08"}
{"account":"Agama","to":"62895401472344","type":"text","status":"success","message":"Assalamu'alaikum Hidayatshah\r\n\r\n\r\n\r\nAnda menerima pesan ini karena Anda telah melakukan order Ebook ","error":null,"timestamp":"2026-03-08 10:15:06"}
{"account":"Agama","to":"6282150874202","type":"text","status":"success","message":"Assalamu'alaikum Zenia\r\n\r\n \r\nAnda menerima pesan ini karena Anda telah order eBook DaQo tapi status ","error":null,"timestamp":"2026-03-08 11:15:05"}
{"account":"Agama","to":"6281310241533","type":"text","status":"success","message":"Assalamu'alaikum Fitria Febriyanti\r\n\r\n \r\nAnda menerima pesan ini karena Anda telah order Ebook Qila ","error":null,"timestamp":"2026-03-09 03:10:04"}
{"account":"Agama","to":"628132945166","type":"text","status":"success","message":"Assalamu'alaikum M. Ali Mashar\r\n\r\n\r\nAnda menerima pesan ini karena Anda telah melakukan order eBook ","error":null,"timestamp":"2026-03-09 07:35:03"}
{"account":"Agama","to":"62895401472344","type":"text","status":"success","message":"Assalamu'alaikum Hidayatshah\r\n\r\n \r\nAnda menerima pesan ini karena Anda telah order Ebook Qila tapi s","error":null,"timestamp":"2026-03-09 10:20:04"}
{"account":"Agama","to":"6281310241533","type":"text","status":"success","message":"Assalamualaikum kak Fitria Febriyanti \ud83d\ude0a\r\n\r\nMohon izin mengganggu waktunya, saya cek di dashboard ","error":null,"timestamp":"2026-03-10 03:10:04"}
{"account":"Agama","to":"6285185629155","type":"text","status":"success","message":"*Ahlan wa sahlan kak tatik poespo*\r\nTerima kasih sudah melakukan pemesanan Ebook Ihfadz\u263a\ufe0f\r\n\r\nBer","error":null,"timestamp":"2026-03-10 06:48:34"}
{"account":"Agama","to":"6285185629155","type":"text","status":"success","message":"Terima kasih kak tatik poespo sudah order Ebook Ihfadz \ud83d\ude0a\r\n\r\nUntuk akses ebook dan bonusnya bisa k","error":null,"timestamp":"2026-03-10 07:07:33"}
{"account":"Agama","to":"628132945166","type":"text","status":"success","message":"Assalamu'alaikum M. Ali Mashar\r\n\r\n \r\nAnda menerima pesan ini karena Anda telah order eBook DaQo tapi","error":null,"timestamp":"2026-03-10 07:40:04"}
{"account":"Agama","to":"62811591075","type":"text","status":"success","message":"*Ahlan wa sahlan kak J. Rajid*\r\nTerima kasih sudah melakukan pemesanan Ebook Ihfadz\u263a\ufe0f\r\n\r\nBerikut","error":null,"timestamp":"2026-03-10 13:18:04"}
{"account":"Agama","to":"62811591075","type":"text","status":"success","message":"Terima kasih kak J. Rajid sudah order Ebook Ihfadz \ud83d\ude0a\r\n\r\nUntuk akses ebook dan bonusnya bisa klik ","error":null,"timestamp":"2026-03-10 17:55:39"}
{"account":"Agama","to":"62811591075","type":"text","status":"success","message":"Terima kasih kak J. Rajid sudah order eBook DaQo \ud83d\ude0a\r\n\r\nUntuk akses ebook dan bonusnya bisa klik li","error":null,"timestamp":"2026-03-10 17:55:40"}
{"account":"Agama","to":"6282256184147","type":"text","status":"success","message":"*Ahlan wa sahlan kak Fadil bustami harahap*\r\nTerima kasih sudah memesan *ebook Qila*\u263a\ufe0f\r\n\r\nBeriku","error":null,"timestamp":"2026-03-12 02:12:20"}
{"account":"Agama","to":"6282256184147","type":"text","status":"success","message":"*Ahlan wa sahlan kak Fadil bustami harahap*\r\nTerima kasih sudah memesan *ebook Qila*\u263a\ufe0f\r\n\r\nBeriku","error":null,"timestamp":"2026-03-12 02:14:54"}
{"account":"Agama","to":"6282256184147","type":"text","status":"success","message":"Terima kasih kak Fadil bustami harahap sudah order Ebook Qila \ud83d\ude0a\r\n\r\nUntuk akses ebook dan bonusnya","error":null,"timestamp":"2026-03-12 04:27:48"}
{"account":"Agama","to":"6282256184147","type":"text","status":"success","message":"Terima kasih kak Fadil bustami harahap sudah order eBook DaQo \ud83d\ude0a\r\n\r\nUntuk akses ebook dan bonusnya","error":null,"timestamp":"2026-03-12 04:27:49"}
{"account":"Agama","to":"6282256184147","type":"text","status":"success","message":"Terima kasih kak Fadil bustami harahap sudah order Ebook Ihfadz \ud83d\ude0a\r\n\r\nUntuk akses ebook dan bonusn","error":null,"timestamp":"2026-03-12 04:27:50"}
{"account":"Agama","to":"6287860413176","type":"text","status":"success","message":"*Ahlan wa sahlan kak Hariani*\r\nTerima kasih sudah berminat ikut program Tahsin *TOB*\u263a\ufe0f\r\n\r\nBeriku","error":null,"timestamp":"2026-03-16 07:33:44"}
{"account":"Agama","to":"6285640538971","type":"text","status":"success","message":"Terima kasih kak Titik Anggraeni sudah order Barakah Life \ud83d\ude0a\r\n\r\nUntuk sekarang bisa masuk ke grup ","error":null,"timestamp":"2026-03-16 08:06:37"}
{"account":"Agama","to":"6287860413176","type":"text","status":"success","message":"Terima kasih kak Hariani sudah melakukan pembayaran program TOB\u263a\ufe0f\r\n\r\nUntuk selanjutnya, silakan ","error":null,"timestamp":"2026-03-16 08:07:04"}
