{"account":"Agama","to":"6285780146447","type":"text","status":"failed","message":"Terima kasih kak [nama] sudah melakukan pembayaran \u263a\ufe0f\r\n\r\nUntuk selanjutnya, silakan isi form dib","error":"cURL Error: error setting certificate verify locations:  CAfile: C:\\laragon\\bin\\php\\php-8.3.19-Win32-vs16-x64\\cacert.pem CApath: none","timestamp":"2025-06-08 10:06:07"}
{"account":"Agama","to":"6285780146447","type":"text","status":"failed","message":"Terima kasih kak [nama] sudah melakukan pembayaran \u263a\ufe0f\r\n\r\nUntuk selanjutnya, silakan isi form dib","error":"HTTP Error: 405","timestamp":"2025-06-08 10:10:33"}
{"account":"Agama","to":"6285780146447","type":"text","status":"failed","message":"Terima kasih kak [nama] sudah melakukan pembayaran \u263a\ufe0f\r\n\r\nUntuk selanjutnya, silakan isi form dib","error":"HTTP Error: 405","timestamp":"2025-06-08 10:12:40"}
{"account":"Agama","to":"6285780146447","type":"text","status":"success","message":"Terima kasih kak Fadil sudah melakukan pembelian Ebook Qila\u263a\ufe0f\r\n\r\n\r\nSelamat, pesanan Anda sudah d","error":null,"timestamp":"2025-06-08 11:17:32"}
{"account":"Bisnis","to":"6281234567890","type":"text","status":"failed","message":"Test message dari CRM OneSender - 08\/06\/2025 11:34:23","error":"HTTP Error: 502","timestamp":"2025-06-08 11:34:27"}
{"account":"Bisnis","to":"6285780146447","type":"text","status":"success","message":"Test message dari CRM OneSender - 08\/06\/2025 11:34:23","error":null,"timestamp":"2025-06-08 11:34:43"}
{"account":"Agama","to":"6285780146447","type":"text","status":"success","message":"Terima kasih atas pembelian Anda. Berikut adalah link untuk mengakses produk digital:","error":null,"timestamp":"2025-06-08 21:19:06"}
{"account":"Agama","to":"62811169157","type":"text","status":"success","message":"Terima kasih kak Ita Asmar sudah melakukan pembayaran program QurMa Ajwa \u263a\ufe0f\r\n\r\nUntuk selanjutnya","error":null,"timestamp":"2025-06-08 22:06:09"}
{"account":"Agama","to":"6285780146447","type":"text","status":"success","message":"ini FU1","error":null,"timestamp":"2025-06-09 10:04:01"}
{"account":"Agama","to":"6285780146447","type":"text","status":"success","message":"Terima kasih atas pembelian Anda. Berikut adalah link untuk mengakses produk digital:","error":null,"timestamp":"2025-06-09 10:30:33"}
{"account":"Bisnis","to":"6285780146447","type":"text","status":"success","message":"Terima kasih kak Fadil sudah melakukan pembelian Template Follow Up\u263a\ufe0f\r\n\r\nSelamat, pesanan Anda s","error":null,"timestamp":"2025-06-09 10:30:34"}
{"account":"Agama","to":"6285780146447","type":"text","status":"success","message":"Terima kasih kak Fadil sudah melakukan pembayaran \u263a\ufe0f\r\n\r\nUntuk selanjutnya, silakan isi form diba","error":null,"timestamp":"2025-06-09 10:30:35"}
{"account":"Agama","to":"6285780146447","type":"text","status":"success","message":"Ini fu 2 Fadil\r\n\r\nIni fu 2 Testing\r\n\r\nIni fu 2 Rp 10.000","error":null,"timestamp":"2025-06-09 11:22:53"}
{"account":"Agama","to":"6285768513747","type":"text","status":"success","message":"Baik kak Maria Yusnita, terima kasih atas pembayarannya \u263a\ufe0f\r\n\r\nSelanjutnya bersama pengajarnya ya","error":null,"timestamp":"2025-06-09 20:25:01"}
{"account":"default","to":"6285780146447","type":"text","status":"success","message":"*Ahlan wa sahlan kak Fadil*\r\nTerima kasih sudah memesan *ebook Ihfadz*\u263a\ufe0f\r\n\r\nBerikut data anda:\r\n","error":null,"timestamp":"2025-06-10 09:50:06"}
{"account":"Agama","to":"628153907322","type":"text","status":"success","message":"Baik kak Meili, terima kasih atas pembayarannya \u263a\ufe0f\r\n\r\nSelanjutnya bersama pengajarnya ya","error":null,"timestamp":"2025-06-10 09:52:53"}
{"account":"default","to":"6285780146447","type":"text","status":"success","message":"*Ahlan wa sahlan kak Fadil*\r\nTerima kasih sudah memesan *ebook Ihfadz*\u263a\ufe0f\r\n\r\nBerikut data anda:\r\n","error":null,"timestamp":"2025-06-10 10:10:28"}
{"account":"default","to":"6285780146447","type":"text","status":"success","message":"*Ahlan wa sahlan kak Fadil*\r\nTerima kasih sudah memesan *ebook Ihfadz*\u263a\ufe0f\r\n\r\nBerikut data anda:\r\n","error":null,"timestamp":"2025-06-10 10:12:20"}
{"account":"default","to":"6285780146447","type":"text","status":"success","message":"*Ahlan wa sahlan kak Fadil*\r\nTerima kasih sudah memesan *ebook Ihfadz*\u263a\ufe0f\r\n\r\nBerikut data anda:\r\n","error":null,"timestamp":"2025-06-10 10:15:50"}
{"account":"default","to":"6285780146447","type":"text","status":"success","message":"*Ahlan wa sahlan kak Fadil*\r\nTerima kasih sudah memesan *ebook Ihfadz*\u263a\ufe0f\r\n\r\nBerikut data anda:\r\n","error":null,"timestamp":"2025-06-10 10:16:17"}
{"account":"default","to":"6285780146447","type":"text","status":"success","message":"*Ahlan wa sahlan kak Fadil*\r\nTerima kasih sudah memesan *ebook Ihfadz*\u263a\ufe0f\r\n\r\nBerikut data anda:\r\n","error":null,"timestamp":"2025-06-10 10:20:50"}
{"account":"default","to":"6285780146447","type":"text","status":"success","message":"*Ahlan wa sahlan kak Fadil*\r\nTerima kasih sudah memesan *ebook Ihfadz*\u263a\ufe0f\r\n\r\nBerikut data anda:\r\n","error":null,"timestamp":"2025-06-10 10:30:08"}
{"account":"default","to":"6285780146447","type":"text","status":"success","message":"*Ahlan wa sahlan kak Fadil*\r\nTerima kasih sudah memesan *ebook Ihfadz*\u263a\ufe0f\r\n\r\nBerikut data anda:\r\n","error":null,"timestamp":"2025-06-10 10:30:27"}
{"account":"default","to":"6285780146447","type":"text","status":"success","message":"*Ahlan wa sahlan kak Fadil*\r\nTerima kasih sudah memesan *ebook Ihfadz*\u263a\ufe0f\r\n\r\nBerikut data anda:\r\n","error":null,"timestamp":"2025-06-10 10:31:14"}
{"account":"default","to":"6285780146447","type":"text","status":"success","message":"*Ahlan wa sahlan kak Fadil*\r\nTerima kasih sudah memesan *ebook Ihfadz*\u263a\ufe0f\r\n\r\nBerikut data anda:\r\n","error":null,"timestamp":"2025-06-10 10:35:38"}
{"account":"default","to":"6285780146447","type":"text","status":"success","message":"*Ahlan wa sahlan kak Fadil*\r\nTerima kasih sudah memesan *ebook Ihfadz*\u263a\ufe0f\r\n\r\nBerikut data anda:\r\n","error":null,"timestamp":"2025-06-10 11:54:48"}
{"account":"Agama","to":"6285780146447","type":"text","status":"success","message":"apalah Fadil\r\n\r\nTesting & Ebook Ihfadz\r\n\r\nRp 27.000","error":null,"timestamp":"2025-06-10 13:21:59"}
{"account":"Agama","to":"628122541770","type":"text","status":"success","message":"Terima kasih kak Dwi Suhartono sudah melakukan pembelian ebook Qila\u263a\ufe0f\r\n\r\n\r\nSelamat, pesanan Anda","error":null,"timestamp":"2025-06-10 16:08:37"}
{"account":"default","to":"62811685733","type":"text","status":"success","message":"*Ahlan wa sahlan kak Amir Faisal*\r\nTerima kasih sudah memesan *ebook Qila*\u263a\ufe0f\r\n\r\nBerikut data and","error":null,"timestamp":"2025-06-10 16:39:05"}
{"account":"Agama","to":"62811685733","type":"text","status":"success","message":"Terima kasih kak Amir Faisal sudah melakukan pembelian ebook Qila\u263a\ufe0f\r\n\r\n\r\nSelamat, pesanan Anda s","error":null,"timestamp":"2025-06-10 17:12:56"}
{"account":"Agama","to":"6285780146447","type":"text","status":"success","message":"apalah Fadil\r\n\r\nEbook Ihfadz & Testing\r\n\r\n[total_harga]","error":null,"timestamp":"2025-06-11 09:06:15"}
{"account":"Agama","to":"6285780146447","type":"text","status":"success","message":"Hai Fadil\r\n\r\nEbook Ihfadz & Testing\r\nRp 27.000","error":null,"timestamp":"2025-06-11 11:01:17"}
{"account":"default","to":"62818597125","type":"text","status":"success","message":"*Ahlan wa sahlan kak Satrio Budihardjo*\r\nTerima kasih sudah memesan *ebook Qila*\u263a\ufe0f\r\n\r\nBerikut da","error":null,"timestamp":"2025-06-12 09:17:08"}
{"account":"Agama","to":"6285780146447","type":"text","status":"success","message":"Hai Fadil\r\n\r\nEbook Ihfadz & Testing\r\nRp 27.000","error":null,"timestamp":"2025-06-12 10:33:51"}
{"account":"Agama","to":"6285780146447","type":"image","status":"success","message":"sama ini yang keuda Ebook Ihfadz & Testing Rp 27.000","error":null,"timestamp":"2025-06-12 10:33:54"}
{"account":"Agama","to":"6285780146447","type":"text","status":"success","message":"Hai, coba pesn 3","error":null,"timestamp":"2025-06-12 13:01:31"}
{"account":"Agama","to":"6285780146447","type":"text","status":"success","message":"Hai Fadil\r\n\r\nEbook Ihfadz & Testing\r\nRp 27.000","error":null,"timestamp":"2025-06-12 19:48:27"}
{"account":"Agama","to":"6285780146447","type":"image","status":"success","message":"sama ini yang keuda Ebook Ihfadz & Testing Rp 27.000","error":null,"timestamp":"2025-06-12 19:48:30"}
{"account":"Agama","to":"6285780146447","type":"text","status":"success","message":"Hai, coba pesn 3","error":null,"timestamp":"2025-06-12 19:48:31"}
{"account":"Agama","to":"6285780146447","type":"text","status":"success","message":"Hai Fadil\r\n\r\nEbook Ihfadz & Testing\r\nRp 27.000","error":null,"timestamp":"2025-06-12 21:25:02"}
{"account":"Agama","to":"6285780146447","type":"image","status":"success","message":"sama ini yang keuda Ebook Ihfadz & Testing Rp 27.000","error":null,"timestamp":"2025-06-12 22:25:04"}
{"account":"Agama","to":"6285780146447","type":"text","status":"success","message":"Hai, coba pesn 3","error":null,"timestamp":"2025-06-12 23:30:02"}
{"account":"Agama","to":"6282139648175","type":"text","status":"success","message":"Assalamu'alaikum *Irawati*\r\n\r\nAnda menerima pesan ini karena Anda telah melakukan pemesanan Ebook Ih","error":null,"timestamp":"2025-06-13 09:05:02"}
{"account":"Agama","to":"62818597125","type":"text","status":"success","message":"Assalamu'alaikum *Satrio Budihardjo*\r\n\r\nAnda menerima pesan ini karena Anda telah melakukan pemesana","error":null,"timestamp":"2025-06-13 09:05:03"}
{"account":"Agama","to":"6281389447984","type":"text","status":"success","message":"Assalamu'alaikum *Soleh*\r\n\r\nAnda menerima pesan ini karena Anda telah melakukan pemesanan Ebook Ihfa","error":null,"timestamp":"2025-06-13 09:05:04"}
{"account":"Agama","to":"628122070725","type":"text","status":"success","message":"Assalamu'alaikum *Anne Nuraini*\r\n\r\nAnda menerima pesan ini karena Anda telah melakukan pemesanan Ebo","error":null,"timestamp":"2025-06-13 09:05:05"}
{"account":"Agama","to":"6281316280335","type":"text","status":"success","message":"Assalamu'alaikum *Soegeng*\r\n\r\nAnda menerima pesan ini karena Anda telah melakukan pemesanan Ebook Ih","error":null,"timestamp":"2025-06-13 09:05:06"}
{"account":"Agama","to":"6281245110993","type":"text","status":"success","message":"Assalamu'alaikum *Muhammad Syukri Mahmud*\r\n\r\nAnda menerima pesan ini karena Anda telah melakukan pem","error":null,"timestamp":"2025-06-13 09:05:07"}
{"account":"Agama","to":"62818597125","type":"text","status":"success","message":"Assalamu'alaikum *Satrio Budihardjo*\r\n\r\nAnda menerima pesan ini karena Anda telah melakukan pemesana","error":null,"timestamp":"2025-06-13 09:05:08"}
{"account":"Agama","to":"62818597125","type":"text","status":"success","message":"Assalamu'alaikum *Satrio Budihardjo*\r\n\r\nAnda menerima pesan ini karena Anda telah melakukan pemesana","error":null,"timestamp":"2025-06-13 09:05:09"}
{"account":"Agama","to":"6281270842958","type":"text","status":"success","message":"Assalamu'alaikum *Jarmilus sidi malin*\r\n\r\nAnda menerima pesan ini karena Anda telah melakukan pemesa","error":null,"timestamp":"2025-06-13 09:05:10"}
{"account":"Agama","to":"6281324189634","type":"text","status":"success","message":"Assalamu'alaikum *Luthfi Dita Mulyono*\r\n\r\nAnda menerima pesan ini karena Anda telah melakukan pemesa","error":null,"timestamp":"2025-06-13 09:05:11"}
{"account":"Agama","to":"6281216106750","type":"text","status":"success","message":"Assalamu'alaikum *M,Syaghir*\r\n\r\nAnda menerima pesan ini karena Anda telah melakukan pemesanan Ebook ","error":null,"timestamp":"2025-06-13 09:05:13"}
{"account":"Agama","to":"6282139648175","type":"text","status":"success","message":"Assalamu'alaikum Irawati\r\n\r\n \r\nAnda menerima pesan ini karena Anda telah order ebook Ihfadz tapi sta","error":null,"timestamp":"2025-06-13 09:10:02"}
{"account":"Agama","to":"62818597125","type":"text","status":"success","message":"Assalamu'alaikum Satrio Budihardjo\r\n\r\n \r\nAnda menerima pesan ini karena Anda telah order ebook Ihfad","error":null,"timestamp":"2025-06-13 09:10:03"}
{"account":"Agama","to":"6281389447984","type":"text","status":"success","message":"Assalamu'alaikum Soleh\r\n\r\n \r\nAnda menerima pesan ini karena Anda telah order ebook Ihfadz tapi statu","error":null,"timestamp":"2025-06-13 09:10:06"}
{"account":"Agama","to":"628122070725","type":"text","status":"success","message":"Assalamu'alaikum Anne Nuraini\r\n\r\n \r\nAnda menerima pesan ini karena Anda telah order ebook Ihfadz tap","error":null,"timestamp":"2025-06-13 09:10:07"}
{"account":"Agama","to":"6281316280335","type":"text","status":"success","message":"Assalamu'alaikum Soegeng\r\n\r\n \r\nAnda menerima pesan ini karena Anda telah order ebook Ihfadz tapi sta","error":null,"timestamp":"2025-06-13 09:10:08"}
{"account":"Agama","to":"6281245110993","type":"text","status":"success","message":"Assalamu'alaikum Muhammad Syukri Mahmud\r\n\r\n \r\nAnda menerima pesan ini karena Anda telah order ebook ","error":null,"timestamp":"2025-06-13 09:10:10"}
{"account":"Agama","to":"62818597125","type":"text","status":"success","message":"Assalamu'alaikum Satrio Budihardjo\r\n\r\n \r\nAnda menerima pesan ini karena Anda telah order ebook Ihfad","error":null,"timestamp":"2025-06-13 09:10:11"}
{"account":"Agama","to":"62818597125","type":"text","status":"success","message":"Assalamu'alaikum Satrio Budihardjo\r\n\r\n \r\nAnda menerima pesan ini karena Anda telah order ebook Ihfad","error":null,"timestamp":"2025-06-13 09:10:12"}
{"account":"Agama","to":"6281270842958","type":"text","status":"success","message":"Assalamu'alaikum Jarmilus sidi malin\r\n\r\n \r\nAnda menerima pesan ini karena Anda telah order ebook Ihf","error":null,"timestamp":"2025-06-13 09:10:13"}
{"account":"Agama","to":"6281324189634","type":"text","status":"success","message":"Assalamu'alaikum Luthfi Dita Mulyono\r\n\r\n \r\nAnda menerima pesan ini karena Anda telah order ebook Ihf","error":null,"timestamp":"2025-06-13 09:10:14"}
{"account":"Agama","to":"6281216106750","type":"text","status":"success","message":"Assalamu'alaikum M,Syaghir\r\n\r\n \r\nAnda menerima pesan ini karena Anda telah order ebook Ihfadz tapi s","error":null,"timestamp":"2025-06-13 09:10:15"}
{"account":"Agama","to":"6281389447984","type":"text","status":"success","message":"Terima kasih kak Soleh sudah melakukan pembelian ebook Ihfadz\u263a\ufe0f\r\n\r\nSelamat, pesanan Anda sudah d","error":null,"timestamp":"2025-06-13 09:14:22"}
{"account":"Agama","to":"6282139648175","type":"text","status":"success","message":"Assalamualaikum Irawati\r\n\r\nMungkin anda sudah mulai risih menerima pesan reminder dari saya\r\n\r\nTapi ","error":null,"timestamp":"2025-06-13 09:15:02"}
{"account":"Agama","to":"62818597125","type":"text","status":"success","message":"Assalamualaikum Satrio Budihardjo\r\n\r\nMungkin anda sudah mulai risih menerima pesan reminder dari say","error":null,"timestamp":"2025-06-13 09:15:03"}
{"account":"Agama","to":"6281389447984","type":"text","status":"success","message":"Assalamualaikum Soleh\r\n\r\nMungkin anda sudah mulai risih menerima pesan reminder dari saya\r\n\r\nTapi ij","error":null,"timestamp":"2025-06-13 09:15:04"}
{"account":"Agama","to":"628122070725","type":"text","status":"success","message":"Assalamualaikum Anne Nuraini\r\n\r\nMungkin anda sudah mulai risih menerima pesan reminder dari saya\r\n\r\n","error":null,"timestamp":"2025-06-13 09:15:05"}
{"account":"Agama","to":"6281316280335","type":"text","status":"success","message":"Assalamualaikum Soegeng\r\n\r\nMungkin anda sudah mulai risih menerima pesan reminder dari saya\r\n\r\nTapi ","error":null,"timestamp":"2025-06-13 09:15:06"}
{"account":"Agama","to":"6281245110993","type":"text","status":"success","message":"Assalamualaikum Muhammad Syukri Mahmud\r\n\r\nMungkin anda sudah mulai risih menerima pesan reminder dar","error":null,"timestamp":"2025-06-13 09:15:07"}
{"account":"Agama","to":"62818597125","type":"text","status":"success","message":"Assalamualaikum Satrio Budihardjo\r\n\r\nMungkin anda sudah mulai risih menerima pesan reminder dari say","error":null,"timestamp":"2025-06-13 09:15:08"}
{"account":"Agama","to":"62818597125","type":"text","status":"success","message":"Assalamualaikum Satrio Budihardjo\r\n\r\nMungkin anda sudah mulai risih menerima pesan reminder dari say","error":null,"timestamp":"2025-06-13 09:15:09"}
{"account":"Agama","to":"6281270842958","type":"text","status":"success","message":"Assalamualaikum Jarmilus sidi malin\r\n\r\nMungkin anda sudah mulai risih menerima pesan reminder dari s","error":null,"timestamp":"2025-06-13 09:15:10"}
{"account":"Agama","to":"6281324189634","type":"text","status":"success","message":"Assalamualaikum Luthfi Dita Mulyono\r\n\r\nMungkin anda sudah mulai risih menerima pesan reminder dari s","error":null,"timestamp":"2025-06-13 09:15:12"}
{"account":"Agama","to":"6281216106750","type":"text","status":"success","message":"Assalamualaikum M,Syaghir\r\n\r\nMungkin anda sudah mulai risih menerima pesan reminder dari saya\r\n\r\nTap","error":null,"timestamp":"2025-06-13 09:15:13"}
{"account":"Agama","to":"6285780146447","type":"text","status":"success","message":"Hai Fadil\r\n\r\nEbook Ihfadz & Testing\r\nRp 27.000","error":null,"timestamp":"2025-06-13 11:15:02"}
{"account":"Agama","to":"6285780146447","type":"text","status":"success","message":"Terima kasih atas pembelian Anda. Berikut adalah link untuk mengakses produk digital:","error":null,"timestamp":"2025-06-13 11:15:50"}
{"account":"Agama","to":"6285780146447","type":"text","status":"success","message":"Terima kasih kak Fadil sudah melakukan pembelian ebook Ihfadz\u263a\ufe0f\r\n\r\nSelamat, pesanan Anda sudah d","error":null,"timestamp":"2025-06-13 11:15:51"}
{"account":"Agama","to":"6285780146447","type":"text","status":"success","message":"Terima kasih atas pembelian Anda. Berikut adalah link untuk mengakses produk digital:","error":null,"timestamp":"2025-06-13 13:45:50"}
{"account":"Agama","to":"6285780146447","type":"text","status":"success","message":"Terima kasih kak Fadil sudah melakukan pembelian ebook Ihfadz\u263a\ufe0f\r\n\r\nSelamat, pesanan Anda sudah d","error":null,"timestamp":"2025-06-13 13:45:51"}
{"account":"Agama","to":"6285780146447","type":"text","status":"success","message":"Hai Fadil\r\n\r\nEbook Ihfadz & Testing\r\nRp 27.000","error":null,"timestamp":"2025-06-13 15:00:02"}
{"account":"Agama","to":"6285780146447","type":"text","status":"success","message":"Terima kasih atas pembelian Anda. Berikut adalah link untuk mengakses produk digital:","error":null,"timestamp":"2025-06-13 15:05:39"}
{"account":"Agama","to":"6285780146447","type":"text","status":"success","message":"Terima kasih kak Fadil sudah melakukan pembelian ebook Ihfadz\u263a\ufe0f\r\n\r\nSelamat, pesanan Anda sudah d","error":null,"timestamp":"2025-06-13 15:05:40"}
{"account":"Agama","to":"6281316280335","type":"text","status":"success","message":"Assalamu'alaikum Soegeng\r\n\r\n\r\n\r\nAnda menerima pesan ini karena Anda telah melakukan order Ebook Ihfa","error":null,"timestamp":"2025-06-14 09:10:02"}
{"account":"Agama","to":"6281270842958","type":"text","status":"success","message":"Assalamu'alaikum Jarmilus sidi malin\r\n\r\n\r\n\r\nAnda menerima pesan ini karena Anda telah melakukan orde","error":null,"timestamp":"2025-06-14 09:10:03"}
{"account":"Agama","to":"6281324189634","type":"text","status":"success","message":"Assalamu'alaikum Luthfi Dita Mulyono\r\n\r\n\r\n\r\nAnda menerima pesan ini karena Anda telah melakukan orde","error":null,"timestamp":"2025-06-14 09:10:03"}
{"account":"Agama","to":"6281216106750","type":"text","status":"success","message":"Assalamu'alaikum M,Syaghir\r\n\r\n\r\n\r\nAnda menerima pesan ini karena Anda telah melakukan order Ebook Ih","error":null,"timestamp":"2025-06-14 09:10:04"}
{"account":"Agama","to":"6281316280335","type":"text","status":"success","message":"Assalamualaikum Soegeng,\r\n\r\nSaya mau mengingatkan Anda bahwa Anda memiliki pesanan yang belum dibaya","error":null,"timestamp":"2025-06-14 09:15:02"}
{"account":"Agama","to":"6281270842958","type":"text","status":"success","message":"Assalamualaikum Jarmilus sidi malin,\r\n\r\nSaya mau mengingatkan Anda bahwa Anda memiliki pesanan yang ","error":null,"timestamp":"2025-06-14 09:15:02"}
{"account":"Agama","to":"6281324189634","type":"text","status":"success","message":"Assalamualaikum Luthfi Dita Mulyono,\r\n\r\nSaya mau mengingatkan Anda bahwa Anda memiliki pesanan yang ","error":null,"timestamp":"2025-06-14 09:15:03"}
{"account":"Agama","to":"6281216106750","type":"text","status":"success","message":"Assalamualaikum M,Syaghir,\r\n\r\nSaya mau mengingatkan Anda bahwa Anda memiliki pesanan yang belum diba","error":null,"timestamp":"2025-06-14 09:15:03"}
{"account":"default","to":"6282229720724","type":"text","status":"success","message":"*Ahlan wa sahlan kak Syarief Rinaldhy*\r\nTerima kasih sudah memesan *ebook Qila*\u263a\ufe0f\r\n\r\nBerikut dat","error":null,"timestamp":"2025-06-16 19:53:13"}
{"account":"Agama","to":"6282229720724","type":"text","status":"success","message":"Terima kasih kak Syarief Rinaldhy sudah melakukan pembelian ebook Qila\u263a\ufe0f\r\n\r\n\r\nSelamat, pesanan A","error":null,"timestamp":"2025-06-16 20:03:08"}
{"account":"default","to":"6281314292224","type":"text","status":"success","message":"*Ahlan wa sahlan kak Ahmad Fuad*\r\nTerima kasih sudah memesan *ebook Qila*\u263a\ufe0f\r\n\r\nBerikut data anda","error":null,"timestamp":"2025-06-16 20:12:57"}
{"account":"Agama","to":"6281314292224","type":"text","status":"success","message":"Terima kasih kak Ahmad Fuad sudah melakukan pembelian ebook Qila\u263a\ufe0f\r\n\r\n\r\nSelamat, pesanan Anda su","error":null,"timestamp":"2025-06-16 20:23:30"}
{"account":"default","to":"6281369556317","type":"text","status":"success","message":"*Ahlan wa sahlan kak Suardin*\r\nTerima kasih sudah memesan *ebook Qila*\u263a\ufe0f\r\n\r\nBerikut data anda:\r\n","error":null,"timestamp":"2025-06-16 20:35:19"}
{"account":"Agama","to":"6281369556317","type":"text","status":"success","message":"Terima kasih kak Suardin sudah melakukan pembelian ebook Qila\u263a\ufe0f\r\n\r\n\r\nSelamat, pesanan Anda sudah","error":null,"timestamp":"2025-06-16 20:43:46"}
{"account":"default","to":"6281263402845","type":"text","status":"success","message":"*Ahlan wa sahlan kak Suriyadi*\r\nTerima kasih sudah memesan *ebook Qila*\u263a\ufe0f\r\n\r\nBerikut data anda:\r","error":null,"timestamp":"2025-06-16 21:11:16"}
{"account":"Agama","to":"6281263402845","type":"text","status":"success","message":"Terima kasih kak Suriyadi sudah melakukan pembelian ebook Qila\u263a\ufe0f\r\n\r\n\r\nSelamat, pesanan Anda suda","error":null,"timestamp":"2025-06-16 21:21:15"}
{"account":"default","to":"6281321211112","type":"text","status":"success","message":"*Ahlan wa sahlan kak Doni Riandi*\r\nTerima kasih sudah memesan *ebook Qila*\u263a\ufe0f\r\n\r\nBerikut data and","error":null,"timestamp":"2025-06-16 22:53:15"}
{"account":"Agama","to":"6282138277696","type":"text","status":"success","message":"Terima kasih kak suprih ridho sudah melakukan pembelian ebook Ihfadz\u263a\ufe0f\r\n\r\nSelamat, pesanan Anda ","error":null,"timestamp":"2025-06-17 07:01:17"}
{"account":"default","to":"6285780146447","type":"text","status":"success","message":"*Ahlan wa sahlan kak Fadil*\r\nTerima kasih sudah memesan *ebook Ihfadz*\u263a\ufe0f\r\n\r\nBerikut data anda:\r\n","error":null,"timestamp":"2025-06-17 07:02:38"}
{"account":"default","to":"6281374626538","type":"text","status":"success","message":"*Ahlan wa sahlan kak Maisir Thaib*\r\nTerima kasih sudah memesan *ebook Qila*\u263a\ufe0f\r\n\r\nBerikut data an","error":null,"timestamp":"2025-06-17 07:47:02"}
{"account":"default","to":"6282114350403","type":"text","status":"success","message":"*Ahlan wa sahlan kak syafei*\r\nTerima kasih sudah memesan *ebook Qila*\u263a\ufe0f\r\n\r\nBerikut data anda:\r\nN","error":null,"timestamp":"2025-06-17 08:29:37"}
{"account":"Agama","to":"6282114350403","type":"text","status":"success","message":"Terima kasih kak syafei sudah melakukan pembelian ebook Qila\u263a\ufe0f\r\n\r\n\r\nSelamat, pesanan Anda sudah ","error":null,"timestamp":"2025-06-17 09:22:18"}
{"account":"default","to":"6282138277696","type":"text","status":"success","message":"*Ahlan wa sahlan kak suprih ridho*\r\nTerima kasih sudah memesan *ebook Ihfadz*\u263a\ufe0f\r\n\r\nBerikut data ","error":null,"timestamp":"2025-06-17 10:48:57"}
{"account":"default","to":"6282138277696","type":"text","status":"success","message":"*Ahlan wa sahlan kak suprih ridho*\r\nTerima kasih sudah memesan *ebook Ihfadz*\u263a\ufe0f\r\n\r\nBerikut data ","error":null,"timestamp":"2025-06-17 14:42:32"}
{"account":"default","to":"628125863449","type":"text","status":"success","message":"*Ahlan wa sahlan kak Hari Djunaedi*\r\nTerima kasih sudah memesan *ebook Qila*\u263a\ufe0f\r\n\r\nBerikut data a","error":null,"timestamp":"2025-06-19 22:09:27"}
{"account":"Agama","to":"6287884449900","type":"text","status":"success","message":"Assalamu'alaikum *Rahadi*\r\n\r\nAnda menerima pesan ini karena Anda telah melakukan pemesanan Ebook Qil","error":null,"timestamp":"2025-06-20 13:55:02"}
{"account":"Agama","to":"6281586566435","type":"text","status":"success","message":"Assalamu'alaikum *Zahra*\r\n\r\nAnda menerima pesan ini karena Anda telah melakukan pemesanan Ebook Qila","error":null,"timestamp":"2025-06-20 13:55:03"}
{"account":"Agama","to":"6292122573938","type":"text","status":"success","message":"Assalamu'alaikum *Iin Solihin *\r\n\r\nAnda menerima pesan ini karena Anda telah melakukan pemesanan Ebo","error":null,"timestamp":"2025-06-20 13:55:03"}
{"account":"Agama","to":"6282211550845","type":"text","status":"success","message":"Assalamu'alaikum *Rifan*\r\n\r\nAnda menerima pesan ini karena Anda telah melakukan pemesanan Ebook Qila","error":null,"timestamp":"2025-06-20 13:55:04"}
{"account":"Agama","to":"6281513548169","type":"text","status":"success","message":"Assalamu'alaikum *Meitridani*\r\n\r\nAnda menerima pesan ini karena Anda telah melakukan pemesanan Ebook","error":null,"timestamp":"2025-06-20 13:55:04"}
{"account":"Agama","to":"6281510071502","type":"text","status":"success","message":"Assalamu'alaikum *ASEP BADRUDIN*\r\n\r\nAnda menerima pesan ini karena Anda telah melakukan pemesanan Eb","error":null,"timestamp":"2025-06-20 13:55:05"}
{"account":"Agama","to":"6285721849841","type":"text","status":"success","message":"Assalamu'alaikum *Obi soni*\r\n\r\nAnda menerima pesan ini karena Anda telah melakukan pemesanan Ebook Q","error":null,"timestamp":"2025-06-20 13:55:05"}
{"account":"Agama","to":"628125863449","type":"text","status":"success","message":"Terima kasih kak Hari Djunaedi sudah melakukan pembelian ebook Qila\u263a\ufe0f\r\n\r\n\r\nSelamat, pesanan Anda","error":null,"timestamp":"2025-06-20 20:55:45"}
{"account":"Agama","to":"6287884449900","type":"text","status":"success","message":"Assalamu'alaikum Rahadi\r\n\r\n\r\n\r\nAnda menerima pesan ini karena Anda telah melakukan order Ebook Qila ","error":null,"timestamp":"2025-06-21 14:00:03"}
{"account":"Agama","to":"6281586566435","type":"text","status":"success","message":"Assalamu'alaikum Zahra\r\n\r\n\r\n\r\nAnda menerima pesan ini karena Anda telah melakukan order Ebook Qila t","error":null,"timestamp":"2025-06-21 14:00:04"}
{"account":"Agama","to":"6292122573938","type":"text","status":"success","message":"Assalamu'alaikum Iin Solihin \r\n\r\n\r\n\r\nAnda menerima pesan ini karena Anda telah melakukan order Ebook","error":null,"timestamp":"2025-06-21 14:00:04"}
{"account":"Agama","to":"6282211550845","type":"text","status":"success","message":"Assalamu'alaikum Rifan\r\n\r\n\r\n\r\nAnda menerima pesan ini karena Anda telah melakukan order Ebook Qila t","error":null,"timestamp":"2025-06-21 14:00:05"}
{"account":"Agama","to":"6281513548169","type":"text","status":"success","message":"Assalamu'alaikum Meitridani\r\n\r\n\r\n\r\nAnda menerima pesan ini karena Anda telah melakukan order Ebook Q","error":null,"timestamp":"2025-06-21 14:00:05"}
{"account":"Agama","to":"6281510071502","type":"text","status":"success","message":"Assalamu'alaikum ASEP BADRUDIN\r\n\r\n\r\n\r\nAnda menerima pesan ini karena Anda telah melakukan order Eboo","error":null,"timestamp":"2025-06-21 14:00:06"}
{"account":"Agama","to":"6285721849841","type":"text","status":"success","message":"Assalamu'alaikum Obi soni\r\n\r\n\r\n\r\nAnda menerima pesan ini karena Anda telah melakukan order Ebook Qil","error":null,"timestamp":"2025-06-21 14:00:06"}
{"account":"Agama","to":"6285210278750","type":"text","status":"success","message":"Terima kasih kak Nurkholik sudah melakukan pembelian ebook Ihfadz\u263a\ufe0f\r\n\r\nSelamat, pesanan Anda sud","error":null,"timestamp":"2025-06-22 08:06:49"}
{"account":"default","to":"6285780146447","type":"text","status":"success","message":"*Ahlan wa sahlan kak Fadil*\r\nTerima kasih sudah memesan *ebook Ihfadz*\u263a\ufe0f\r\n\r\nBerikut data anda:\r\n","error":null,"timestamp":"2025-06-22 08:09:12"}
{"account":"default","to":"6285780146447","type":"text","status":"success","message":"*Ahlan wa sahlan kak Fadil*\r\nTerima kasih sudah memesan *ebook Ihfadz*\u263a\ufe0f\r\n\r\nBerikut data anda:\r\n","error":null,"timestamp":"2025-06-22 09:10:23"}
{"account":"default","to":"6285780146447","type":"text","status":"success","message":"*Ahlan wa sahlan kak Fadil*\r\nTerima kasih sudah memesan *ebook Ihfadz*\u263a\ufe0f\r\n\r\nBerikut data anda:\r\n","error":null,"timestamp":"2025-06-22 10:23:33"}
{"account":"default","to":"6285780146447","type":"text","status":"success","message":"*Ahlan wa sahlan kak Fadil*\r\nTerima kasih sudah memesan *ebook Ihfadz*\u263a\ufe0f\r\n\r\nBerikut data anda:\r\n","error":null,"timestamp":"2025-06-22 12:26:07"}
{"account":"Agama","to":"6287884449900","type":"text","status":"success","message":"Assalamu'alaikum Rahadi\r\n\r\n \r\nAnda menerima pesan ini karena Anda telah order Ebook Qila tapi status","error":null,"timestamp":"2025-06-22 14:05:02"}
{"account":"Agama","to":"6292122573938","type":"text","status":"success","message":"Assalamu'alaikum Iin Solihin \r\n\r\n \r\nAnda menerima pesan ini karena Anda telah order Ebook Qila tapi ","error":null,"timestamp":"2025-06-22 14:05:02"}
{"account":"Agama","to":"6281513548169","type":"text","status":"success","message":"Assalamu'alaikum Meitridani\r\n\r\n \r\nAnda menerima pesan ini karena Anda telah order Ebook Qila tapi st","error":null,"timestamp":"2025-06-22 14:05:03"}
{"account":"Agama","to":"6281510071502","type":"text","status":"success","message":"Assalamu'alaikum ASEP BADRUDIN\r\n\r\n \r\nAnda menerima pesan ini karena Anda telah order Ebook Qila tapi","error":null,"timestamp":"2025-06-22 14:05:03"}
{"account":"Agama","to":"6285721849841","type":"text","status":"success","message":"Assalamu'alaikum Obi soni\r\n\r\n \r\nAnda menerima pesan ini karena Anda telah order Ebook Qila & TOB tap","error":null,"timestamp":"2025-06-22 14:05:04"}
{"account":"Agama","to":"6285780146447","type":"text","status":"success","message":"Assalamu'alaikum *Fadil*\r\n\r\nAnda menerima pesan ini karena Anda telah melakukan pemesanan Ebook Ihfa","error":null,"timestamp":"2025-06-23 08:10:02"}
{"account":"Agama","to":"6285780146447","type":"text","status":"success","message":"Assalamu'alaikum Fadil\r\n\r\n\r\n\r\nAnda menerima pesan ini karena Anda telah melakukan order Ebook Ihfadz","error":null,"timestamp":"2025-06-24 08:15:02"}
{"account":"Agama","to":"6285780146447","type":"text","status":"success","message":"Assalamu'alaikum Fadil\r\n\r\n \r\nAnda menerima pesan ini karena Anda telah order Ebook Ihfadz tapi statu","error":null,"timestamp":"2025-06-25 08:15:02"}
{"account":"default","to":"6285959507932","type":"text","status":"success","message":"*Ahlan wa sahlan kak Faisal Agus*\r\nTerima kasih sudah memesan *ebook Ihfadz*\u263a\ufe0f\r\n\r\nBerikut data a","error":null,"timestamp":"2025-06-26 07:11:38"}
{"account":"default","to":"6285959507932","type":"text","status":"success","message":"*Ahlan wa sahlan kak Faisal Agus*\r\nTerima kasih sudah memesan *ebook Ihfadz*\u263a\ufe0f\r\n\r\nBerikut data a","error":null,"timestamp":"2025-06-26 08:07:01"}
{"account":"default","to":"6285959507932","type":"text","status":"success","message":"*Ahlan wa sahlan kak Faisal Agus*\r\nTerima kasih sudah memesan *ebook Ihfadz*\u263a\ufe0f\r\n\r\nBerikut data a","error":null,"timestamp":"2025-06-26 08:11:40"}
{"account":"Agama","to":"6285780146447","type":"text","status":"success","message":"Assalamualaikum Fadil,\r\n\r\nSaya mau mengingatkan Anda bahwa Anda memiliki pesanan yang belum dibayar\r","error":null,"timestamp":"2025-06-26 08:15:02"}
{"account":"default","to":"6285780146447","type":"text","status":"success","message":"*Ahlan wa sahlan kak Fadil*\r\nTerima kasih sudah memesan *ebook Ihfadz*\u263a\ufe0f\r\n\r\nBerikut data anda:\r\n","error":null,"timestamp":"2025-06-26 08:15:25"}
{"account":"default","to":"6285780146447","type":"text","status":"success","message":"*Ahlan wa sahlan kak Fadil*\r\nTerima kasih sudah memesan *ebook Ihfadz*\u263a\ufe0f\r\n\r\nBerikut data anda:\r\n","error":null,"timestamp":"2025-06-26 08:15:34"}
{"account":"default","to":"6285780146447","type":"text","status":"success","message":"*Ahlan wa sahlan kak Fadil*\r\nTerima kasih sudah memesan *ebook Ihfadz*\u263a\ufe0f\r\n\r\nBerikut data anda:\r\n","error":null,"timestamp":"2025-06-26 08:15:34"}
{"account":"default","to":"6285780146447","type":"text","status":"success","message":"*Ahlan wa sahlan kak Fadil*\r\nTerima kasih sudah memesan *ebook Ihfadz*\u263a\ufe0f\r\n\r\nBerikut data anda:\r\n","error":null,"timestamp":"2025-06-26 08:15:39"}
{"account":"default","to":"6285780146447","type":"text","status":"success","message":"*Ahlan wa sahlan kak Fadil*\r\nTerima kasih sudah memesan *ebook Ihfadz*\u263a\ufe0f\r\n\r\nBerikut data anda:\r\n","error":null,"timestamp":"2025-06-26 08:15:39"}
{"account":"default","to":"6281321687475","type":"text","status":"success","message":"*Ahlan wa sahlan kak Hanif*\r\nTerima kasih sudah memesan *ebook Ihfadz*\u263a\ufe0f\r\n\r\nBerikut data anda:\r\n","error":null,"timestamp":"2025-06-26 08:24:37"}
{"account":"Agama","to":"6281321687475","type":"text","status":"success","message":"Terima kasih kak Hanif sudah melakukan pembelian ebook Ihfadz\u263a\ufe0f\r\n\r\nSelamat, pesanan Anda sudah d","error":null,"timestamp":"2025-06-26 08:35:17"}
{"account":"Agama","to":"6281321687475","type":"text","status":"success","message":"Terima kasih kak Hanif sudah melakukan pembelian ebook Qila\u263a\ufe0f\r\n\r\n\r\nSelamat, pesanan Anda sudah d","error":null,"timestamp":"2025-06-26 08:35:18"}
{"account":"default","to":"6285780146447","type":"text","status":"success","message":"*Ahlan wa sahlan kak Fadil*\r\nTerima kasih sudah memesan *ebook Ihfadz*\u263a\ufe0f\r\n\r\nBerikut data anda:\r\n","error":null,"timestamp":"2025-06-26 09:16:05"}
{"account":"Agama","to":"6285959507932","type":"text","status":"success","message":"Terima kasih kak Faisal Agus sudah order Ebook Ihfadz \ud83d\ude0a\r\n\r\nUntuk akses ebook dan bonusnya bisa kl","error":null,"timestamp":"2025-06-26 11:00:01"}
