{"account":"default","to":"6285721175387","type":"text","status":"success","message":"*Ahlan wa sahlan kak Ahmad Rodan*\r\nTerima kasih sudah memesan *ebook Qila*\u263a\ufe0f\r\n\r\nBerikut data and","error":null,"timestamp":"2025-08-05 05:43:04"}
{"account":"Agama","to":"6285721175387","type":"text","status":"success","message":"Terima kasih kak Ahmad Rodan sudah melakukan pembelian ebook Qila\u263a\ufe0f\r\n\r\n\r\nSelamat, pesanan Anda s","error":null,"timestamp":"2025-08-05 06:17:12"}
{"account":"default","to":"6282156248859","type":"text","status":"success","message":"*Ahlan wa sahlan kak Kustiyah*\r\nTerima kasih sudah memesan *ebook Qila*\u263a\ufe0f\r\n\r\nBerikut data anda:\r","error":null,"timestamp":"2025-08-07 13:45:14"}
{"account":"default","to":"6285780146447","type":"text","status":"success","message":"*Ahlan wa sahlan kak Fadil*\r\nTerima kasih sudah memesan *ebook DaQo*\u263a\ufe0f\r\n\r\nBerikut data anda:\r\nNa","error":null,"timestamp":"2025-08-07 20:58:30"}
{"account":"Agama","to":"6285780146447","type":"text","status":"success","message":"Terima kasih kak Fadil sudah order DaQo \ud83d\ude0a\r\n\r\nUntuk akses ebook dan bonusnya bisa klik link di baw","error":null,"timestamp":"2025-08-07 20:59:19"}
{"account":"Agama","to":"6285780146447","type":"text","status":"success","message":"Terima kasih kak Fadil sudah melakukan pembelian ebook Qila\u263a\ufe0f\r\n\r\n\r\nSelamat, pesanan Anda sudah d","error":null,"timestamp":"2025-08-07 20:59:21"}
{"account":"default","to":"628568800031","type":"text","status":"success","message":"*Ahlan wa sahlan kak Anwar*\r\nTerima kasih sudah memesan *ebook DaQo*\u263a\ufe0f\r\n\r\nBerikut data anda:\r\nNa","error":null,"timestamp":"2025-08-08 05:21:19"}
{"account":"default","to":"6285715300525","type":"text","status":"success","message":"*Ahlan wa sahlan kak Choyarudin*\r\nTerima kasih sudah memesan *ebook DaQo*\u263a\ufe0f\r\n\r\nBerikut data anda","error":null,"timestamp":"2025-08-08 05:25:55"}
{"account":"Agama","to":"628568800031","type":"text","status":"success","message":"Terima kasih kak Anwar sudah order eBook DaQo \ud83d\ude0a\r\n\r\nUntuk akses ebook dan bonusnya bisa klik link ","error":null,"timestamp":"2025-08-08 05:26:27"}
{"account":"Agama","to":"628568800031","type":"text","status":"success","message":"Terima kasih kak Anwar sudah melakukan pembelian ebook Qila\u263a\ufe0f\r\n\r\n\r\nSelamat, pesanan Anda sudah d","error":null,"timestamp":"2025-08-08 05:26:28"}
{"account":"default","to":"6285892706070","type":"text","status":"success","message":"*Ahlan wa sahlan kak Sumedi*\r\nTerima kasih sudah memesan *ebook DaQo*\u263a\ufe0f\r\n\r\nBerikut data anda:\r\nN","error":null,"timestamp":"2025-08-08 05:37:29"}
{"account":"Agama","to":"6285715300525","type":"text","status":"success","message":"Terima kasih kak Choyarudin sudah order eBook DaQo \ud83d\ude0a\r\n\r\nUntuk akses ebook dan bonusnya bisa klik ","error":null,"timestamp":"2025-08-08 05:40:59"}
{"account":"default","to":"6282232056843","type":"text","status":"success","message":"*Ahlan wa sahlan kak IMAM TA'AWUN*\r\nTerima kasih sudah memesan *ebook DaQo*\u263a\ufe0f\r\n\r\nBerikut data an","error":null,"timestamp":"2025-08-08 05:42:54"}
{"account":"default","to":"6285158702877","type":"text","status":"success","message":"*Ahlan wa sahlan kak Priyono*\r\nTerima kasih sudah memesan *ebook DaQo*\u263a\ufe0f\r\n\r\nBerikut data anda:\r\n","error":null,"timestamp":"2025-08-08 05:58:01"}
{"account":"Agama","to":"6285158702877","type":"text","status":"success","message":"Terima kasih kak Priyono sudah order eBook DaQo \ud83d\ude0a\r\n\r\nUntuk akses ebook dan bonusnya bisa klik lin","error":null,"timestamp":"2025-08-08 06:35:09"}
{"account":"default","to":"6287785153780","type":"text","status":"success","message":"*Ahlan wa sahlan kak Desrias*\r\nTerima kasih sudah memesan *ebook DaQo*\u263a\ufe0f\r\n\r\nBerikut data anda:\r\n","error":null,"timestamp":"2025-08-08 06:36:53"}
{"account":"default","to":"62817445566","type":"text","status":"success","message":"*Ahlan wa sahlan kak Nelly sylviana*\r\nTerima kasih sudah memesan *ebook DaQo*\u263a\ufe0f\r\n\r\nBerikut data ","error":null,"timestamp":"2025-08-08 06:39:46"}
{"account":"default","to":"62817445566","type":"text","status":"success","message":"*Ahlan wa sahlan kak Nelly sylviana*\r\nTerima kasih sudah memesan *ebook DaQo*\u263a\ufe0f\r\n\r\nBerikut data ","error":null,"timestamp":"2025-08-08 06:42:20"}
{"account":"default","to":"6285342024597","type":"text","status":"success","message":"*Ahlan wa sahlan kak Abdul Thalib*\r\nTerima kasih sudah memesan *ebook DaQo*\u263a\ufe0f\r\n\r\nBerikut data an","error":null,"timestamp":"2025-08-08 06:57:32"}
{"account":"Agama","to":"6287785153780","type":"text","status":"success","message":"Terima kasih kak Desrias sudah order eBook DaQo \ud83d\ude0a\r\n\r\nUntuk akses ebook dan bonusnya bisa klik lin","error":null,"timestamp":"2025-08-08 07:28:34"}
{"account":"Agama","to":"62817445566","type":"text","status":"success","message":"Terima kasih kak Nelly sylviana sudah order eBook DaQo \ud83d\ude0a\r\n\r\nUntuk akses ebook dan bonusnya bisa k","error":null,"timestamp":"2025-08-08 07:29:07"}
{"account":"Agama","to":"62817445566","type":"text","status":"success","message":"Terima kasih kak Nelly sylviana sudah melakukan pembelian ebook Qila\u263a\ufe0f\r\n\r\n\r\nSelamat, pesanan And","error":null,"timestamp":"2025-08-08 07:29:09"}
{"account":"Agama","to":"6285342024597","type":"text","status":"success","message":"Terima kasih kak Abdul Thalib sudah order eBook DaQo \ud83d\ude0a\r\n\r\nUntuk akses ebook dan bonusnya bisa kli","error":null,"timestamp":"2025-08-08 07:29:31"}
{"account":"Agama","to":"6285342024597","type":"text","status":"success","message":"Terima kasih kak Abdul Thalib sudah melakukan pembelian ebook Qila\u263a\ufe0f\r\n\r\n\r\nSelamat, pesanan Anda ","error":null,"timestamp":"2025-08-08 07:29:32"}
{"account":"default","to":"6281295427326","type":"text","status":"success","message":"*Ahlan wa sahlan kak Surya Hadi Kusuma*\r\nTerima kasih sudah memesan *ebook DaQo*\u263a\ufe0f\r\n\r\nBerikut da","error":null,"timestamp":"2025-08-08 07:30:51"}
{"account":"default","to":"6285892706070","type":"text","status":"success","message":"*Ahlan wa sahlan kak Sumedi*\r\nTerima kasih sudah memesan *ebook DaQo*\u263a\ufe0f\r\n\r\nBerikut data anda:\r\nN","error":null,"timestamp":"2025-08-08 07:35:20"}
{"account":"Agama","to":"6281295427326","type":"text","status":"success","message":"Terima kasih kak Surya Hadi Kusuma sudah order eBook DaQo \ud83d\ude0a\r\n\r\nUntuk akses ebook dan bonusnya bis","error":null,"timestamp":"2025-08-08 07:38:39"}
{"account":"default","to":"62895381366655","type":"text","status":"success","message":"*Ahlan wa sahlan kak Muhammad Ihsan*\r\nTerima kasih sudah memesan *ebook DaQo*\u263a\ufe0f\r\n\r\nBerikut data ","error":null,"timestamp":"2025-08-08 07:57:02"}
{"account":"Agama","to":"62895381366655","type":"text","status":"success","message":"Terima kasih kak Muhammad Ihsan sudah order eBook DaQo \ud83d\ude0a\r\n\r\nUntuk akses ebook dan bonusnya bisa k","error":null,"timestamp":"2025-08-08 08:03:18"}
{"account":"Agama","to":"62895381366655","type":"text","status":"success","message":"Terima kasih kak Muhammad Ihsan sudah melakukan pembelian ebook Qila\u263a\ufe0f\r\n\r\n\r\nSelamat, pesanan And","error":null,"timestamp":"2025-08-08 08:03:19"}
{"account":"default","to":"6281369556317","type":"text","status":"success","message":"*Ahlan wa sahlan kak Suardin*\r\nTerima kasih sudah memesan *ebook DaQo*\u263a\ufe0f\r\n\r\nBerikut data anda:\r\n","error":null,"timestamp":"2025-08-08 08:34:32"}
{"account":"default","to":"6285757720281","type":"text","status":"success","message":"*Ahlan wa sahlan kak Umar Sidq*\r\nTerima kasih sudah memesan *ebook DaQo*\u263a\ufe0f\r\n\r\nBerikut data anda:","error":null,"timestamp":"2025-08-08 08:37:49"}
{"account":"default","to":"6282273361229","type":"text","status":"success","message":"*Ahlan wa sahlan kak Sutenti*\r\nTerima kasih sudah memesan *ebook DaQo*\u263a\ufe0f\r\n\r\nBerikut data anda:\r\n","error":null,"timestamp":"2025-08-08 08:55:19"}
{"account":"default","to":"628118883407","type":"text","status":"success","message":"*Ahlan wa sahlan kak Setiyo utomo*\r\nTerima kasih sudah memesan *ebook DaQo*\u263a\ufe0f\r\n\r\nBerikut data an","error":null,"timestamp":"2025-08-08 08:58:46"}
{"account":"default","to":"628118883407","type":"text","status":"success","message":"*Ahlan wa sahlan kak Tio*\r\nTerima kasih sudah memesan *ebook DaQo*\u263a\ufe0f\r\n\r\nBerikut data anda:\r\nNama","error":null,"timestamp":"2025-08-08 08:59:45"}
{"account":"default","to":"628126545794","type":"text","status":"success","message":"*Ahlan wa sahlan kak Harianto*\r\nTerima kasih sudah memesan *ebook DaQo*\u263a\ufe0f\r\n\r\nBerikut data anda:\r","error":null,"timestamp":"2025-08-08 09:22:18"}
{"account":"default","to":"6289604434435","type":"text","status":"success","message":"*Ahlan wa sahlan kak Nurdien*\r\nTerima kasih sudah memesan *ebook DaQo*\u263a\ufe0f\r\n\r\nBerikut data anda:\r\n","error":null,"timestamp":"2025-08-08 09:32:36"}
{"account":"default","to":"628997202778","type":"text","status":"success","message":"*Ahlan wa sahlan kak Bambang Iswadi*\r\nTerima kasih sudah memesan *ebook DaQo*\u263a\ufe0f\r\n\r\nBerikut data ","error":null,"timestamp":"2025-08-08 10:02:40"}
{"account":"default","to":"6285757720281","type":"text","status":"success","message":"*Ahlan wa sahlan kak Umar Sidq*\r\nTerima kasih sudah memesan *ebook DaQo*\u263a\ufe0f\r\n\r\nBerikut data anda:","error":null,"timestamp":"2025-08-08 10:10:29"}
{"account":"default","to":"62895610073730","type":"text","status":"success","message":"*Ahlan wa sahlan kak Suwikandi*\r\nTerima kasih sudah memesan *ebook DaQo*\u263a\ufe0f\r\n\r\nBerikut data anda:","error":null,"timestamp":"2025-08-08 10:41:37"}
{"account":"Agama","to":"6281369556317","type":"text","status":"success","message":"Terima kasih kak Suardin sudah order eBook DaQo \ud83d\ude0a\r\n\r\nUntuk akses ebook dan bonusnya bisa klik lin","error":null,"timestamp":"2025-08-08 10:47:48"}
{"account":"Agama","to":"6281369556317","type":"text","status":"success","message":"Terima kasih kak Suardin sudah melakukan pembelian ebook Qila\u263a\ufe0f\r\n\r\n\r\nSelamat, pesanan Anda sudah","error":null,"timestamp":"2025-08-08 10:47:49"}
{"account":"Agama","to":"6282273361229","type":"text","status":"success","message":"Terima kasih kak Sutenti sudah order eBook DaQo \ud83d\ude0a\r\n\r\nUntuk akses ebook dan bonusnya bisa klik lin","error":null,"timestamp":"2025-08-08 10:48:10"}
{"account":"Agama","to":"6282273361229","type":"text","status":"success","message":"Terima kasih kak Sutenti sudah melakukan pembelian ebook Qila\u263a\ufe0f\r\n\r\n\r\nSelamat, pesanan Anda sudah","error":null,"timestamp":"2025-08-08 10:48:11"}
{"account":"Agama","to":"628118883407","type":"text","status":"success","message":"Terima kasih kak Tio sudah order eBook DaQo \ud83d\ude0a\r\n\r\nUntuk akses ebook dan bonusnya bisa klik link di","error":null,"timestamp":"2025-08-08 10:48:35"}
{"account":"Agama","to":"628118883407","type":"text","status":"success","message":"Terima kasih kak Tio sudah melakukan pembelian ebook Qila\u263a\ufe0f\r\n\r\n\r\nSelamat, pesanan Anda sudah dia","error":null,"timestamp":"2025-08-08 10:48:36"}
{"account":"Agama","to":"6289604434435","type":"text","status":"success","message":"Terima kasih kak Nurdien sudah order eBook DaQo \ud83d\ude0a\r\n\r\nUntuk akses ebook dan bonusnya bisa klik lin","error":null,"timestamp":"2025-08-08 10:48:54"}
{"account":"Agama","to":"628997202778","type":"text","status":"success","message":"Terima kasih kak Bambang Iswadi sudah order eBook DaQo \ud83d\ude0a\r\n\r\nUntuk akses ebook dan bonusnya bisa k","error":null,"timestamp":"2025-08-08 10:49:26"}
{"account":"Agama","to":"628997202778","type":"text","status":"success","message":"Terima kasih kak Bambang Iswadi sudah melakukan pembelian ebook Qila\u263a\ufe0f\r\n\r\n\r\nSelamat, pesanan And","error":null,"timestamp":"2025-08-08 10:49:27"}
{"account":"Agama","to":"6285757720281","type":"text","status":"success","message":"Terima kasih kak Umar Sidq sudah order eBook DaQo \ud83d\ude0a\r\n\r\nUntuk akses ebook dan bonusnya bisa klik l","error":null,"timestamp":"2025-08-08 10:50:48"}
{"account":"Agama","to":"6285757720281","type":"text","status":"success","message":"Terima kasih kak Umar Sidq sudah melakukan pembelian ebook Qila\u263a\ufe0f\r\n\r\n\r\nSelamat, pesanan Anda sud","error":null,"timestamp":"2025-08-08 10:50:49"}
{"account":"Agama","to":"62895610073730","type":"text","status":"success","message":"Terima kasih kak Suwikandi sudah order eBook DaQo \ud83d\ude0a\r\n\r\nUntuk akses ebook dan bonusnya bisa klik l","error":null,"timestamp":"2025-08-08 10:55:25"}
{"account":"Agama","to":"62895610073730","type":"text","status":"success","message":"Terima kasih kak Suwikandi sudah melakukan pembelian ebook Qila\u263a\ufe0f\r\n\r\n\r\nSelamat, pesanan Anda sud","error":null,"timestamp":"2025-08-08 10:55:26"}
{"account":"default","to":"6285720020044","type":"text","status":"success","message":"*Ahlan wa sahlan kak Yelli*\r\nTerima kasih sudah memesan *ebook DaQo*\u263a\ufe0f\r\n\r\nBerikut data anda:\r\nNa","error":null,"timestamp":"2025-08-08 11:51:39"}
{"account":"default","to":"6285224015251","type":"text","status":"success","message":"*Ahlan wa sahlan kak Ahmad Taufik*\r\nTerima kasih sudah memesan *ebook DaQo*\u263a\ufe0f\r\n\r\nBerikut data an","error":null,"timestamp":"2025-08-08 12:46:15"}
{"account":"default","to":"6285224015251","type":"text","status":"success","message":"*Ahlan wa sahlan kak Ahmad Taufik*\r\nTerima kasih sudah memesan *ebook DaQo*\u263a\ufe0f\r\n\r\nBerikut data an","error":null,"timestamp":"2025-08-08 12:48:42"}
{"account":"default","to":"6281334414461","type":"text","status":"success","message":"*Ahlan wa sahlan kak TriAgustono*\r\nTerima kasih sudah memesan *ebook DaQo*\u263a\ufe0f\r\n\r\nBerikut data and","error":null,"timestamp":"2025-08-08 12:54:59"}
{"account":"default","to":"628119061112","type":"text","status":"success","message":"*Ahlan wa sahlan kak Asep Iwan Purnawan*\r\nTerima kasih sudah memesan *ebook DaQo*\u263a\ufe0f\r\n\r\nBerikut d","error":null,"timestamp":"2025-08-08 13:03:24"}
{"account":"default","to":"62811685733","type":"text","status":"success","message":"*Ahlan wa sahlan kak Amir Faisal*\r\nTerima kasih sudah memesan *ebook DaQo*\u263a\ufe0f\r\n\r\nBerikut data and","error":null,"timestamp":"2025-08-08 13:26:11"}
{"account":"Agama","to":"62811685733","type":"text","status":"success","message":"Terima kasih kak Amir Faisal sudah order eBook DaQo \ud83d\ude0a\r\n\r\nUntuk akses ebook dan bonusnya bisa klik","error":null,"timestamp":"2025-08-08 13:41:07"}
{"account":"Agama","to":"6285224015251","type":"text","status":"success","message":"Terima kasih kak Ahmad Taufik sudah order eBook DaQo \ud83d\ude0a\r\n\r\nUntuk akses ebook dan bonusnya bisa kli","error":null,"timestamp":"2025-08-08 13:42:24"}
{"account":"Agama","to":"6281334414461","type":"text","status":"success","message":"Terima kasih kak TriAgustono sudah order eBook DaQo \ud83d\ude0a\r\n\r\nUntuk akses ebook dan bonusnya bisa klik","error":null,"timestamp":"2025-08-08 13:42:42"}
{"account":"Agama","to":"6281334414461","type":"text","status":"success","message":"Terima kasih kak TriAgustono sudah melakukan pembelian ebook Qila\u263a\ufe0f\r\n\r\n\r\nSelamat, pesanan Anda s","error":null,"timestamp":"2025-08-08 13:42:43"}
{"account":"default","to":"628113423132","type":"text","status":"success","message":"*Ahlan wa sahlan kak Erlina Febiyanti*\r\nTerima kasih sudah memesan *ebook DaQo*\u263a\ufe0f\r\n\r\nBerikut dat","error":null,"timestamp":"2025-08-08 13:49:55"}
{"account":"default","to":"628113423132","type":"text","status":"success","message":"*Ahlan wa sahlan kak Erlina Febiyanti*\r\nTerima kasih sudah memesan *ebook DaQo*\u263a\ufe0f\r\n\r\nBerikut dat","error":null,"timestamp":"2025-08-08 13:50:23"}
{"account":"Agama","to":"628113423132","type":"text","status":"success","message":"Terima kasih kak Erlina Febiyanti sudah order eBook DaQo \ud83d\ude0a\r\n\r\nUntuk akses ebook dan bonusnya bisa","error":null,"timestamp":"2025-08-08 14:10:15"}
{"account":"Agama","to":"628113423132","type":"text","status":"success","message":"Terima kasih kak Erlina Febiyanti sudah melakukan pembelian ebook Qila\u263a\ufe0f\r\n\r\n\r\nSelamat, pesanan A","error":null,"timestamp":"2025-08-08 14:10:16"}
{"account":"default","to":"6282337121241","type":"text","status":"success","message":"*Ahlan wa sahlan kak Zainul*\r\nTerima kasih sudah memesan *ebook DaQo*\u263a\ufe0f\r\n\r\nBerikut data anda:\r\nN","error":null,"timestamp":"2025-08-08 14:11:50"}
{"account":"default","to":"6282337121241","type":"text","status":"success","message":"*Ahlan wa sahlan kak Zainul*\r\nTerima kasih sudah memesan *ebook DaQo*\u263a\ufe0f\r\n\r\nBerikut data anda:\r\nN","error":null,"timestamp":"2025-08-08 14:15:55"}
{"account":"default","to":"6285394142307","type":"text","status":"success","message":"*Ahlan wa sahlan kak Muhammad Ali*\r\nTerima kasih sudah memesan *ebook DaQo*\u263a\ufe0f\r\n\r\nBerikut data an","error":null,"timestamp":"2025-08-08 14:18:13"}
{"account":"Agama","to":"6282337121241","type":"text","status":"success","message":"Terima kasih kak Zainul sudah order eBook DaQo \ud83d\ude0a\r\n\r\nUntuk akses ebook dan bonusnya bisa klik link","error":null,"timestamp":"2025-08-08 15:00:02"}
{"account":"Agama","to":"6285394142307","type":"text","status":"success","message":"Terima kasih kak Muhammad Ali sudah order eBook DaQo \ud83d\ude0a\r\n\r\nUntuk akses ebook dan bonusnya bisa kli","error":null,"timestamp":"2025-08-08 15:00:19"}
{"account":"Agama","to":"6285394142307","type":"text","status":"success","message":"Terima kasih kak Muhammad Ali sudah melakukan pembelian ebook Qila\u263a\ufe0f\r\n\r\n\r\nSelamat, pesanan Anda ","error":null,"timestamp":"2025-08-08 15:00:20"}
{"account":"default","to":"628567805349","type":"text","status":"success","message":"*Ahlan wa sahlan kak hilman*\r\nTerima kasih sudah memesan *ebook DaQo*\u263a\ufe0f\r\n\r\nBerikut data anda:\r\nN","error":null,"timestamp":"2025-08-08 16:52:59"}
{"account":"Agama","to":"628567805349","type":"text","status":"success","message":"Terima kasih kak hilman sudah order eBook DaQo \ud83d\ude0a\r\n\r\nUntuk akses ebook dan bonusnya bisa klik link","error":null,"timestamp":"2025-08-08 17:01:05"}
{"account":"Agama","to":"628567805349","type":"text","status":"success","message":"Terima kasih kak hilman sudah melakukan pembelian ebook Qila\u263a\ufe0f\r\n\r\n\r\nSelamat, pesanan Anda sudah ","error":null,"timestamp":"2025-08-08 17:01:06"}
{"account":"default","to":"6285692704141","type":"text","status":"success","message":"*Ahlan wa sahlan kak KARTINI EKOWATI*\r\nTerima kasih sudah memesan *ebook Qila*\u263a\ufe0f\r\n\r\nBerikut data","error":null,"timestamp":"2025-08-08 17:19:46"}
{"account":"Agama","to":"6285692704141","type":"text","status":"success","message":"Terima kasih kak KARTINI EKOWATI sudah melakukan pembelian ebook Qila\u263a\ufe0f\r\n\r\n\r\nSelamat, pesanan An","error":null,"timestamp":"2025-08-08 17:23:24"}
{"account":"default","to":"6285211111380","type":"text","status":"success","message":"*Ahlan wa sahlan kak Faishal Harits Wahdin*\r\nTerima kasih sudah memesan *ebook DaQo*\u263a\ufe0f\r\n\r\nBeriku","error":null,"timestamp":"2025-08-08 18:17:50"}
{"account":"default","to":"6285228623408","type":"text","status":"success","message":"*Ahlan wa sahlan kak Adrian Pilomuli*\r\nTerima kasih sudah memesan *ebook DaQo*\u263a\ufe0f\r\n\r\nBerikut data","error":null,"timestamp":"2025-08-08 18:20:37"}
{"account":"Agama","to":"6285211111380","type":"text","status":"success","message":"Terima kasih kak Faishal Harits Wahdin sudah order eBook DaQo \ud83d\ude0a\r\n\r\nUntuk akses ebook dan bonusnya","error":null,"timestamp":"2025-08-08 18:25:48"}
{"account":"Agama","to":"6285211111380","type":"text","status":"success","message":"Terima kasih kak Faishal Harits Wahdin sudah melakukan pembelian ebook Qila\u263a\ufe0f\r\n\r\n\r\nSelamat, pesa","error":null,"timestamp":"2025-08-08 18:25:49"}
{"account":"Agama","to":"6285228623408","type":"text","status":"success","message":"Terima kasih kak Adrian Pilomuli sudah order eBook DaQo \ud83d\ude0a\r\n\r\nUntuk akses ebook dan bonusnya bisa ","error":null,"timestamp":"2025-08-08 18:26:13"}
{"account":"Agama","to":"6285228623408","type":"text","status":"success","message":"Terima kasih kak Adrian Pilomuli sudah melakukan pembelian ebook Qila\u263a\ufe0f\r\n\r\n\r\nSelamat, pesanan An","error":null,"timestamp":"2025-08-08 18:26:15"}
{"account":"default","to":"6281395306415","type":"text","status":"success","message":"*Ahlan wa sahlan kak Dewi Rahaju*\r\nTerima kasih sudah memesan *ebook DaQo*\u263a\ufe0f\r\n\r\nBerikut data and","error":null,"timestamp":"2025-08-08 19:10:49"}
{"account":"Agama","to":"6281395306415","type":"text","status":"success","message":"Terima kasih kak Dewi Rahaju sudah order eBook DaQo \ud83d\ude0a\r\n\r\nUntuk akses ebook dan bonusnya bisa klik","error":null,"timestamp":"2025-08-08 19:14:29"}
{"account":"Agama","to":"6281395306415","type":"text","status":"success","message":"Terima kasih kak Dewi Rahaju sudah melakukan pembelian ebook Qila\u263a\ufe0f\r\n\r\n\r\nSelamat, pesanan Anda s","error":null,"timestamp":"2025-08-08 19:14:30"}
{"account":"Agama","to":"6285720020044","type":"text","status":"success","message":"Terima kasih kak Yelli sudah order eBook DaQo \ud83d\ude0a\r\n\r\nUntuk akses ebook dan bonusnya bisa klik link ","error":null,"timestamp":"2025-08-08 22:02:46"}
{"account":"default","to":"62818731617","type":"text","status":"success","message":"*Ahlan wa sahlan kak Andri Firmansyah*\r\nTerima kasih sudah melakukan pemesanan\u263a\ufe0f\r\n\r\nBerikut data","error":null,"timestamp":"2025-08-09 05:12:30"}
{"account":"Agama","to":"62818731617","type":"text","status":"success","message":"Terima kasih kak Andri Firmansyah sudah order eBook DaQo \ud83d\ude0a\r\n\r\nUntuk akses ebooknya bisa klik link","error":null,"timestamp":"2025-08-09 05:29:09"}
{"account":"Agama","to":"62818731617","type":"text","status":"success","message":"Terima kasih kak Andri Firmansyah sudah melakukan pembelian ebook Qila\u263a\ufe0f\r\n\r\n\r\nSelamat, pesanan A","error":null,"timestamp":"2025-08-09 05:29:10"}
{"account":"Agama","to":"6285892706070","type":"text","status":"success","message":"Assalamu'alaikum *Sumedi*\r\n\r\nAnda menerima pesan ini karena Anda telah melakukan pemesanan eBook DaQ","error":null,"timestamp":"2025-08-09 05:40:03"}
{"account":"Agama","to":"6282232056843","type":"text","status":"success","message":"Assalamu'alaikum *IMAM TA'AWUN*\r\n\r\nAnda menerima pesan ini karena Anda telah melakukan pemesanan eBo","error":null,"timestamp":"2025-08-09 05:45:03"}
{"account":"default","to":"628119061112","type":"text","status":"success","message":"*Ahlan wa sahlan kak Asep Iwan Purnawan*\r\nTerima kasih sudah melakukan pemesanan\u263a\ufe0f\r\n\r\nBerikut da","error":null,"timestamp":"2025-08-09 05:46:22"}
{"account":"default","to":"6285655228161","type":"text","status":"success","message":"*Ahlan wa sahlan kak Moch Irfan*\r\nTerima kasih sudah melakukan pemesanan\u263a\ufe0f\r\n\r\nBerikut data anda:","error":null,"timestamp":"2025-08-09 06:06:07"}
{"account":"Agama","to":"628119061112","type":"text","status":"success","message":"Terima kasih kak Asep Iwan Purnawan sudah order eBook DaQo \ud83d\ude0a\r\n\r\nUntuk akses ebooknya bisa klik li","error":null,"timestamp":"2025-08-09 06:11:52"}
{"account":"Agama","to":"628119061112","type":"text","status":"success","message":"Terima kasih kak Asep Iwan Purnawan sudah melakukan pembelian ebook Qila\u263a\ufe0f\r\n\r\n\r\nSelamat, pesanan","error":null,"timestamp":"2025-08-09 06:11:53"}
{"account":"Agama","to":"628126545794","type":"text","status":"success","message":"Assalamu'alaikum *Harianto*\r\n\r\nAnda menerima pesan ini karena Anda telah melakukan pemesanan eBook D","error":null,"timestamp":"2025-08-09 09:25:02"}
{"account":"Agama","to":"6282232056843","type":"text","status":"success","message":"Terima kasih kak IMAM TA'AWUN sudah order eBook DaQo \ud83d\ude0a\r\n\r\nUntuk akses ebooknya bisa klik link di ","error":null,"timestamp":"2025-08-09 09:25:33"}
{"account":"Agama","to":"6282232056843","type":"text","status":"success","message":"Terima kasih kak IMAM TA'AWUN sudah melakukan pembelian ebook Qila\u263a\ufe0f\r\n\r\n\r\nSelamat, pesanan Anda ","error":null,"timestamp":"2025-08-09 09:25:34"}
{"account":"default","to":"6282180240003","type":"text","status":"success","message":"*Ahlan wa sahlan kak Adryan Alfarabi*\r\nTerima kasih sudah melakukan pemesanan\u263a\ufe0f\r\n\r\nBerikut data ","error":null,"timestamp":"2025-08-09 11:17:23"}
{"account":"Agama","to":"6282180240003","type":"text","status":"success","message":"Terima kasih kak Adryan Alfarabi sudah order eBook DaQo \ud83d\ude0a\r\n\r\nUntuk akses ebooknya bisa klik link ","error":null,"timestamp":"2025-08-09 11:27:37"}
{"account":"default","to":"6281366062228","type":"text","status":"success","message":"*Ahlan wa sahlan kak Zusman Saryadi*\r\nTerima kasih sudah melakukan pemesanan\u263a\ufe0f\r\n\r\nBerikut data a","error":null,"timestamp":"2025-08-09 13:23:23"}
{"account":"default","to":"6281804136333","type":"text","status":"success","message":"*Ahlan wa sahlan kak Mustafa Ismail*\r\nTerima kasih sudah melakukan pemesanan\u263a\ufe0f\r\n\r\nBerikut data a","error":null,"timestamp":"2025-08-09 18:49:50"}
{"account":"Agama","to":"6281804136333","type":"text","status":"success","message":"Terima kasih kak Mustafa Ismail sudah order eBook DaQo \ud83d\ude0a\r\n\r\nUntuk akses ebooknya bisa klik link d","error":null,"timestamp":"2025-08-09 19:18:16"}
{"account":"Agama","to":"6281804136333","type":"text","status":"success","message":"Terima kasih kak Mustafa Ismail sudah melakukan pembelian ebook Qila\u263a\ufe0f\r\n\r\n\r\nSelamat, pesanan And","error":null,"timestamp":"2025-08-09 19:18:18"}
{"account":"default","to":"6281366062228","type":"text","status":"success","message":"*Ahlan wa sahlan kak Zusman Saryadi*\r\nTerima kasih sudah melakukan pemesanan\u263a\ufe0f\r\n\r\nBerikut data a","error":null,"timestamp":"2025-08-09 19:53:02"}
{"account":"default","to":"6285643758363","type":"text","status":"success","message":"*Ahlan wa sahlan kak Nurul Ekasari Febriana*\r\nTerima kasih sudah melakukan pemesanan\u263a\ufe0f\r\n\r\nBeriku","error":null,"timestamp":"2025-08-09 21:34:39"}
{"account":"Agama","to":"6285643758363","type":"text","status":"success","message":"Terima kasih kak Nurul Ekasari Febriana sudah order eBook DaQo \ud83d\ude0a\r\n\r\nUntuk akses ebooknya bisa kli","error":null,"timestamp":"2025-08-09 21:56:42"}
{"account":"Agama","to":"6285643758363","type":"text","status":"success","message":"Terima kasih kak Nurul Ekasari Febriana sudah melakukan pembelian ebook Qila\u263a\ufe0f\r\n\r\n\r\nSelamat, pes","error":null,"timestamp":"2025-08-09 21:56:49"}
{"account":"default","to":"6281385086433","type":"text","status":"success","message":"*Ahlan wa sahlan kak Asep Saepul Bahri*\r\nTerima kasih sudah melakukan pemesanan\u263a\ufe0f\r\n\r\nBerikut dat","error":null,"timestamp":"2025-08-10 00:34:38"}
{"account":"Agama","to":"6285892706070","type":"text","status":"success","message":"Assalamu'alaikum Sumedi\r\n\r\n\r\nAnda menerima pesan ini karena Anda telah melakukan order eBook DaQo & ","error":null,"timestamp":"2025-08-10 05:45:03"}
{"account":"Agama","to":"6285655228161","type":"text","status":"success","message":"Assalamu'alaikum *Moch Irfan*\r\n\r\nAnda menerima pesan ini karena Anda telah melakukan pemesanan eBook","error":null,"timestamp":"2025-08-10 06:10:03"}
{"account":"Agama","to":"628126545794","type":"text","status":"success","message":"Assalamu'alaikum Harianto\r\n\r\n\r\nAnda menerima pesan ini karena Anda telah melakukan order eBook DaQo ","error":null,"timestamp":"2025-08-10 09:25:02"}
{"account":"default","to":"6285780146447","type":"text","status":"success","message":"*Ahlan wa sahlan kak Fadil*\r\nTerima kasih sudah melakukan pemesanan\u263a\ufe0f\r\n\r\nBerikut data anda:\r\nNam","error":null,"timestamp":"2025-08-10 12:03:45"}
{"account":"default","to":"6285780146447","type":"text","status":"success","message":"*Ahlan wa sahlan kak Fadil*\r\nTerima kasih sudah melakukan pemesanan\u263a\ufe0f\r\n\r\nBerikut data anda:\r\nNam","error":null,"timestamp":"2025-08-10 12:04:21"}
{"account":"Agama","to":"628126545794","type":"text","status":"success","message":"Terima kasih kak Harianto sudah order eBook DaQo \ud83d\ude0a\r\n\r\nUntuk akses ebooknya bisa klik link di bawa","error":null,"timestamp":"2025-08-10 12:34:11"}
{"account":"Agama","to":"628126545794","type":"text","status":"success","message":"Terima kasih kak Harianto sudah melakukan pembelian ebook Qila\u263a\ufe0f\r\n\r\n\r\nSelamat, pesanan Anda suda","error":null,"timestamp":"2025-08-10 12:34:12"}
{"account":"Agama","to":"6281366062228","type":"text","status":"success","message":"Assalamu'alaikum *Zusman Saryadi*\r\n\r\nAnda menerima pesan ini karena Anda telah melakukan pemesanan e","error":null,"timestamp":"2025-08-10 13:25:02"}
{"account":"default","to":"6285780146447","type":"text","status":"success","message":"*Ahlan wa sahlan kak Fadil*\r\nTerima kasih sudah melakukan pemesanan\u263a\ufe0f\r\n\r\nBerikut data anda:\r\nNam","error":null,"timestamp":"2025-08-10 16:13:24"}
{"account":"default","to":"6285780146447","type":"text","status":"success","message":"*Ahlan wa sahlan kak Fadil*\r\nTerima kasih sudah melakukan pemesanan\u263a\ufe0f\r\n\r\nBerikut data anda:\r\nNam","error":null,"timestamp":"2025-08-10 16:19:38"}
{"account":"default","to":"6285780146447","type":"text","status":"success","message":"*Halo kak Fadil*\r\nTerima kasih sudah memesan *TFU* \u263a\ufe0f\r\n\r\nBerikut data anda:\r\n\r\nNama: *Fadil*\r\nWa","error":null,"timestamp":"2025-08-10 16:21:36"}
{"account":"default","to":"6285780146447","type":"text","status":"success","message":"*Halo kak Fadil*\r\nTerima kasih sudah memesan *TFU* \u263a\ufe0f\r\n\r\nBerikut data anda:\r\n\r\nNama: *Fadil*\r\nWa","error":null,"timestamp":"2025-08-10 16:22:14"}
{"account":"default","to":"6285780146447","type":"text","status":"success","message":"*Halo kak Fadil*\r\nTerima kasih sudah memesan *TFU* \u263a\ufe0f\r\n\r\nBerikut data anda:\r\n\r\nNama: *Fadil*\r\nWa","error":null,"timestamp":"2025-08-10 17:47:05"}
{"account":"Bisnis","to":"6285780146447","type":"text","status":"success","message":"Test message dari CRM OneSender - 10\/08\/2025 18:01:47","error":null,"timestamp":"2025-08-10 18:02:00"}
{"account":"default","to":"62811688990","type":"text","status":"success","message":"*Ahlan wa sahlan kak Usman*\r\nTerima kasih sudah melakukan pemesanan\u263a\ufe0f\r\n\r\nBerikut data anda:\r\nNam","error":null,"timestamp":"2025-08-10 18:12:55"}
{"account":"default","to":"62811688990","type":"text","status":"success","message":"*Ahlan wa sahlan kak Usman*\r\nTerima kasih sudah melakukan pemesanan\u263a\ufe0f\r\n\r\nBerikut data anda:\r\nNam","error":null,"timestamp":"2025-08-10 18:18:16"}
{"account":"Bisnis","to":"62811688990","type":"text","status":"success","message":"Terima kasih kak Usman sudah order eBook DaQo \ud83d\ude0a\r\n\r\nUntuk akses ebook dan bonusnya bisa klik link ","error":null,"timestamp":"2025-08-10 18:28:03"}
{"account":"Bisnis","to":"62811688990","type":"text","status":"success","message":"Terima kasih atas pembelian Anda. Berikut adalah link untuk mengakses produk digital:","error":null,"timestamp":"2025-08-10 18:28:04"}
{"account":"Bisnis","to":"6285780146447","type":"text","status":"success","message":"Terima kasih kak Fadil sudah melakukan pembelian Template Follow Up\u263a\ufe0f\r\n\r\nSelamat, pesanan Anda s","error":null,"timestamp":"2025-08-10 18:28:32"}
{"account":"Bisnis","to":"6285780146447","type":"text","status":"success","message":"*Ahlan wa sahlan kak Fadil*\r\nTerima kasih sudah melakukan pemesanan\u263a\ufe0f\r\n\r\nBerikut data anda:\r\nNam","error":null,"timestamp":"2025-08-10 20:33:37"}
{"account":"Bisnis","to":"6281366062228","type":"text","status":"success","message":"Terima kasih kak Zusman Saryadi sudah order eBook DaQo \ud83d\ude0a\r\n\r\nUntuk akses ebook dan bonusnya bisa k","error":null,"timestamp":"2025-08-10 20:55:09"}
{"account":"Agama","to":"6281366062228","type":"text","status":"success","message":"Terima kasih kak Zusman Saryadi sudah melakukan pembelian ebook Qila\u263a\ufe0f\r\n\r\n\r\nSelamat, pesanan And","error":null,"timestamp":"2025-08-10 20:55:12"}
{"account":"Bisnis","to":"6285780146447","type":"text","status":"success","message":"*Ahlan wa sahlan kak Fadil*\r\nTerima kasih sudah melakukan pemesanan\u263a\ufe0f\r\n\r\nBerikut data anda:\r\nNam","error":null,"timestamp":"2025-08-10 20:56:51"}
{"account":"Bisnis","to":"6285780146447","type":"text","status":"success","message":"Terima kasih kak Fadil sudah order eBook DaQo \ud83d\ude0a\r\n\r\nUntuk akses ebook dan bonusnya bisa klik link ","error":null,"timestamp":"2025-08-10 20:57:08"}
{"account":"Bisnis","to":"6285780146447","type":"text","status":"success","message":"Terima kasih atas pembelian Anda. Berikut adalah link untuk mengakses produk digital:","error":null,"timestamp":"2025-08-10 20:57:09"}
{"account":"Bisnis","to":"6281385086433","type":"text","status":"success","message":"Assalamu'alaikum *Asep Saepul Bahri*\r\n\r\nAnda menerima pesan ini karena Anda telah melakukan pemesana","error":null,"timestamp":"2025-08-11 00:35:02"}
{"account":"Bisnis","to":"6282333065152","type":"text","status":"success","message":"*Ahlan wa sahlan kak Dini*\r\nTerima kasih sudah melakukan pemesanan\u263a\ufe0f\r\n\r\nBerikut data anda:\r\nNama","error":null,"timestamp":"2025-08-11 03:38:43"}
{"account":"Bisnis","to":"6285892706070","type":"text","status":"success","message":"Assalamu'alaikum Sumedi\r\n\r\n \r\nAnda menerima pesan ini karena Anda telah order eBook DaQo & Ebook Qil","error":null,"timestamp":"2025-08-11 05:50:03"}
{"account":"Bisnis","to":"6285655228161","type":"text","status":"success","message":"Assalamu'alaikum Moch Irfan\r\n\r\n\r\nAnda menerima pesan ini karena Anda telah melakukan order eBook DaQ","error":null,"timestamp":"2025-08-11 06:15:03"}
{"account":"Bisnis","to":"6281222030499","type":"text","status":"success","message":"*Ahlan wa sahlan kak Doddy Tisna Wirta Atmaja*\r\nTerima kasih sudah melakukan pemesanan\u263a\ufe0f\r\n\r\nBeri","error":null,"timestamp":"2025-08-11 07:36:21"}
{"account":"Bisnis","to":"6281222030499","type":"text","status":"success","message":"*Ahlan wa sahlan kak Doddy Tisna Wirta Atmaja*\r\nTerima kasih sudah melakukan pemesanan\u263a\ufe0f\r\n\r\nBeri","error":null,"timestamp":"2025-08-11 10:49:45"}
{"account":"Bisnis","to":"6281222030499","type":"text","status":"success","message":"Terima kasih kak Doddy Tisna Wirta Atmaja sudah order eBook DaQo \ud83d\ude0a\r\n\r\nUntuk akses ebook dan bonus","error":null,"timestamp":"2025-08-11 11:08:36"}
{"account":"Bisnis","to":"6285263842426","type":"text","status":"success","message":"*Ahlan wa sahlan kak Shelli Fauzia Yusya*\r\nTerima kasih sudah melakukan pemesanan\u263a\ufe0f\r\n\r\nBerikut d","error":null,"timestamp":"2025-08-11 13:21:18"}
{"account":"Bisnis","to":"6285263842426","type":"text","status":"success","message":"Terima kasih kak Shelli Fauzia Yusya sudah order eBook DaQo \ud83d\ude0a\r\n\r\nUntuk akses ebook dan bonusnya b","error":null,"timestamp":"2025-08-11 13:25:16"}
{"account":"Bisnis","to":"6285263842426","type":"text","status":"success","message":"Terima kasih kak Shelli Fauzia Yusya sudah melakukan pembelian ebook Qila\u263a\ufe0f\r\n\r\n\r\nSelamat, pesana","error":null,"timestamp":"2025-08-11 13:25:17"}
{"account":"Bisnis","to":"6285655228161","type":"text","status":"success","message":"*Ahlan wa sahlan kak Moch Irfan*\r\nTerima kasih sudah melakukan pemesanan\u263a\ufe0f\r\n\r\nBerikut data anda:","error":null,"timestamp":"2025-08-11 14:26:26"}
{"account":"Bisnis","to":"6285816545619","type":"text","status":"success","message":"*Ahlan wa sahlan kak Irwan suhadi*\r\nTerima kasih sudah melakukan pemesanan\u263a\ufe0f\r\n\r\nBerikut data and","error":null,"timestamp":"2025-08-11 18:14:47"}
{"account":"Bisnis","to":"6281342671671","type":"text","status":"success","message":"*Ahlan wa sahlan kak Tenri*\r\nTerima kasih sudah melakukan pemesanan\u263a\ufe0f\r\n\r\nBerikut data anda:\r\nNam","error":null,"timestamp":"2025-08-11 20:39:33"}
{"account":"Bisnis","to":"6282362237155","type":"text","status":"success","message":"*Ahlan wa sahlan kak KASIANI*\r\nTerima kasih sudah melakukan pemesanan\u263a\ufe0f\r\n\r\nBerikut data anda:\r\nN","error":null,"timestamp":"2025-08-11 22:12:37"}
{"account":"Bisnis","to":"6281385086433","type":"text","status":"success","message":"Assalamu'alaikum Asep Saepul Bahri\r\n\r\n\r\nAnda menerima pesan ini karena Anda telah melakukan order eB","error":null,"timestamp":"2025-08-12 00:40:03"}
{"account":"Bisnis","to":"6282333065152","type":"text","status":"success","message":"Assalamu'alaikum *Dini*\r\n\r\nAnda menerima pesan ini karena Anda telah melakukan pemesanan eBook DaQo ","error":null,"timestamp":"2025-08-12 03:40:03"}
{"account":"Bisnis","to":"6285655228161","type":"text","status":"success","message":"Terima kasih kak Moch Irfan sudah order eBook DaQo \ud83d\ude0a\r\n\r\nUntuk akses ebook dan bonusnya bisa klik ","error":null,"timestamp":"2025-08-12 05:31:18"}
{"account":"Agama","to":"6285655228161","type":"text","status":"success","message":"Terima kasih kak Moch Irfan sudah melakukan pembelian ebook Qila\u263a\ufe0f\r\n\r\n\r\nSelamat, pesanan Anda su","error":null,"timestamp":"2025-08-12 05:31:19"}
{"account":"Agama","to":"6281385086433","type":"text","status":"success","message":"Terima kasih kak Asep Saepul Bahri sudah order eBook DaQo \ud83d\ude0a\r\n\r\nUntuk akses ebook dan bonusnya bis","error":null,"timestamp":"2025-08-12 16:35:56"}
{"account":"Agama","to":"6285816545619","type":"text","status":"success","message":"Assalamu'alaikum *Irwan suhadi*\r\n\r\nAnda menerima pesan ini karena Anda telah melakukan pemesanan eBo","error":null,"timestamp":"2025-08-12 18:15:05"}
{"account":"Agama","to":"6281342671671","type":"text","status":"success","message":"Assalamu'alaikum *Tenri*\r\n\r\nAnda menerima pesan ini karena Anda telah melakukan pemesanan eBook DaQo","error":null,"timestamp":"2025-08-12 20:40:07"}
{"account":"Agama","to":"6281342671671","type":"text","status":"success","message":"Terima kasih kak Tenri sudah order eBook DaQo \ud83d\ude0a\r\n\r\nUntuk akses ebook dan bonusnya bisa klik link ","error":null,"timestamp":"2025-08-12 21:20:27"}
{"account":"Bisnis","to":"6281342671671","type":"text","status":"success","message":"Terima kasih kak Tenri sudah melakukan pembelian ebook Qila\u263a\ufe0f\r\n\r\n\r\nSelamat, pesanan Anda sudah d","error":null,"timestamp":"2025-08-12 21:20:29"}
{"account":"Agama","to":"6282362237155","type":"text","status":"success","message":"Assalamu'alaikum *KASIANI*\r\n\r\nAnda menerima pesan ini karena Anda telah melakukan pemesanan eBook Da","error":null,"timestamp":"2025-08-12 22:15:06"}
{"account":"Agama","to":"6282333065152","type":"text","status":"success","message":"Assalamu'alaikum Dini\r\n\r\n\r\nAnda menerima pesan ini karena Anda telah melakukan order eBook DaQo tapi","error":null,"timestamp":"2025-08-13 03:45:03"}
{"account":"Agama","to":"6285693944939","type":"text","status":"success","message":"*Ahlan wa sahlan kak Antok*\r\nTerima kasih sudah melakukan pemesanan\u263a\ufe0f\r\n\r\nBerikut data anda:\r\nNam","error":null,"timestamp":"2025-08-13 04:44:50"}
{"account":"Agama","to":"6285878758627","type":"text","status":"success","message":"*Ahlan wa sahlan kak Egy*\r\nTerima kasih sudah melakukan pemesanan\u263a\ufe0f\r\n\r\nBerikut data anda:\r\nNama:","error":null,"timestamp":"2025-08-13 08:31:34"}
{"account":"Agama","to":"6281288775705","type":"text","status":"success","message":"*Ahlan wa sahlan kak Azmi athoilah*\r\nTerima kasih sudah melakukan pemesanan\u263a\ufe0f\r\n\r\nBerikut data an","error":null,"timestamp":"2025-08-13 09:04:15"}
{"account":"Agama","to":"6281288775705","type":"text","status":"success","message":"Terima kasih kak Azmi athoilah sudah order eBook DaQo \ud83d\ude0a\r\n\r\nUntuk akses ebook dan bonusnya bisa kl","error":null,"timestamp":"2025-08-13 09:10:07"}
{"account":"Agama","to":"6285780146447","type":"text","status":"success","message":"*Ahlan wa sahlan kak Fadil*\r\nTerima kasih sudah melakukan pemesanan\u263a\ufe0f\r\n\r\nBerikut data anda:\r\nNam","error":null,"timestamp":"2025-08-13 10:16:11"}
{"account":"Agama","to":"6285240793777","type":"text","status":"success","message":"*Ahlan wa sahlan kak Mar atussholeha*\r\nTerima kasih sudah melakukan pemesanan\u263a\ufe0f\r\n\r\nBerikut data ","error":null,"timestamp":"2025-08-13 12:03:45"}
{"account":"Agama","to":"6285240793777","type":"text","status":"success","message":"Terima kasih kak Mar atussholeha sudah order eBook DaQo \ud83d\ude0a\r\n\r\nUntuk akses ebook dan bonusnya bisa ","error":null,"timestamp":"2025-08-13 12:37:06"}
{"account":"Agama","to":"6285890607400","type":"text","status":"success","message":"*Ahlan wa sahlan kak Anis Ridho*\r\nTerima kasih sudah melakukan pemesanan\u263a\ufe0f\r\n\r\nBerikut data anda:","error":null,"timestamp":"2025-08-13 13:55:35"}
{"account":"Agama","to":"6285816545619","type":"text","status":"success","message":"Assalamu'alaikum Irwan suhadi\r\n\r\n\r\nAnda menerima pesan ini karena Anda telah melakukan order eBook D","error":null,"timestamp":"2025-08-13 18:20:03"}
{"account":"Agama","to":"6285780146447","type":"text","status":"success","message":"*Ahlan wa sahlan kak Fadil*\r\nTerima kasih sudah melakukan pemesanan\u263a\ufe0f\r\n\r\nBerikut data anda:\r\nNam","error":null,"timestamp":"2025-08-13 18:32:42"}
{"account":"Agama","to":"6285890637400","type":"text","status":"success","message":"*Ahlan wa sahlan kak Anis Ridho*\r\nTerima kasih sudah melakukan pemesanan\u263a\ufe0f\r\n\r\nBerikut data anda:","error":null,"timestamp":"2025-08-13 18:35:24"}
{"account":"Agama","to":"6282117916546","type":"text","status":"success","message":"*Ahlan wa sahlan kak Asep Supardi*\r\nTerima kasih sudah melakukan pemesanan\u263a\ufe0f\r\n\r\nBerikut data and","error":null,"timestamp":"2025-08-13 19:31:49"}
{"account":"Agama","to":"6281212538957","type":"text","status":"success","message":"*Ahlan wa sahlan kak Nur Aini*\r\nTerima kasih sudah melakukan pemesanan\u263a\ufe0f\r\n\r\nBerikut data anda:\r\n","error":null,"timestamp":"2025-08-13 21:51:23"}
{"account":"Agama","to":"6282362237155","type":"text","status":"success","message":"Assalamu'alaikum KASIANI\r\n\r\n\r\nAnda menerima pesan ini karena Anda telah melakukan order eBook DaQo &","error":null,"timestamp":"2025-08-13 22:20:07"}
{"account":"Agama","to":"6281212538957","type":"text","status":"success","message":"Terima kasih kak Nur Aini sudah order eBook DaQo \ud83d\ude0a\r\n\r\nUntuk akses ebook dan bonusnya bisa klik li","error":null,"timestamp":"2025-08-13 22:45:11"}
{"account":"Agama","to":"6282333065152","type":"text","status":"success","message":"Assalamu'alaikum Dini\r\n\r\n \r\nAnda menerima pesan ini karena Anda telah order eBook DaQo tapi status p","error":null,"timestamp":"2025-08-14 03:50:03"}
{"account":"Agama","to":"6285693944939","type":"text","status":"success","message":"Assalamu'alaikum *Antok*\r\n\r\nAnda menerima pesan ini karena Anda telah melakukan pemesanan eBook DaQo","error":null,"timestamp":"2025-08-14 04:45:04"}
{"account":"Agama","to":"6285878758627","type":"text","status":"success","message":"Assalamu'alaikum *Egy*\r\n\r\nAnda menerima pesan ini karena Anda telah melakukan pemesanan eBook DaQo t","error":null,"timestamp":"2025-08-14 08:35:02"}
{"account":"Agama","to":"6285816545619","type":"text","status":"success","message":"Assalamu'alaikum Irwan suhadi\r\n\r\n \r\nAnda menerima pesan ini karena Anda telah order eBook DaQo & Ebo","error":null,"timestamp":"2025-08-14 18:25:04"}
{"account":"Agama","to":"6285890637400","type":"text","status":"success","message":"Assalamu'alaikum *Anis Ridho*\r\n\r\nAnda menerima pesan ini karena Anda telah melakukan pemesanan eBook","error":null,"timestamp":"2025-08-14 18:45:05"}
{"account":"Agama","to":"6285890637400","type":"text","status":"success","message":"Terima kasih kak Anis Ridho sudah order eBook DaQo \ud83d\ude0a\r\n\r\nUntuk akses ebook dan bonusnya bisa klik ","error":null,"timestamp":"2025-08-14 19:01:16"}
{"account":"Agama","to":"6285890637400","type":"text","status":"success","message":"Terima kasih kak Anis Ridho sudah melakukan pembelian ebook Qila\u263a\ufe0f\r\n\r\n\r\nSelamat, pesanan Anda su","error":null,"timestamp":"2025-08-14 19:01:18"}
{"account":"Agama","to":"6282117916546","type":"text","status":"success","message":"Assalamu'alaikum *Asep Supardi*\r\n\r\nAnda menerima pesan ini karena Anda telah melakukan pemesanan eBo","error":null,"timestamp":"2025-08-14 19:35:04"}
{"account":"Agama","to":"6282196772247","type":"text","status":"success","message":"*Ahlan wa sahlan kak Dwi Susanto*\r\nTerima kasih sudah memesan *ebook Qila*\u263a\ufe0f\r\n\r\nBerikut data and","error":null,"timestamp":"2025-08-14 21:01:36"}
{"account":"Agama","to":"6282196772247","type":"text","status":"success","message":"Terima kasih kak Dwi Susanto sudah melakukan pembelian ebook Qila\u263a\ufe0f\r\n\r\n\r\nSelamat, pesanan Anda s","error":null,"timestamp":"2025-08-14 21:36:55"}
{"account":"Agama","to":"628153907322","type":"text","status":"success","message":"*Ahlan wa sahlan kak Meili*\r\nTerima kasih sudah memesan *ebook Qila*\u263a\ufe0f\r\n\r\nBerikut data anda:\r\nNa","error":null,"timestamp":"2025-08-14 21:41:49"}
{"account":"Agama","to":"6282362237155","type":"text","status":"success","message":"Assalamu'alaikum KASIANI\r\n\r\n \r\nAnda menerima pesan ini karena Anda telah order eBook DaQo & Ebook QI","error":null,"timestamp":"2025-08-14 22:25:05"}
{"account":"Agama","to":"6285693944939","type":"text","status":"success","message":"Assalamu'alaikum Antok\r\n\r\n\r\nAnda menerima pesan ini karena Anda telah melakukan order eBook DaQo tap","error":null,"timestamp":"2025-08-15 05:00:06"}
{"account":"Agama","to":"628153907322","type":"text","status":"success","message":"Terima kasih kak Meili sudah melakukan pembelian ebook Qila\u263a\ufe0f\r\n\r\n\r\nSelamat, pesanan Anda sudah d","error":null,"timestamp":"2025-08-15 05:45:51"}
{"account":"Agama","to":"6282133216332","type":"text","status":"success","message":"*Ahlan wa sahlan kak Hendri*\r\nTerima kasih sudah memesan *ebook Ihfadz*\u263a\ufe0f\r\n\r\nBerikut data anda:\r","error":null,"timestamp":"2025-08-15 06:25:18"}
{"account":"Agama","to":"6281216106750","type":"text","status":"success","message":"*Ahlan wa sahlan kak M,Syaghir*\r\nTerima kasih sudah melakukan pemesanan\u263a\ufe0f\r\n\r\nBerikut data anda:\r","error":null,"timestamp":"2025-08-15 06:28:29"}
{"account":"Agama","to":"6282133216332","type":"text","status":"success","message":"Terima kasih kak Hendri sudah order Ebook Ihfadz \ud83d\ude0a\r\n\r\nUntuk akses ebook dan bonusnya bisa klik li","error":null,"timestamp":"2025-08-15 06:48:47"}
{"account":"Agama","to":"6285878758627","type":"text","status":"success","message":"Assalamu'alaikum Egy\r\n\r\n\r\nAnda menerima pesan ini karena Anda telah melakukan order eBook DaQo tapi ","error":null,"timestamp":"2025-08-15 08:40:03"}
{"account":"Agama","to":"6285357031288","type":"text","status":"success","message":"*Ahlan wa sahlan kak Muhammad khariri*\r\nTerima kasih sudah memesan *ebook Qila*\u263a\ufe0f\r\n\r\nBerikut dat","error":null,"timestamp":"2025-08-15 10:17:40"}
{"account":"Agama","to":"6285357031288","type":"text","status":"success","message":"Terima kasih kak Muhammad khariri sudah melakukan pembelian ebook Qila\u263a\ufe0f\r\n\r\n\r\nSelamat, pesanan A","error":null,"timestamp":"2025-08-15 10:20:33"}
{"account":"Agama","to":"6281216106750","type":"text","status":"success","message":"Terima kasih kak M,Syaghir sudah order eBook DaQo \ud83d\ude0a\r\n\r\nUntuk akses ebook dan bonusnya bisa klik l","error":null,"timestamp":"2025-08-15 14:36:26"}
{"account":"Agama","to":"62895371289647","type":"text","status":"success","message":"*Ahlan wa sahlan kak Amy Romli*\r\nTerima kasih sudah memesan *ebook Ihfadz*\u263a\ufe0f\r\n\r\nBerikut data and","error":null,"timestamp":"2025-08-15 18:36:48"}
{"account":"Agama","to":"62895371289647","type":"text","status":"success","message":"Terima kasih kak Amy Romli sudah order Ebook Ihfadz \ud83d\ude0a\r\n\r\nUntuk akses ebook dan bonusnya bisa klik","error":null,"timestamp":"2025-08-15 19:13:08"}
{"account":"Agama","to":"62895371289647","type":"text","status":"success","message":"Terima kasih kak Amy Romli sudah melakukan pembelian ebook Qila\u263a\ufe0f\r\n\r\n\r\nSelamat, pesanan Anda sud","error":null,"timestamp":"2025-08-15 19:13:09"}
{"account":"Agama","to":"6282117916546","type":"text","status":"success","message":"Assalamu'alaikum Asep Supardi\r\n\r\n\r\nAnda menerima pesan ini karena Anda telah melakukan order eBook D","error":null,"timestamp":"2025-08-15 19:40:03"}
{"account":"Agama","to":"6287831582842","type":"text","status":"success","message":"*Ahlan wa sahlan kak AZIZUL HAKIEM*\r\nTerima kasih sudah memesan *ebook Ihfadz*\u263a\ufe0f\r\n\r\nBerikut data","error":null,"timestamp":"2025-08-15 21:22:06"}
{"account":"Agama","to":"6287831582842","type":"text","status":"success","message":"Terima kasih kak AZIZUL HAKIEM sudah order Ebook Ihfadz \ud83d\ude0a\r\n\r\nUntuk akses ebook dan bonusnya bisa ","error":null,"timestamp":"2025-08-15 21:58:44"}
{"account":"Agama","to":"6285693944939","type":"text","status":"success","message":"Assalamu'alaikum Antok\r\n\r\n \r\nAnda menerima pesan ini karena Anda telah order eBook DaQo tapi status ","error":null,"timestamp":"2025-08-16 05:05:02"}
{"account":"Agama","to":"6285878758627","type":"text","status":"success","message":"Assalamu'alaikum Egy\r\n\r\n \r\nAnda menerima pesan ini karena Anda telah order eBook DaQo tapi status pe","error":null,"timestamp":"2025-08-16 08:45:03"}
{"account":"Agama","to":"6282362237155","type":"text","status":"success","message":"Terima kasih kak KASIANI sudah order eBook DaQo \ud83d\ude0a\r\n\r\nUntuk akses ebook dan bonusnya bisa klik lin","error":null,"timestamp":"2025-08-16 13:45:19"}
{"account":"Bisnis","to":"6282362237155","type":"text","status":"success","message":"Terima kasih kak KASIANI sudah melakukan pembelian ebook Qila\u263a\ufe0f\r\n\r\n\r\nSelamat, pesanan Anda sudah","error":null,"timestamp":"2025-08-16 13:45:21"}
{"account":"Agama","to":"6282117916546","type":"text","status":"success","message":"Assalamu'alaikum Asep Supardi\r\n\r\n \r\nAnda menerima pesan ini karena Anda telah order eBook DaQo tapi ","error":null,"timestamp":"2025-08-16 19:40:03"}
{"account":"Agama","to":"6285890160276","type":"text","status":"success","message":"*Ahlan wa sahlan kak aji*\r\nTerima kasih sudah melakukan pemesanan\u263a\ufe0f\r\n\r\nBerikut data anda:\r\nNama:","error":null,"timestamp":"2025-08-19 08:59:32"}
{"account":"Agama","to":"6283829245144","type":"text","status":"success","message":"*Ahlan wa sahlan kak Muslichat*\r\nTerima kasih sudah melakukan pemesanan\u263a\ufe0f\r\n\r\nBerikut data anda:\r","error":null,"timestamp":"2025-08-19 16:19:20"}
{"account":"Agama","to":"6283829245144","type":"text","status":"success","message":"Terima kasih kak Muslichat sudah order eBook DaQo \ud83d\ude0a\r\n\r\nUntuk akses ebook dan bonusnya bisa klik l","error":null,"timestamp":"2025-08-19 16:56:52"}
{"account":"Agama","to":"6283829245144","type":"text","status":"success","message":"Terima kasih kak Muslichat sudah melakukan pembelian ebook Qila\u263a\ufe0f\r\n\r\n\r\nSelamat, pesanan Anda sud","error":null,"timestamp":"2025-08-19 16:56:53"}
{"account":"Agama","to":"6285890160276","type":"text","status":"success","message":"Assalamu'alaikum *aji*\r\n\r\nAnda menerima pesan ini karena Anda telah melakukan pemesanan eBook DaQo &","error":null,"timestamp":"2025-08-20 09:00:05"}
{"account":"Agama","to":"6285890160276","type":"text","status":"success","message":"*Ahlan wa sahlan kak aji*\r\nTerima kasih sudah melakukan pemesanan\u263a\ufe0f\r\n\r\nBerikut data anda:\r\nNama:","error":null,"timestamp":"2025-08-20 19:32:48"}
{"account":"Agama","to":"6282130691939","type":"text","status":"success","message":"*Ahlan wa sahlan kak DEWI ANITSAH*\r\nTerima kasih sudah memesan *ebook Qila*\u263a\ufe0f\r\n\r\nBerikut data an","error":null,"timestamp":"2025-08-21 05:56:03"}
{"account":"Agama","to":"6282130691939","type":"text","status":"success","message":"*Ahlan wa sahlan kak DEWI ANITSAH*\r\nTerima kasih sudah memesan *ebook Qila*\u263a\ufe0f\r\n\r\nBerikut data an","error":null,"timestamp":"2025-08-21 05:57:28"}
{"account":"Agama","to":"6285890160276","type":"text","status":"success","message":"Assalamu'alaikum aji\r\n\r\n\r\nAnda menerima pesan ini karena Anda telah melakukan order eBook DaQo & Ebo","error":null,"timestamp":"2025-08-21 09:00:05"}
{"account":"Agama","to":"6282130691939","type":"text","status":"success","message":"Assalamu'alaikum *DEWI ANITSAH*\r\n\r\nAnda menerima pesan ini karena Anda telah melakukan pemesanan Ebo","error":null,"timestamp":"2025-08-22 06:00:06"}
{"account":"Agama","to":"6282130691939","type":"text","status":"success","message":"Assalamu'alaikum *DEWI ANITSAH*\r\n\r\nAnda menerima pesan ini karena Anda telah melakukan pemesanan Ebo","error":null,"timestamp":"2025-08-22 06:00:06"}
{"account":"Agama","to":"6285890160276","type":"text","status":"success","message":"Assalamu'alaikum aji\r\n\r\n \r\nAnda menerima pesan ini karena Anda telah order eBook DaQo & Ebook Qila t","error":null,"timestamp":"2025-08-22 09:00:05"}
{"account":"Agama","to":"6282130691939","type":"text","status":"success","message":"Assalamu'alaikum DEWI ANITSAH\r\n\r\n\r\n\r\nAnda menerima pesan ini karena Anda telah melakukan order Ebook","error":null,"timestamp":"2025-08-23 06:05:02"}
{"account":"Agama","to":"6282130691939","type":"text","status":"success","message":"Assalamu'alaikum DEWI ANITSAH\r\n\r\n\r\n\r\nAnda menerima pesan ini karena Anda telah melakukan order Ebook","error":null,"timestamp":"2025-08-23 06:05:03"}
{"account":"Agama","to":"6285693944939","type":"text","status":"success","message":"*Ahlan wa sahlan kak Antok*\r\nTerima kasih sudah memesan *ebook Ihfadz*\u263a\ufe0f\r\n\r\nBerikut data anda:\r\n","error":null,"timestamp":"2025-08-23 16:18:27"}
{"account":"Agama","to":"6285693944939","type":"text","status":"success","message":"Terima kasih kak Antok sudah order Ebook Ihfadz \ud83d\ude0a\r\n\r\nUntuk akses ebook dan bonusnya bisa klik lin","error":null,"timestamp":"2025-08-23 16:26:25"}
{"account":"Agama","to":"6283821518139","type":"text","status":"success","message":"*Ahlan wa sahlan kak Nurain*\r\nTerima kasih sudah memesan *ebook Ihfadz*\u263a\ufe0f\r\n\r\nBerikut data anda:\r","error":null,"timestamp":"2025-08-23 17:24:47"}
{"account":"Agama","to":"6282130691939","type":"text","status":"success","message":"Assalamu'alaikum DEWI ANITSAH\r\n\r\n \r\nAnda menerima pesan ini karena Anda telah order Ebook Qila tapi ","error":null,"timestamp":"2025-08-24 06:10:03"}
{"account":"Agama","to":"6282130691939","type":"text","status":"success","message":"Assalamu'alaikum DEWI ANITSAH\r\n\r\n \r\nAnda menerima pesan ini karena Anda telah order Ebook Qila tapi ","error":null,"timestamp":"2025-08-24 06:10:03"}
{"account":"Agama","to":"6283821518139","type":"text","status":"success","message":"Assalamu'alaikum *Nurain*\r\n\r\nAnda menerima pesan ini karena Anda telah melakukan pemesanan Ebook Ihf","error":null,"timestamp":"2025-08-24 17:25:02"}
{"account":"Agama","to":"6283821518139","type":"text","status":"success","message":"*Ahlan wa sahlan kak Nurain*\r\nTerima kasih sudah memesan *ebook Ihfadz*\u263a\ufe0f\r\n\r\nBerikut data anda:\r","error":null,"timestamp":"2025-08-25 06:17:07"}
{"account":"Agama","to":"6283821518139","type":"text","status":"success","message":"Assalamu'alaikum Nurain\r\n\r\n\r\n\r\nAnda menerima pesan ini karena Anda telah melakukan order Ebook Ihfad","error":null,"timestamp":"2025-08-25 17:25:03"}
{"account":"Agama","to":"6281345262233","type":"text","status":"success","message":"*Ahlan wa sahlan kak Rayan*\r\nTerima kasih sudah melakukan pemesanan\u263a\ufe0f\r\n\r\nBerikut data anda:\r\nNam","error":null,"timestamp":"2025-08-26 09:07:03"}
{"account":"Agama","to":"6281345262233","type":"text","status":"success","message":"Terima kasih kak Rayan sudah order eBook DaQo \ud83d\ude0a\r\n\r\nUntuk akses ebook dan bonusnya bisa klik link ","error":null,"timestamp":"2025-08-26 09:23:40"}
{"account":"Agama","to":"6285239081318","type":"text","status":"success","message":"*Ahlan wa sahlan kak Titien*\r\nTerima kasih sudah melakukan pemesanan\u263a\ufe0f\r\n\r\nBerikut data anda:\r\nNa","error":null,"timestamp":"2025-08-26 12:20:59"}
{"account":"Agama","to":"6285239081318","type":"text","status":"success","message":"Terima kasih kak Titien sudah order eBook DaQo \ud83d\ude0a\r\n\r\nUntuk akses ebook dan bonusnya bisa klik link","error":null,"timestamp":"2025-08-26 13:22:33"}
{"account":"Agama","to":"6285239081318","type":"text","status":"success","message":"Terima kasih kak Titien sudah melakukan pembelian ebook Qila\u263a\ufe0f\r\n\r\n\r\nSelamat, pesanan Anda sudah ","error":null,"timestamp":"2025-08-26 13:22:34"}
{"account":"Agama","to":"6283821518139","type":"text","status":"success","message":"Assalamu'alaikum Nurain\r\n\r\n \r\nAnda menerima pesan ini karena Anda telah order Ebook Ihfadz & Ebook Q","error":null,"timestamp":"2025-08-26 17:30:05"}
{"account":"Agama","to":"6281343815925","type":"text","status":"success","message":"*Ahlan wa sahlan kak Maya*\r\nTerima kasih sudah melakukan pemesanan\u263a\ufe0f\r\n\r\nBerikut data anda:\r\nNama","error":null,"timestamp":"2025-08-27 06:03:28"}
{"account":"Agama","to":"6281343815925","type":"text","status":"success","message":"Terima kasih kak Maya sudah order eBook DaQo \ud83d\ude0a\r\n\r\nUntuk akses ebook dan bonusnya bisa klik link d","error":null,"timestamp":"2025-08-27 06:13:00"}
{"account":"Agama","to":"6283821518139","type":"text","status":"success","message":"Assalamualaikum Nurain,\r\n\r\nSaya mau mengingatkan Anda bahwa Anda memiliki pesanan yang belum dibayar","error":null,"timestamp":"2025-08-27 17:35:02"}
{"account":"Agama","to":"62898329447384","type":"text","status":"success","message":"*Ahlan wa sahlan kak Suryati A*\r\nTerima kasih sudah melakukan pemesanan\u263a\ufe0f\r\n\r\nBerikut data anda:\r","error":null,"timestamp":"2025-08-28 05:47:52"}
{"account":"Agama","to":"628122020554","type":"text","status":"success","message":"*Ahlan wa sahlan kak Suhartono*\r\nTerima kasih sudah melakukan pemesanan\u263a\ufe0f\r\n\r\nBerikut data anda:\r","error":null,"timestamp":"2025-08-28 13:24:02"}
{"account":"Agama","to":"628122020554","type":"text","status":"success","message":"Terima kasih kak Suhartono sudah order eBook DaQo \ud83d\ude0a\r\n\r\nUntuk akses ebook dan bonusnya bisa klik l","error":null,"timestamp":"2025-08-28 13:35:29"}
{"account":"Agama","to":"6281268768707","type":"text","status":"success","message":"*Ahlan wa sahlan kak Asrizal*\r\nTerima kasih sudah melakukan pemesanan\u263a\ufe0f\r\n\r\nBerikut data anda:\r\nN","error":null,"timestamp":"2025-08-28 17:33:50"}
{"account":"Agama","to":"6281268768707","type":"text","status":"success","message":"Terima kasih kak Asrizal sudah order eBook DaQo \ud83d\ude0a\r\n\r\nUntuk akses ebook dan bonusnya bisa klik lin","error":null,"timestamp":"2025-08-28 17:39:38"}
{"account":"Agama","to":"6283821518139","type":"text","status":"success","message":"Assalamualaikum Nurain\r\n\r\nMungkin anda sudah mulai risih menerima pesan reminder dari saya\r\n\r\nTapi i","error":null,"timestamp":"2025-08-28 17:40:03"}
{"account":"Agama","to":"628812809910","type":"text","status":"success","message":"*Ahlan wa sahlan kak Zam*\r\nTerima kasih sudah melakukan pemesanan\u263a\ufe0f\r\n\r\nBerikut data anda:\r\nNama:","error":null,"timestamp":"2025-08-28 18:38:41"}
{"account":"Agama","to":"628812809910","type":"text","status":"success","message":"Terima kasih kak Zam sudah order eBook DaQo \ud83d\ude0a\r\n\r\nUntuk akses ebook dan bonusnya bisa klik link di","error":null,"timestamp":"2025-08-28 19:07:58"}
{"account":"Agama","to":"6285716587240","type":"text","status":"success","message":"*Ahlan wa sahlan kak Bery Febrian*\r\nTerima kasih sudah melakukan pemesanan\u263a\ufe0f\r\n\r\nBerikut data and","error":null,"timestamp":"2025-08-28 22:01:25"}
{"account":"Agama","to":"6285716587240","type":"text","status":"success","message":"*Ahlan wa sahlan kak Bery*\r\nTerima kasih sudah melakukan pemesanan\u263a\ufe0f\r\n\r\nBerikut data anda:\r\nNama","error":null,"timestamp":"2025-08-28 22:52:30"}
{"account":"Agama","to":"6282191913693","type":"text","status":"success","message":"*Ahlan wa sahlan kak Yulin*\r\nTerima kasih sudah melakukan pemesanan\u263a\ufe0f\r\n\r\nBerikut data anda:\r\nNam","error":null,"timestamp":"2025-08-29 04:00:01"}
{"account":"Agama","to":"62898329447384","type":"text","status":"success","message":"Assalamu'alaikum *Suryati A*\r\n\r\nAnda menerima pesan ini karena Anda telah melakukan pemesanan eBook ","error":null,"timestamp":"2025-08-29 05:50:04"}
{"account":"Agama","to":"6281378755834","type":"text","status":"success","message":"*Ahlan wa sahlan kak Rahma hanisa nst*\r\nTerima kasih sudah melakukan pemesanan\u263a\ufe0f\r\n\r\nBerikut data","error":null,"timestamp":"2025-08-29 07:10:41"}
{"account":"Agama","to":"6285370121663","type":"text","status":"success","message":"*Ahlan wa sahlan kak Sahridan Lumban Tobing*\r\nTerima kasih sudah melakukan pemesanan\u263a\ufe0f\r\n\r\nBeriku","error":null,"timestamp":"2025-08-29 07:14:48"}
{"account":"Agama","to":"6285716587240","type":"text","status":"success","message":"*Ahlan wa sahlan kak Bery Febrian*\r\nTerima kasih sudah melakukan pemesanan\u263a\ufe0f\r\n\r\nBerikut data and","error":null,"timestamp":"2025-08-29 08:28:16"}
{"account":"Agama","to":"6285716587240","type":"text","status":"success","message":"*Ahlan wa sahlan kak Bery Febrian*\r\nTerima kasih sudah melakukan pemesanan\u263a\ufe0f\r\n\r\nBerikut data and","error":null,"timestamp":"2025-08-29 08:29:14"}
{"account":"Agama","to":"6282143143662","type":"text","status":"success","message":"*Ahlan wa sahlan kak Dyah Sulistyawati, A.Md.*\r\nTerima kasih sudah melakukan pemesanan\u263a\ufe0f\r\n\r\nBeri","error":null,"timestamp":"2025-08-29 08:53:41"}
{"account":"Agama","to":"6282143143662","type":"text","status":"success","message":"Terima kasih kak Dyah Sulistyawati, A.Md. sudah order eBook DaQo \ud83d\ude0a\r\n\r\nUntuk akses ebook dan bonus","error":null,"timestamp":"2025-08-29 09:04:43"}
{"account":"Agama","to":"6282143143662","type":"text","status":"success","message":"Terima kasih kak Dyah Sulistyawati, A.Md. sudah melakukan pembelian ebook Qila\u263a\ufe0f\r\n\r\n\r\nSelamat, p","error":null,"timestamp":"2025-08-29 09:04:44"}
{"account":"Agama","to":"6288704217437","type":"text","status":"success","message":"*Ahlan wa sahlan kak Yulianti*\r\nTerima kasih sudah melakukan pemesanan\u263a\ufe0f\r\n\r\nBerikut data anda:\r\n","error":null,"timestamp":"2025-08-29 09:15:11"}
{"account":"Agama","to":"6288704217437","type":"text","status":"success","message":"Terima kasih kak Yulianti sudah order eBook DaQo \ud83d\ude0a\r\n\r\nUntuk akses ebook dan bonusnya bisa klik li","error":null,"timestamp":"2025-08-29 09:24:09"}
{"account":"Agama","to":"6288704217437","type":"text","status":"success","message":"Terima kasih kak Yulianti sudah melakukan pembelian ebook Qila\u263a\ufe0f\r\n\r\n\r\nSelamat, pesanan Anda suda","error":null,"timestamp":"2025-08-29 09:24:10"}
{"account":"Agama","to":"6285606564862","type":"text","status":"success","message":"*Ahlan wa sahlan kak Kabulhermanto*\r\nTerima kasih sudah memesan *ebook Ihfadz*\u263a\ufe0f\r\n\r\nBerikut data","error":null,"timestamp":"2025-08-29 13:30:20"}
{"account":"Agama","to":"6285606564862","type":"text","status":"success","message":"Terima kasih kak Kabulhermanto sudah order Ebook Ihfadz \ud83d\ude0a\r\n\r\nUntuk akses ebook dan bonusnya bisa ","error":null,"timestamp":"2025-08-29 13:36:39"}
{"account":"Agama","to":"6282119691134","type":"text","status":"success","message":"*Ahlan wa sahlan kak Afriyeni*\r\nTerima kasih sudah melakukan pemesanan eBook DaQo\u263a\ufe0f\r\n\r\nBerikut d","error":null,"timestamp":"2025-08-29 18:08:36"}
{"account":"Agama","to":"6282119691134","type":"text","status":"success","message":"Terima kasih kak Afriyeni sudah order eBook DaQo \ud83d\ude0a\r\n\r\nUntuk akses ebook dan bonusnya bisa klik li","error":null,"timestamp":"2025-08-29 19:09:38"}

{"account":"Agama","to":"6285716587240","type":"text","status":"success","message":"Assalamu'alaikum *Bery Febrian*\r\n\r\nAnda menerima pesan ini karena Anda telah melakukan pemesanan eBo","error":null,"timestamp":"2025-08-29 22:55:02"}
{"account":"Agama","to":"6282191913693","type":"text","status":"success","message":"Assalamu'alaikum *Yulin*\r\n\r\nAnda menerima pesan ini karena Anda telah melakukan pemesanan eBook DaQo","error":null,"timestamp":"2025-08-30 04:00:06"}
{"account":"Agama","to":"6282321244915","type":"text","status":"success","message":"*Ahlan wa sahlan kak Irham*\r\nTerima kasih sudah melakukan pemesanan eBook DaQo\u263a\ufe0f\r\n\r\nBerikut data","error":null,"timestamp":"2025-08-30 04:45:40"}
{"account":"Agama","to":"62898329447384","type":"text","status":"success","message":"Assalamu'alaikum Suryati A\r\n\r\n\r\nAnda menerima pesan ini karena Anda telah melakukan order eBook DaQo","error":null,"timestamp":"2025-08-30 05:55:02"}
{"account":"Agama","to":"6281378755834","type":"text","status":"success","message":"Assalamu'alaikum *Rahma hanisa nst*\r\n\r\nAnda menerima pesan ini karena Anda telah melakukan pemesanan","error":null,"timestamp":"2025-08-30 07:15:03"}
{"account":"Agama","to":"6285370121663","type":"text","status":"success","message":"Assalamu'alaikum *Sahridan Lumban Tobing*\r\n\r\nAnda menerima pesan ini karena Anda telah melakukan pem","error":null,"timestamp":"2025-08-30 07:15:04"}
{"account":"Agama","to":"6285716587240","type":"text","status":"success","message":"Terima kasih kak Bery Febrian sudah order eBook DaQo \ud83d\ude0a\r\n\r\nUntuk akses ebook dan bonusnya bisa kli","error":null,"timestamp":"2025-08-30 07:35:44"}
{"account":"Agama","to":"62818535366","type":"text","status":"success","message":"*Ahlan wa sahlan kak ilham wahyu*\r\nTerima kasih sudah melakukan pemesanan eBook DaQo\u263a\ufe0f\r\n\r\nBeriku","error":null,"timestamp":"2025-08-30 12:10:42"}
{"account":"Agama","to":"628111009897","type":"text","status":"success","message":"Terima kasih kak ilham wahyu sudah order eBook DaQo \ud83d\ude0a\r\n\r\nUntuk akses ebook dan bonusnya bisa klik","error":null,"timestamp":"2025-08-30 12:19:02"}
{"account":"Agama","to":"6289510200333","type":"text","status":"success","message":"Assalamu'alaikum *Isar Tambunan*\r\n\r\nAnda menerima pesan ini karena Anda telah melakukan pemesanan eB","error":null,"timestamp":"2025-08-30 20:15:09"}
{"account":"Agama","to":"6282191913693","type":"text","status":"success","message":"Assalamu'alaikum Yulin\r\n\r\n\r\nAnda menerima pesan ini karena Anda telah melakukan order eBook DaQo tap","error":null,"timestamp":"2025-08-31 04:00:06"}
{"account":"Agama","to":"6282321244915","type":"text","status":"success","message":"Assalamu'alaikum *Irham*\r\n\r\nAnda menerima pesan ini karena Anda telah melakukan pemesanan eBook DaQo","error":null,"timestamp":"2025-08-31 04:50:03"}
{"account":"Agama","to":"62898329447384","type":"text","status":"success","message":"Assalamu'alaikum Suryati A\r\n\r\n \r\nAnda menerima pesan ini karena Anda telah order eBook DaQo tapi sta","error":null,"timestamp":"2025-08-31 05:55:02"}
{"account":"Agama","to":"6281378755834","type":"text","status":"success","message":"Assalamu'alaikum Rahma hanisa nst\r\n\r\n\r\nAnda menerima pesan ini karena Anda telah melakukan order eBo","error":null,"timestamp":"2025-08-31 07:20:03"}
{"account":"Agama","to":"6285370121663","type":"text","status":"success","message":"Assalamu'alaikum Sahridan Lumban Tobing\r\n\r\n\r\nAnda menerima pesan ini karena Anda telah melakukan ord","error":null,"timestamp":"2025-08-31 07:20:04"}
{"account":"Agama","to":"6289510200333","type":"text","status":"success","message":"Terima kasih kak Isar Tambunan sudah order eBook DaQo \ud83d\ude0a\r\n\r\nUntuk akses ebook dan bonusnya bisa kl","error":null,"timestamp":"2025-08-31 08:29:08"}
{"account":"Agama","to":"6289510200333","type":"text","status":"success","message":"Terima kasih kak Isar Tambunan sudah melakukan pembelian ebook Qila\u263a\ufe0f\r\n\r\n\r\nSelamat, pesanan Anda","error":null,"timestamp":"2025-08-31 08:29:09"}
