{"account":"Agama","to":"62811129089","type":"text","status":"success","message":"Baik kak Nugroho, terima kasih atas pembayarannya \u263a\ufe0f\r\n\r\nSelanjutnya bersama pengajarnya ya","error":null,"timestamp":"2025-07-01 13:01:37"}
{"account":"default","to":"6281387698466","type":"text","status":"success","message":"*Ahlan wa sahlan kak Whysendharmo Santoso*\r\nTerima kasih sudah memesan *ebook Ihfadz*\u263a\ufe0f\r\n\r\nBerik","error":null,"timestamp":"2025-07-02 10:03:15"}
{"account":"default","to":"6285850051921","type":"text","status":"success","message":"*Ahlan wa sahlan kak Hery Purwonugroho*\r\nTerima kasih sudah memesan *ebook Ihfadz*\u263a\ufe0f\r\n\r\nBerikut ","error":null,"timestamp":"2025-07-02 16:40:46"}
{"account":"Agama","to":"6285850051921","type":"text","status":"success","message":"Terima kasih kak Hery Purwonugroho sudah order Ebook Ihfadz \ud83d\ude0a\r\n\r\nUntuk akses ebook dan bonusnya b","error":null,"timestamp":"2025-07-02 17:10:38"}
{"account":"Agama","to":"6285850051921","type":"text","status":"success","message":"Terima kasih kak Hery Purwonugroho sudah melakukan pembelian ebook Qila\u263a\ufe0f\r\n\r\n\r\nSelamat, pesanan ","error":null,"timestamp":"2025-07-02 17:10:39"}
{"account":"default","to":"628537012663","type":"text","status":"success","message":"*Ahlan wa sahlan kak Sahridan Lumban Tobing*\r\nTerima kasih sudah memesan *ebook Ihfadz*\u263a\ufe0f\r\n\r\nBer","error":null,"timestamp":"2025-07-03 08:07:14"}
{"account":"Agama","to":"6281387698466","type":"text","status":"success","message":"Assalamu'alaikum *Whysendharmo Santoso*\r\n\r\nAnda menerima pesan ini karena Anda telah melakukan pemes","error":null,"timestamp":"2025-07-03 10:05:04"}
{"account":"default","to":"6281245558784","type":"text","status":"success","message":"*Ahlan wa sahlan kak Faqih Prayitno*\r\nTerima kasih sudah memesan *ebook Ihfadz*\u263a\ufe0f\r\n\r\nBerikut dat","error":null,"timestamp":"2025-07-03 15:09:29"}
{"account":"Agama","to":"6281245558784","type":"text","status":"success","message":"Terima kasih kak Faqih Prayitno sudah order Ebook Ihfadz \ud83d\ude0a\r\n\r\nUntuk akses ebook dan bonusnya bisa","error":null,"timestamp":"2025-07-03 16:01:57"}
{"account":"Agama","to":"6281245558784","type":"text","status":"success","message":"Terima kasih kak Faqih Prayitno sudah melakukan pembelian ebook Qila\u263a\ufe0f\r\n\r\n\r\nSelamat, pesanan And","error":null,"timestamp":"2025-07-03 16:01:58"}
{"account":"default","to":"6285370121663","type":"text","status":"success","message":"*Ahlan wa sahlan kak Sahridan Lumban Tobing*\r\nTerima kasih sudah memesan *ebook Ihfadz*\u263a\ufe0f\r\n\r\nBer","error":null,"timestamp":"2025-07-03 16:10:47"}
{"account":"Agama","to":"6281387698466","type":"text","status":"success","message":"Assalamu'alaikum Whysendharmo Santoso\r\n\r\n\r\n\r\nAnda menerima pesan ini karena Anda telah melakukan ord","error":null,"timestamp":"2025-07-04 10:10:03"}
{"account":"Agama","to":"6285370121663","type":"text","status":"success","message":"Assalamu'alaikum *Sahridan Lumban Tobing*\r\n\r\nAnda menerima pesan ini karena Anda telah melakukan pem","error":null,"timestamp":"2025-07-04 16:15:03"}
{"account":"default","to":"6285370121663","type":"text","status":"success","message":"*Ahlan wa sahlan kak Sahridan Lumban Tobing*\r\nTerima kasih sudah memesan *ebook Ihfadz*\u263a\ufe0f\r\n\r\nBer","error":null,"timestamp":"2025-07-04 19:55:51"}
{"account":"Agama","to":"6281387698466","type":"text","status":"success","message":"Assalamu'alaikum Whysendharmo Santoso\r\n\r\n \r\nAnda menerima pesan ini karena Anda telah order Ebook Ih","error":null,"timestamp":"2025-07-05 10:15:03"}
{"account":"Agama","to":"6285370121663","type":"text","status":"success","message":"Assalamu'alaikum Sahridan Lumban Tobing\r\n\r\n\r\n\r\nAnda menerima pesan ini karena Anda telah melakukan o","error":null,"timestamp":"2025-07-05 16:20:03"}
{"account":"default","to":"62818597125","type":"text","status":"success","message":"*Ahlan wa sahlan kak Satrio Budihardjo*\r\nTerima kasih sudah berminat ikut program Tahfidz *QurMa Suk","error":null,"timestamp":"2025-07-05 19:50:49"}
{"account":"default","to":"62818597125","type":"text","status":"success","message":"*Ahlan wa sahlan kak Satrio Budihardjo*\r\nTerima kasih sudah berminat ikut program Tahfidz *QurMa Suk","error":null,"timestamp":"2025-07-05 19:54:28"}
{"account":"default","to":"6285772339033","type":"text","status":"success","message":"*Ahlan wa sahlan kak Helva Yetti, S.Ag*\r\nTerima kasih sudah berminat ikut program Tahfidz *QurMa Suk","error":null,"timestamp":"2025-07-06 07:53:18"}
{"account":"Agama","to":"6281387698466","type":"text","status":"success","message":"Assalamualaikum Whysendharmo Santoso,\r\n\r\nSaya mau mengingatkan Anda bahwa Anda memiliki pesanan yang","error":null,"timestamp":"2025-07-06 10:20:03"}
{"account":"Agama","to":"6285370121663","type":"text","status":"success","message":"Assalamu'alaikum Sahridan Lumban Tobing\r\n\r\n \r\nAnda menerima pesan ini karena Anda telah order Ebook ","error":null,"timestamp":"2025-07-06 16:25:03"}
{"account":"default","to":"6282116868084","type":"text","status":"success","message":"*Ahlan wa sahlan kak Wida adawiyah*\r\nTerima kasih sudah memesan *ebook Qila*\u263a\ufe0f\r\n\r\nBerikut data a","error":null,"timestamp":"2025-07-06 16:37:17"}
{"account":"Agama","to":"6282116868084","type":"text","status":"success","message":"Terima kasih kak Wida adawiyah sudah melakukan pembelian ebook Qila\u263a\ufe0f\r\n\r\n\r\nSelamat, pesanan Anda","error":null,"timestamp":"2025-07-06 17:46:12"}
{"account":"default","to":"6285715300525","type":"text","status":"success","message":"*Ahlan wa sahlan kak Choyarudin*\r\nTerima kasih sudah memesan *ebook Ihfadz*\u263a\ufe0f\r\n\r\nBerikut data an","error":null,"timestamp":"2025-07-06 22:44:04"}
{"account":"Agama","to":"6285715300525","type":"text","status":"success","message":"Terima kasih kak Choyarudin sudah order Ebook Ihfadz \ud83d\ude0a\r\n\r\nUntuk akses ebook dan bonusnya bisa kli","error":null,"timestamp":"2025-07-06 23:19:32"}
{"account":"default","to":"62820165909191","type":"text","status":"success","message":"*Ahlan wa sahlan kak Meiliana (mama ATTAR)*\r\nTerima kasih sudah memesan *ebook Qila*\u263a\ufe0f\r\n\r\nBeriku","error":null,"timestamp":"2025-07-07 08:28:23"}
{"account":"Agama","to":"6281387698466","type":"text","status":"success","message":"Assalamualaikum Whysendharmo Santoso\r\n\r\nMungkin anda sudah mulai risih menerima pesan reminder dari ","error":null,"timestamp":"2025-07-07 10:20:03"}
{"account":"default","to":"6285311111515","type":"text","status":"success","message":"*Ahlan wa sahlan kak Santo*\r\nTerima kasih sudah memesan *ebook Ihfadz*\u263a\ufe0f\r\n\r\nBerikut data anda:\r\n","error":null,"timestamp":"2025-07-07 16:22:32"}
{"account":"Agama","to":"6285370121663","type":"text","status":"success","message":"Assalamualaikum Sahridan Lumban Tobing,\r\n\r\nSaya mau mengingatkan Anda bahwa Anda memiliki pesanan ya","error":null,"timestamp":"2025-07-07 16:30:04"}
{"account":"Agama","to":"6285311111515","type":"text","status":"success","message":"Terima kasih kak Santo sudah order Ebook Ihfadz \ud83d\ude0a\r\n\r\nUntuk akses ebook dan bonusnya bisa klik lin","error":null,"timestamp":"2025-07-07 16:31:21"}
{"account":"Agama","to":"6285311111515","type":"text","status":"success","message":"Terima kasih kak Santo sudah melakukan pembelian ebook Qila\u263a\ufe0f\r\n\r\n\r\nSelamat, pesanan Anda sudah d","error":null,"timestamp":"2025-07-07 16:31:21"}
{"account":"default","to":"62895618299250","type":"text","status":"success","message":"*Ahlan wa sahlan kak shelvy ika*\r\nTerima kasih sudah memesan *ebook Ihfadz*\u263a\ufe0f\r\n\r\nBerikut data an","error":null,"timestamp":"2025-07-07 18:08:08"}
{"account":"Agama","to":"62895618299250","type":"text","status":"success","message":"Terima kasih kak shelvy ika sudah order Ebook Ihfadz \ud83d\ude0a\r\n\r\nUntuk akses ebook dan bonusnya bisa kli","error":null,"timestamp":"2025-07-07 19:48:37"}
{"account":"Agama","to":"62818597125","type":"text","status":"success","message":"Terima kasih kak Satrio Budihardjo sudah melakukan pembayaran program QurMa Sukkari\u263a\ufe0f\r\n\r\nUntuk s","error":null,"timestamp":"2025-07-07 19:49:31"}
{"account":"Agama","to":"62820165909191","type":"text","status":"success","message":"Assalamu'alaikum *Meiliana (mama ATTAR)*\r\n\r\nAnda menerima pesan ini karena Anda telah melakukan peme","error":null,"timestamp":"2025-07-08 08:30:04"}
{"account":"default","to":"6285723416781","type":"text","status":"success","message":"*Ahlan wa sahlan kak Hidayat*\r\nTerima kasih sudah memesan *ebook Qila*\u263a\ufe0f\r\n\r\nBerikut data anda:\r\n","error":null,"timestamp":"2025-07-08 10:33:17"}
{"account":"Agama","to":"6285723416781","type":"text","status":"success","message":"Terima kasih kak Hidayat sudah melakukan pembelian ebook Qila\u263a\ufe0f\r\n\r\n\r\nSelamat, pesanan Anda sudah","error":null,"timestamp":"2025-07-08 10:41:30"}
{"account":"Agama","to":"6285370121663","type":"text","status":"success","message":"Assalamualaikum Sahridan Lumban Tobing\r\n\r\nMungkin anda sudah mulai risih menerima pesan reminder dar","error":null,"timestamp":"2025-07-08 16:35:03"}
{"account":"default","to":"628537012663","type":"text","status":"success","message":"*Ahlan wa sahlan kak Sahridan Lumban Tobing*\r\nTerima kasih sudah memesan *ebook Ihfadz*\u263a\ufe0f\r\n\r\nBer","error":null,"timestamp":"2025-07-09 08:35:30"}
{"account":"Agama","to":"628537012663","type":"text","status":"success","message":"Assalamu'alaikum *Sahridan Lumban Tobing*\r\n\r\nAnda menerima pesan ini karena Anda telah melakukan pem","error":null,"timestamp":"2025-07-10 08:40:03"}
{"account":"Agama","to":"6289507245394","type":"text","status":"success","message":"Terima kasih kak Doni sudah order Ebook Ihfadz \ud83d\ude0a\r\n\r\nUntuk akses ebook dan bonusnya bisa klik link","error":null,"timestamp":"2025-07-10 09:34:52"}
{"account":"Agama","to":"628537012663","type":"text","status":"success","message":"Assalamu'alaikum Sahridan Lumban Tobing\r\n\r\n\r\n\r\nAnda menerima pesan ini karena Anda telah melakukan o","error":null,"timestamp":"2025-07-11 08:45:03"}
{"account":"default","to":"6285973141592","type":"text","status":"success","message":"*Ahlan wa sahlan kak Ade Irawan*\r\nTerima kasih sudah berminat ikut program Tahsin *TOB*\u263a\ufe0f\r\n\r\nBer","error":null,"timestamp":"2025-07-11 08:52:02"}
{"account":"Agama","to":"6285973141592","type":"text","status":"success","message":"Terima kasih kak Ade Irawan sudah melakukan pembayaran program TOB\u263a\ufe0f\r\n\r\nUntuk selanjutnya, silak","error":null,"timestamp":"2025-07-11 10:10:26"}
{"account":"Agama","to":"6285973141592","type":"text","status":"success","message":"Terima kasih kak Ade Irawan sudah melakukan pembelian ebook Qila\u263a\ufe0f\r\n\r\n\r\nSelamat, pesanan Anda su","error":null,"timestamp":"2025-07-11 10:10:27"}
{"account":"default","to":"628537012663","type":"text","status":"success","message":"*Ahlan wa sahlan kak Sahridan Lumban Tobing*\r\nTerima kasih sudah memesan *ebook Ihfadz*\u263a\ufe0f\r\n\r\nBer","error":null,"timestamp":"2025-07-11 17:10:44"}
{"account":"Agama","to":"628537012663","type":"text","status":"success","message":"Assalamu'alaikum Sahridan Lumban Tobing\r\n\r\n \r\nAnda menerima pesan ini karena Anda telah order Ebook ","error":null,"timestamp":"2025-07-12 08:50:03"}
{"account":"default","to":"628537012663","type":"text","status":"success","message":"*Ahlan wa sahlan kak Sahridan Lumban Tobing*\r\nTerima kasih sudah memesan *ebook Ihfadz*\u263a\ufe0f\r\n\r\nBer","error":null,"timestamp":"2025-07-12 09:21:15"}
{"account":"default","to":"628537012663","type":"text","status":"success","message":"*Ahlan wa sahlan kak Sahridan Lumban Tobing*\r\nTerima kasih sudah memesan *ebook Ihfadz*\u263a\ufe0f\r\n\r\nBer","error":null,"timestamp":"2025-07-12 10:05:41"}
{"account":"default","to":"6282156248859","type":"text","status":"success","message":"*Ahlan wa sahlan kak Hamba*\r\nTerima kasih sudah berminat ikut program Tahfidz *QurMa Sukkari*\u263a\ufe0f\r","error":null,"timestamp":"2025-07-12 21:00:19"}
{"account":"Agama","to":"6282156248859","type":"text","status":"success","message":"Terima kasih kak Hamba sudah melakukan pembayaran program QurMa Sukkari\u263a\ufe0f\r\n\r\nUntuk selanjutnya, ","error":null,"timestamp":"2025-07-12 21:09:47"}
{"account":"Agama","to":"628537012663","type":"text","status":"success","message":"Assalamualaikum Sahridan Lumban Tobing,\r\n\r\nSaya mau mengingatkan Anda bahwa Anda memiliki pesanan ya","error":null,"timestamp":"2025-07-13 08:55:03"}
{"account":"Agama","to":"628537012663","type":"text","status":"success","message":"Assalamualaikum Sahridan Lumban Tobing\r\n\r\nMungkin anda sudah mulai risih menerima pesan reminder dar","error":null,"timestamp":"2025-07-14 09:00:05"}
{"account":"default","to":"62746337832","type":"text","status":"success","message":"*Ahlan wa sahlan kak asaa*\r\nTerima kasih sudah memesan *ebook Qila*\u263a\ufe0f\r\n\r\nBerikut data anda:\r\nNam","error":null,"timestamp":"2025-07-14 13:21:29"}
{"account":"default","to":"62746337832","type":"text","status":"success","message":"*Ahlan wa sahlan kak asaa*\r\nTerima kasih sudah memesan *ebook Qila*\u263a\ufe0f\r\n\r\nBerikut data anda:\r\nNam","error":null,"timestamp":"2025-07-14 16:52:30"}
{"account":"Agama","to":"62746337832","type":"text","status":"success","message":"Assalamu'alaikum *asaa*\r\n\r\nAnda menerima pesan ini karena Anda telah melakukan pemesanan Ebook Qila ","error":null,"timestamp":"2025-07-15 13:25:03"}
{"account":"default","to":"6282288001134","type":"text","status":"success","message":"Baik kak Wardati, silakan transfer *Rp 149.000* ke rekening *BSI. 7099595684* atas nama *Fadil Muham","error":null,"timestamp":"2025-07-16 11:12:37"}
{"account":"default","to":"6285708880391","type":"text","status":"success","message":"*Ahlan wa sahlan kak MUHAMMAD IOBAL*\r\nTerima kasih sudah memesan *ebook Ihfadz*\u263a\ufe0f\r\n\r\nBerikut dat","error":null,"timestamp":"2025-07-16 12:30:58"}
{"account":"default","to":"6285708880391","type":"text","status":"success","message":"*Ahlan wa sahlan kak MUHAMMAD IOBAL*\r\nTerima kasih sudah memesan *ebook Ihfadz*\u263a\ufe0f\r\n\r\nBerikut dat","error":null,"timestamp":"2025-07-16 12:31:04"}
{"account":"default","to":"6285708880391","type":"text","status":"success","message":"*Ahlan wa sahlan kak MUHAMMAD IOBAL*\r\nTerima kasih sudah memesan *ebook Ihfadz*\u263a\ufe0f\r\n\r\nBerikut dat","error":null,"timestamp":"2025-07-16 12:31:05"}
{"account":"default","to":"6285708880391","type":"text","status":"success","message":"*Ahlan wa sahlan kak MUHAMMAD IOBAL*\r\nTerima kasih sudah memesan *ebook Ihfadz*\u263a\ufe0f\r\n\r\nBerikut dat","error":null,"timestamp":"2025-07-16 12:31:05"}
{"account":"Agama","to":"62746337832","type":"text","status":"success","message":"Assalamu'alaikum asaa\r\n\r\n\r\n\r\nAnda menerima pesan ini karena Anda telah melakukan order Ebook Qila ta","error":null,"timestamp":"2025-07-16 13:30:04"}
{"account":"default","to":"6287771510321","type":"text","status":"success","message":"*Ahlan wa sahlan kak Yadi Kiki*\r\nTerima kasih sudah memesan *ebook Qila*\u263a\ufe0f\r\n\r\nBerikut data anda:","error":null,"timestamp":"2025-07-16 21:44:46"}
{"account":"Agama","to":"6287771510321","type":"text","status":"success","message":"Terima kasih kak Yadi Kiki sudah melakukan pembelian ebook Qila\u263a\ufe0f\r\n\r\n\r\nSelamat, pesanan Anda sud","error":null,"timestamp":"2025-07-16 22:04:36"}
{"account":"Agama","to":"6282288001134","type":"text","status":"success","message":"Baik kak Wardati, terima kasih atas pembayarannya \u263a\ufe0f\r\n\r\nSelanjutnya bersama pengajarnya ya","error":null,"timestamp":"2025-07-17 10:30:11"}
{"account":"Agama","to":"6285708880391","type":"text","status":"success","message":"Assalamu'alaikum *MUHAMMAD IOBAL*\r\n\r\nAnda menerima pesan ini karena Anda telah melakukan pemesanan E","error":null,"timestamp":"2025-07-17 12:35:03"}
{"account":"Agama","to":"6285780146447","type":"text","status":"success","message":"Hai Fadil\r\n\r\nEbook Ihfadz & Testing\r\nRp 27.000","error":null,"timestamp":"2025-07-17 15:05:03"}
{"account":"Agama","to":"6285780146447","type":"text","status":"success","message":"Hai Fadil\r\n\r\nEbook Ihfadz & Testing\r\nRp 27.000","error":null,"timestamp":"2025-07-17 15:05:04"}
{"account":"Agama","to":"6285780146447","type":"image","status":"success","message":"sama ini yang keuda Ebook Ihfadz & Testing Rp 27.000","error":null,"timestamp":"2025-07-17 16:10:05"}
{"account":"Agama","to":"6285780146447","type":"image","status":"success","message":"sama ini yang keuda Ebook Ihfadz & Testing Rp 27.000","error":null,"timestamp":"2025-07-17 16:10:06"}
{"account":"Agama","to":"6285780146447","type":"text","status":"success","message":"Hai, coba pesn 3","error":null,"timestamp":"2025-07-17 17:15:05"}
{"account":"Agama","to":"6285780146447","type":"text","status":"success","message":"Hai, coba pesn 3","error":null,"timestamp":"2025-07-17 17:15:05"}
{"account":"default","to":"6282122573838","type":"text","status":"success","message":"*Ahlan wa sahlan kak Iin s*\r\nTerima kasih sudah memesan *ebook Qila*\u263a\ufe0f\r\n\r\nBerikut data anda:\r\nNa","error":null,"timestamp":"2025-07-17 20:59:41"}
{"account":"default","to":"6285715300525","type":"text","status":"success","message":"*Ahlan wa sahlan kak Choyarudin*\r\nTerima kasih sudah memesan *ebook Ihfadz*\u263a\ufe0f\r\n\r\nBerikut data an","error":null,"timestamp":"2025-07-18 07:35:27"}
{"account":"Agama","to":"6285708880391","type":"text","status":"success","message":"Assalamu'alaikum MUHAMMAD IOBAL\r\n\r\n\r\n\r\nAnda menerima pesan ini karena Anda telah melakukan order Ebo","error":null,"timestamp":"2025-07-18 12:40:04"}
{"account":"Agama","to":"6285780146447","type":"text","status":"success","message":"Hai Fadil\r\n\r\nEbook Ihfadz & Testing\r\nRp 27.000","error":null,"timestamp":"2025-07-18 14:50:04"}
{"account":"Agama","to":"6285780146447","type":"image","status":"success","message":"sama ini yang keuda Ebook Ihfadz & Testing Rp 27.000","error":null,"timestamp":"2025-07-18 15:50:09"}
{"account":"Agama","to":"6285780146447","type":"text","status":"success","message":"Hai, coba pesn 3","error":null,"timestamp":"2025-07-18 16:55:03"}
{"account":"Agama","to":"6285780146447","type":"text","status":"success","message":"Tambah yang 4 ya Fadil","error":null,"timestamp":"2025-07-18 17:20:05"}
{"account":"Agama","to":"6285780146447","type":"text","status":"success","message":"Tambah yang 4 ya Fadil","error":null,"timestamp":"2025-07-18 17:20:05"}
{"account":"Agama","to":"6285715300525","type":"text","status":"success","message":"Terima kasih kak Choyarudin sudah order Ebook Ihfadz \ud83d\ude0a\r\n\r\nUntuk akses ebook dan bonusnya bisa kli","error":null,"timestamp":"2025-07-18 19:03:55"}
{"account":"Agama","to":"6282122573838","type":"text","status":"success","message":"Assalamu'alaikum *Iin s*\r\n\r\nAnda menerima pesan ini karena Anda telah melakukan pemesanan Ebook Qila","error":null,"timestamp":"2025-07-18 21:00:11"}
{"account":"Agama","to":"6285708880391","type":"text","status":"success","message":"Assalamu'alaikum MUHAMMAD IOBAL\r\n\r\n \r\nAnda menerima pesan ini karena Anda telah order Ebook Ihfadz t","error":null,"timestamp":"2025-07-19 12:45:08"}
{"account":"Agama","to":"6285708880391","type":"text","status":"success","message":"Assalamualaikum MUHAMMAD IOBAL,\r\n\r\nSaya mau mengingatkan Anda bahwa Anda memiliki pesanan yang belum","error":null,"timestamp":"2025-07-20 12:50:04"}
{"account":"default","to":"6281256470084","type":"text","status":"success","message":"*Ahlan wa sahlan kak Dessyar*\r\nTerima kasih sudah memesan *ebook Qila*\u263a\ufe0f\r\n\r\nBerikut data anda:\r\n","error":null,"timestamp":"2025-07-21 06:51:17"}
{"account":"default","to":"6281256470084","type":"text","status":"success","message":"*Ahlan wa sahlan kak Dessyar*\r\nTerima kasih sudah memesan *ebook Qila*\u263a\ufe0f\r\n\r\nBerikut data anda:\r\n","error":null,"timestamp":"2025-07-21 06:52:00"}
{"account":"Agama","to":"6285708880391","type":"text","status":"success","message":"Assalamualaikum MUHAMMAD IOBAL\r\n\r\nMungkin anda sudah mulai risih menerima pesan reminder dari saya\r\n","error":null,"timestamp":"2025-07-21 12:50:04"}
{"account":"default","to":"6282156248859","type":"text","status":"success","message":"*Ahlan wa sahlan kak Kustiyah*\r\nTerima kasih sudah memesan *ebook Qila*\u263a\ufe0f\r\n\r\nBerikut data anda:\r","error":null,"timestamp":"2025-07-22 04:12:23"}
{"account":"Agama","to":"6281256470084","type":"text","status":"success","message":"Assalamu'alaikum *Dessyar*\r\n\r\nAnda menerima pesan ini karena Anda telah melakukan pemesanan Ebook Qi","error":null,"timestamp":"2025-07-22 06:55:02"}
{"account":"default","to":"6281256470084","type":"text","status":"success","message":"*Ahlan wa sahlan kak Dessyar*\r\nTerima kasih sudah memesan *ebook Qila*\u263a\ufe0f\r\n\r\nBerikut data anda:\r\n","error":null,"timestamp":"2025-07-22 07:24:09"}
{"account":"default","to":"628161923071","type":"text","status":"success","message":"*Ahlan wa sahlan kak Aris Danang Adrianto*\r\nTerima kasih sudah memesan *ebook Qila*\u263a\ufe0f\r\n\r\nBerikut","error":null,"timestamp":"2025-07-22 09:03:08"}
{"account":"default","to":"6282122531004","type":"text","status":"success","message":"*Ahlan wa sahlan kak Tiara*\r\nTerima kasih sudah memesan *ebook Qila*\u263a\ufe0f\r\n\r\nBerikut data anda:\r\nNa","error":null,"timestamp":"2025-07-22 10:25:39"}
{"account":"default","to":"628161923071","type":"text","status":"success","message":"*Ahlan wa sahlan kak Aris Danang Adrianto*\r\nTerima kasih sudah memesan *ebook Qila*\u263a\ufe0f\r\n\r\nBerikut","error":null,"timestamp":"2025-07-22 12:24:05"}
{"account":"Agama","to":"628161923071","type":"text","status":"success","message":"Terima kasih kak Aris Danang Adrianto sudah melakukan pembelian ebook Qila\u263a\ufe0f\r\n\r\n\r\nSelamat, pesan","error":null,"timestamp":"2025-07-22 12:30:11"}
{"account":"Agama","to":"6282122531004","type":"text","status":"success","message":"Terima kasih kak Tiara sudah melakukan pembelian ebook Qila\u263a\ufe0f\r\n\r\n\r\nSelamat, pesanan Anda sudah d","error":null,"timestamp":"2025-07-22 12:30:33"}
{"account":"default","to":"6281256470084","type":"text","status":"success","message":"*Ahlan wa sahlan kak Dessyar*\r\nTerima kasih sudah memesan *ebook Qila*\u263a\ufe0f\r\n\r\nBerikut data anda:\r\n","error":null,"timestamp":"2025-07-22 13:56:11"}
{"account":"default","to":"6281256470084","type":"text","status":"success","message":"*Ahlan wa sahlan kak Dessyar*\r\nTerima kasih sudah memesan *ebook Qila*\u263a\ufe0f\r\n\r\nBerikut data anda:\r\n","error":null,"timestamp":"2025-07-22 15:23:05"}
{"account":"default","to":"6282156248859","type":"text","status":"success","message":"*Ahlan wa sahlan kak Kustiyah*\r\nTerima kasih sudah memesan *ebook Qila*\u263a\ufe0f\r\n\r\nBerikut data anda:\r","error":null,"timestamp":"2025-07-22 16:01:44"}
{"account":"Agama","to":"6285708880391","type":"text","status":"success","message":"Terima kasih kak MUHAMMAD IOBAL sudah order Ebook Ihfadz \ud83d\ude0a\r\n\r\nUntuk akses ebook dan bonusnya bisa","error":null,"timestamp":"2025-07-22 18:45:38"}
{"account":"default","to":"6282156248859","type":"text","status":"success","message":"*Ahlan wa sahlan kak Kustiyah*\r\nTerima kasih sudah memesan *ebook Qila*\u263a\ufe0f\r\n\r\nBerikut data anda:\r","error":null,"timestamp":"2025-07-23 00:05:25"}
{"account":"Agama","to":"6282156248859","type":"text","status":"success","message":"Assalamu'alaikum *Kustiyah*\r\n\r\nAnda menerima pesan ini karena Anda telah melakukan pemesanan Ebook Q","error":null,"timestamp":"2025-07-23 04:15:05"}
{"account":"Agama","to":"6281256470084","type":"text","status":"success","message":"Assalamu'alaikum Dessyar\r\n\r\n\r\n\r\nAnda menerima pesan ini karena Anda telah melakukan order Ebook Qila","error":null,"timestamp":"2025-07-23 06:55:02"}
{"account":"default","to":"6282156248859","type":"text","status":"success","message":"*Ahlan wa sahlan kak Kustiyah*\r\nTerima kasih sudah memesan *ebook Qila*\u263a\ufe0f\r\n\r\nBerikut data anda:\r","error":null,"timestamp":"2025-07-23 08:00:16"}
{"account":"Agama","to":"6282156248859","type":"text","status":"success","message":"Assalamu'alaikum Kustiyah\r\n\r\n\r\n\r\nAnda menerima pesan ini karena Anda telah melakukan order Ebook Qil","error":null,"timestamp":"2025-07-24 04:20:03"}
{"account":"Agama","to":"6281256470084","type":"text","status":"success","message":"Assalamu'alaikum Dessyar\r\n\r\n \r\nAnda menerima pesan ini karena Anda telah order Ebook Qila tapi statu","error":null,"timestamp":"2025-07-24 07:00:06"}
{"account":"Agama","to":"6282156248859","type":"text","status":"success","message":"Assalamu'alaikum Kustiyah\r\n\r\n \r\nAnda menerima pesan ini karena Anda telah order Ebook Qila tapi stat","error":null,"timestamp":"2025-07-25 04:20:04"}
{"account":"default","to":"628161394865","type":"text","status":"success","message":"*Ahlan wa sahlan kak Yusuf*\r\nTerima kasih sudah memesan *ebook Qila*\u263a\ufe0f\r\n\r\nBerikut data anda:\r\nNa","error":null,"timestamp":"2025-07-26 09:35:30"}
{"account":"Agama","to":"628161394865","type":"text","status":"success","message":"Assalamu'alaikum *Yusuf*\r\n\r\nAnda menerima pesan ini karena Anda telah melakukan pemesanan Ebook Qila","error":null,"timestamp":"2025-07-27 09:40:04"}
{"account":"Agama","to":"628161394865","type":"text","status":"success","message":"Terima kasih kak Yusuf sudah melakukan pembelian ebook Qila\u263a\ufe0f\r\n\r\n\r\nSelamat, pesanan Anda sudah d","error":null,"timestamp":"2025-07-27 09:58:40"}
{"account":"default","to":"6281219002961","type":"text","status":"success","message":"*Ahlan wa sahlan kak Sukandar*\r\nTerima kasih sudah memesan *ebook Qila*\u263a\ufe0f\r\n\r\nBerikut data anda:\r","error":null,"timestamp":"2025-07-28 16:55:26"}
{"account":"default","to":"6285646535167","type":"text","status":"success","message":"*Ahlan wa sahlan kak Sholihin*\r\nTerima kasih sudah memesan *ebook Ihfadz*\u263a\ufe0f\r\n\r\nBerikut data anda","error":null,"timestamp":"2025-07-29 05:37:45"}
{"account":"default","to":"6285646535167","type":"text","status":"success","message":"*Ahlan wa sahlan kak Sholihin*\r\nTerima kasih sudah memesan *ebook Ihfadz*\u263a\ufe0f\r\n\r\nBerikut data anda","error":null,"timestamp":"2025-07-29 05:42:51"}
{"account":"default","to":"6285646535167","type":"text","status":"success","message":"*Ahlan wa sahlan kak Sholihin*\r\nTerima kasih sudah memesan *ebook Ihfadz*\u263a\ufe0f\r\n\r\nBerikut data anda","error":null,"timestamp":"2025-07-29 08:13:40"}
{"account":"Agama","to":"6285646535167","type":"text","status":"success","message":"Terima kasih kak Sholihin sudah order Ebook Ihfadz \ud83d\ude0a\r\n\r\nUntuk akses ebook dan bonusnya bisa klik ","error":null,"timestamp":"2025-07-29 08:42:53"}
{"account":"default","to":"62966554698082","type":"text","status":"success","message":"*Ahlan wa sahlan kak Jundi*\r\nTerima kasih sudah memesan *ebook Qila*\u263a\ufe0f\r\n\r\nBerikut data anda:\r\nNa","error":null,"timestamp":"2025-07-30 18:25:55"}
{"account":"default","to":"6282210364360","type":"text","status":"success","message":"*Ahlan wa sahlan kak Rahma Juita Siregar*\r\nTerima kasih sudah memesan *ebook Qila*\u263a\ufe0f\r\n\r\nBerikut ","error":null,"timestamp":"2025-07-30 20:54:59"}
{"account":"Agama","to":"6282210364360","type":"text","status":"success","message":"Terima kasih kak Rahma Juita Siregar sudah melakukan pembelian ebook Qila\u263a\ufe0f\r\n\r\n\r\nSelamat, pesana","error":null,"timestamp":"2025-07-30 21:35:01"}
