{"account":"Agama","to":"6287738232542","type":"text","status":"success","message":"*Ahlan wa sahlan kak Asnurul Hidayati*\r\nTerima kasih sudah memesan *ebook Ihfadz*\u263a\ufe0f\r\n\r\nBerikut d","error":null,"timestamp":"2025-10-01 01:37:31"}
{"account":"Agama","to":"6287738232542","type":"text","status":"success","message":"Terima kasih kak Asnurul Hidayati sudah order Ebook Ihfadz \ud83d\ude0a\r\n\r\nUntuk akses ebook dan bonusnya bi","error":null,"timestamp":"2025-10-01 05:32:35"}
{"account":"Agama","to":"6285708880391","type":"text","status":"success","message":"*Ahlan wa sahlan kak MUHAMMAD IOBAL*\r\nTerima kasih sudah memesan *ebook Qila*\u263a\ufe0f\r\n\r\nBerikut data ","error":null,"timestamp":"2025-10-01 06:07:35"}
{"account":"Agama","to":"6281220161983","type":"text","status":"success","message":"Assalamu'alaikum *Zairasi*\r\n\r\nAnda menerima pesan ini karena Anda telah melakukan pemesanan Ebook Ih","error":null,"timestamp":"2025-10-01 06:15:03"}
{"account":"Agama","to":"6285798677270","type":"text","status":"success","message":"*Ahlan wa sahlan kak Engkom Komar*\r\nTerima kasih sudah memesan *ebook Qila*\u263a\ufe0f\r\n\r\nBerikut data an","error":null,"timestamp":"2025-10-01 07:06:21"}
{"account":"Agama","to":"628116185800","type":"text","status":"success","message":"*Ahlan wa sahlan kak SUNARDI*\r\nTerima kasih sudah memesan *ebook Qila*\u263a\ufe0f\r\n\r\nBerikut data anda:\r\n","error":null,"timestamp":"2025-10-01 07:26:46"}
{"account":"Agama","to":"6285798677270","type":"text","status":"success","message":"Terima kasih kak Engkom Komar sudah melakukan pembelian ebook Qila\u263a\ufe0f\r\n\r\n\r\nSelamat, pesanan Anda ","error":null,"timestamp":"2025-10-01 07:57:48"}
{"account":"Agama","to":"6285798677270","type":"text","status":"success","message":"Terima kasih kak Engkom Komar sudah order Ebook Ihfadz \ud83d\ude0a\r\n\r\nUntuk akses ebook dan bonusnya bisa k","error":null,"timestamp":"2025-10-01 07:57:49"}
{"account":"Agama","to":"628116185800","type":"text","status":"success","message":"Terima kasih kak SUNARDI sudah melakukan pembelian ebook Qila\u263a\ufe0f\r\n\r\n\r\nSelamat, pesanan Anda sudah","error":null,"timestamp":"2025-10-01 07:58:11"}
{"account":"Agama","to":"628116185800","type":"text","status":"success","message":"Terima kasih kak SUNARDI sudah order Ebook Ihfadz \ud83d\ude0a\r\n\r\nUntuk akses ebook dan bonusnya bisa klik l","error":null,"timestamp":"2025-10-01 07:58:12"}
{"account":"Agama","to":"6285708880391","type":"text","status":"success","message":"Terima kasih kak MUHAMMAD IOBAL sudah melakukan pembelian ebook Qila\u263a\ufe0f\r\n\r\n\r\nSelamat, pesanan And","error":null,"timestamp":"2025-10-01 09:18:17"}
{"account":"Agama","to":"6281809091979","type":"text","status":"success","message":"*Ahlan wa sahlan kak Ishaq*\r\nTerima kasih sudah melakukan pemesanan eBook DaQo, Ebook Qila\u263a\ufe0f\r\n\r\n","error":null,"timestamp":"2025-10-02 00:32:44"}
{"account":"Agama","to":"6281519076655","type":"text","status":"success","message":"*Ahlan wa sahlan kak Agung D*\r\nTerima kasih sudah melakukan pemesanan eBook DaQo, Ebook Qila\u263a\ufe0f\r\n","error":null,"timestamp":"2025-10-02 00:47:50"}

{"account":"Agama","to":"6289715257383","type":"text","status":"success","message":"*Ahlan wa sahlan kak Gina*\r\nTerima kasih sudah melakukan pemesanan eBook DaQo, Ebook Qila\u263a\ufe0f\r\n\r\nB","error":null,"timestamp":"2025-10-02 03:25:48"}
{"account":"Agama","to":"628867456767","type":"text","status":"success","message":"*Ahlan wa sahlan kak Musdiah*\r\nTerima kasih sudah melakukan pemesanan eBook DaQo, Ebook Qila\u263a\ufe0f\r\n","error":null,"timestamp":"2025-10-02 03:30:17"}
{"account":"Agama","to":"6281324120191","type":"text","status":"success","message":"*Ahlan wa sahlan kak Tri dian*\r\nTerima kasih sudah melakukan pemesanan eBook DaQo, Ebook Qila\u263a\ufe0f\r","error":null,"timestamp":"2025-10-02 03:45:58"}
{"account":"Agama","to":"6281268750406","type":"text","status":"success","message":"*Ahlan wa sahlan kak Maryani*\r\nTerima kasih sudah melakukan pemesanan eBook DaQo, Ebook Qila\u263a\ufe0f\r\n","error":null,"timestamp":"2025-10-02 04:40:38"}
{"account":"Agama","to":"6281324120191","type":"text","status":"success","message":"Terima kasih kak Tri dian sudah order eBook DaQo \ud83d\ude0a\r\n\r\nUntuk akses ebook dan bonusnya bisa klik li","error":null,"timestamp":"2025-10-02 05:24:44"}
{"account":"Agama","to":"6281324120191","type":"text","status":"success","message":"Terima kasih kak Tri dian sudah melakukan pembelian ebook Qila\u263a\ufe0f\r\n\r\n\r\nSelamat, pesanan Anda suda","error":null,"timestamp":"2025-10-02 05:24:45"}
{"account":"Agama","to":"6281519076655","type":"text","status":"success","message":"Terima kasih kak Agung D sudah order eBook DaQo \ud83d\ude0a\r\n\r\nUntuk akses ebook dan bonusnya bisa klik lin","error":null,"timestamp":"2025-10-02 05:25:28"}
{"account":"Agama","to":"6281519076655","type":"text","status":"success","message":"Terima kasih kak Agung D sudah melakukan pembelian ebook Qila\u263a\ufe0f\r\n\r\n\r\nSelamat, pesanan Anda sudah","error":null,"timestamp":"2025-10-02 05:25:29"}
{"account":"Agama","to":"6281220161983","type":"text","status":"success","message":"Assalamu'alaikum Zairasi\r\n\r\n\r\n\r\nAnda menerima pesan ini karena Anda telah melakukan order Ebook Ihfa","error":null,"timestamp":"2025-10-02 06:20:03"}
{"account":"Agama","to":"628112401357","type":"text","status":"success","message":"*Ahlan wa sahlan kak Indah*\r\nTerima kasih sudah melakukan pemesanan eBook DaQo\u263a\ufe0f\r\n\r\nBerikut data","error":null,"timestamp":"2025-10-02 07:04:17"}
{"account":"Agama","to":"628112401357","type":"text","status":"success","message":"*Ahlan wa sahlan kak Indah*\r\nTerima kasih sudah melakukan pemesanan eBook DaQo\u263a\ufe0f\r\n\r\nBerikut data","error":null,"timestamp":"2025-10-02 07:23:01"}
{"account":"Agama","to":"628112401357","type":"text","status":"success","message":"Terima kasih kak Indah sudah order eBook DaQo \ud83d\ude0a\r\n\r\nUntuk akses ebook dan bonusnya bisa klik link ","error":null,"timestamp":"2025-10-02 07:33:33"}
{"account":"Agama","to":"6287819941757","type":"text","status":"success","message":"*Ahlan wa sahlan kak Istyanto Gunawan*\r\nTerima kasih sudah melakukan pemesanan eBook DaQo\u263a\ufe0f\r\n\r\nB","error":null,"timestamp":"2025-10-02 07:54:56"}
{"account":"Agama","to":"6287819941757","type":"text","status":"success","message":"Terima kasih kak Istyanto Gunawan sudah order eBook DaQo \ud83d\ude0a\r\n\r\nUntuk akses ebook dan bonusnya bisa","error":null,"timestamp":"2025-10-02 07:57:47"}
{"account":"Agama","to":"6281809091979","type":"text","status":"success","message":"Terima kasih kak Ishaq sudah order eBook DaQo \ud83d\ude0a\r\n\r\nUntuk akses ebook dan bonusnya bisa klik link ","error":null,"timestamp":"2025-10-02 08:08:58"}
{"account":"Agama","to":"6281809091979","type":"text","status":"success","message":"Terima kasih kak Ishaq sudah melakukan pembelian ebook Qila\u263a\ufe0f\r\n\r\n\r\nSelamat, pesanan Anda sudah d","error":null,"timestamp":"2025-10-02 08:08:59"}
{"account":"Agama","to":"6289715257383","type":"text","status":"success","message":"*Ahlan wa sahlan kak Gina*\r\nTerima kasih sudah melakukan pemesanan eBook DaQo, Ebook Qila\u263a\ufe0f\r\n\r\nB","error":null,"timestamp":"2025-10-02 08:16:32"}
{"account":"Agama","to":"6289715257383","type":"text","status":"success","message":"*Ahlan wa sahlan kak Gina*\r\nTerima kasih sudah melakukan pemesanan eBook DaQo, Ebook Qila\u263a\ufe0f\r\n\r\nB","error":null,"timestamp":"2025-10-02 08:16:34"}
{"account":"Agama","to":"6289715257383","type":"text","status":"success","message":"*Ahlan wa sahlan kak Gina*\r\nTerima kasih sudah melakukan pemesanan eBook DaQo, Ebook Qila\u263a\ufe0f\r\n\r\nB","error":null,"timestamp":"2025-10-02 08:16:57"}
{"account":"Agama","to":"6282388373747","type":"text","status":"success","message":"*Ahlan wa sahlan kak Susnati*\r\nTerima kasih sudah melakukan pemesanan eBook DaQo, Ebook Qila\u263a\ufe0f\r\n","error":null,"timestamp":"2025-10-02 13:07:06"}
{"account":"Agama","to":"62812435456","type":"text","status":"success","message":"*Ahlan wa sahlan kak Holakis*\r\nTerima kasih sudah melakukan pemesanan eBook DaQo, Ebook Qila\u263a\ufe0f\r\n","error":null,"timestamp":"2025-10-02 15:35:21"}
{"account":"Agama","to":"6285215570320","type":"text","status":"success","message":"*Ahlan wa sahlan kak Dewi Rahayu*\r\nTerima kasih sudah memesan *ebook Qila*\u263a\ufe0f\r\n\r\nBerikut data and","error":null,"timestamp":"2025-10-02 18:37:37"}
{"account":"Agama","to":"6285215570320","type":"text","status":"success","message":"Terima kasih kak Dewi Rahayu sudah melakukan pembelian ebook Qila\u263a\ufe0f\r\n\r\n\r\nSelamat, pesanan Anda s","error":null,"timestamp":"2025-10-02 18:50:38"}
{"account":"Agama","to":"6285215570320","type":"text","status":"success","message":"Terima kasih kak Dewi Rahayu sudah order Ebook Ihfadz \ud83d\ude0a\r\n\r\nUntuk akses ebook dan bonusnya bisa kl","error":null,"timestamp":"2025-10-02 18:50:39"}
{"account":"Agama","to":"6289507245394","type":"text","status":"success","message":"*Ahlan wa sahlan kak Doni*\r\nTerima kasih sudah memesan *ebook Qila*\u263a\ufe0f\r\n\r\nBerikut data anda:\r\nNam","error":null,"timestamp":"2025-10-02 18:54:56"}
{"account":"Agama","to":"6289507245394","type":"text","status":"success","message":"Terima kasih kak Doni sudah melakukan pembelian ebook Qila\u263a\ufe0f\r\n\r\n\r\nSelamat, pesanan Anda sudah di","error":null,"timestamp":"2025-10-02 19:24:23"}
{"account":"Agama","to":"628119061112","type":"text","status":"success","message":"*Ahlan wa sahlan kak Asep Iwan Purnawan*\r\nTerima kasih sudah memesan *ebook Qila*\u263a\ufe0f\r\n\r\nBerikut d","error":null,"timestamp":"2025-10-02 19:36:40"}
{"account":"Agama","to":"6285890637400","type":"text","status":"success","message":"*Ahlan wa sahlan kak Anis Ridho*\r\nTerima kasih sudah melakukan pemesanan eBook DaQo, Ebook Ihfadz\u263a","error":null,"timestamp":"2025-10-02 20:41:37"}
{"account":"Agama","to":"6285890637400","type":"text","status":"success","message":"Terima kasih kak Anis Ridho sudah order eBook DaQo \ud83d\ude0a\r\n\r\nUntuk akses ebook dan bonusnya bisa klik ","error":null,"timestamp":"2025-10-02 22:10:35"}
{"account":"Agama","to":"6285890637400","type":"text","status":"success","message":"Terima kasih kak Anis Ridho sudah melakukan pembelian ebook Qila\u263a\ufe0f\r\n\r\n\r\nSelamat, pesanan Anda su","error":null,"timestamp":"2025-10-02 22:10:36"}
{"account":"Agama","to":"6289715257383","type":"text","status":"success","message":"Assalamu'alaikum *Gina*\r\n\r\nAnda menerima pesan ini karena Anda telah melakukan pemesanan eBook DaQo ","error":null,"timestamp":"2025-10-03 03:30:05"}
{"account":"Agama","to":"628867456767","type":"text","status":"success","message":"Assalamu'alaikum *Musdiah*\r\n\r\nAnda menerima pesan ini karena Anda telah melakukan pemesanan eBook Da","error":null,"timestamp":"2025-10-03 03:35:03"}
{"account":"Agama","to":"6281268750406","type":"text","status":"success","message":"Assalamu'alaikum *Maryani*\r\n\r\nAnda menerima pesan ini karena Anda telah melakukan pemesanan eBook Da","error":null,"timestamp":"2025-10-03 04:45:04"}
{"account":"Agama","to":"6282290318800","type":"text","status":"success","message":"*Ahlan wa sahlan kak Andi Djumiarti*\r\nTerima kasih sudah melakukan pemesanan eBook DaQo, Ebook Ihfad","error":null,"timestamp":"2025-10-03 05:06:13"}
{"account":"Agama","to":"6285246476688","type":"text","status":"success","message":"*Ahlan wa sahlan kak Teddy*\r\nTerima kasih sudah melakukan pemesanan eBook DaQo, Ebook Ihfadz\u263a\ufe0f\r\n","error":null,"timestamp":"2025-10-03 05:22:57"}
{"account":"Agama","to":"6281220161983","type":"text","status":"success","message":"Assalamu'alaikum Zairasi\r\n\r\n \r\nAnda menerima pesan ini karena Anda telah order Ebook Ihfadz & Ebook ","error":null,"timestamp":"2025-10-03 06:25:02"}
{"account":"Agama","to":"6285229167944","type":"text","status":"success","message":"*Ahlan wa sahlan kak Wahyudi*\r\nTerima kasih sudah memesan *ebook Qila*\u263a\ufe0f\r\n\r\nBerikut data anda:\r\n","error":null,"timestamp":"2025-10-03 08:23:14"}

{"account":"Agama","to":"6285229167944","type":"text","status":"success","message":"Terima kasih kak Wahyudi sudah melakukan pembelian ebook Qila\u263a\ufe0f\r\n\r\n\r\nSelamat, pesanan Anda sudah","error":null,"timestamp":"2025-10-03 09:55:59"}
{"account":"Agama","to":"6282388373747","type":"text","status":"success","message":"Assalamu'alaikum *Susnati*\r\n\r\nAnda menerima pesan ini karena Anda telah melakukan pemesanan eBook Da","error":null,"timestamp":"2025-10-03 13:10:03"}
{"account":"Agama","to":"62812435456","type":"text","status":"success","message":"Assalamu'alaikum *Holakis*\r\n\r\nAnda menerima pesan ini karena Anda telah melakukan pemesanan eBook Da","error":null,"timestamp":"2025-10-03 15:40:03"}
{"account":"Agama","to":"628119061112","type":"text","status":"success","message":"Assalamu'alaikum *Asep Iwan Purnawan*\r\n\r\nAnda menerima pesan ini karena Anda telah melakukan pemesan","error":null,"timestamp":"2025-10-03 19:40:03"}
{"account":"Agama","to":"6282169358865","type":"text","status":"success","message":"*Ahlan wa sahlan kak Devi Suryati*\r\nTerima kasih sudah memesan *ebook Qila*\u263a\ufe0f\r\n\r\nBerikut data an","error":null,"timestamp":"2025-10-03 21:42:42"}
{"account":"Agama","to":"6282169358865","type":"text","status":"success","message":"Terima kasih kak Devi Suryati sudah melakukan pembelian ebook Qila\u263a\ufe0f\r\n\r\n\r\nSelamat, pesanan Anda ","error":null,"timestamp":"2025-10-03 23:34:30"}
{"account":"Agama","to":"6282169358865","type":"text","status":"success","message":"Terima kasih kak Devi Suryati sudah order Ebook Ihfadz \ud83d\ude0a\r\n\r\nUntuk akses ebook dan bonusnya bisa k","error":null,"timestamp":"2025-10-03 23:34:31"}
{"account":"Agama","to":"6289715257383","type":"text","status":"success","message":"Assalamu'alaikum Gina\r\n\r\n\r\nAnda menerima pesan ini karena Anda telah melakukan order eBook DaQo & Eb","error":null,"timestamp":"2025-10-04 03:35:02"}
{"account":"Agama","to":"628867456767","type":"text","status":"success","message":"Assalamu'alaikum Musdiah\r\n\r\n\r\nAnda menerima pesan ini karena Anda telah melakukan order eBook DaQo &","error":null,"timestamp":"2025-10-04 03:40:03"}
{"account":"Agama","to":"6281268750406","type":"text","status":"success","message":"Assalamu'alaikum Maryani\r\n\r\n\r\nAnda menerima pesan ini karena Anda telah melakukan order eBook DaQo &","error":null,"timestamp":"2025-10-04 04:50:03"}
{"account":"Agama","to":"6282290318800","type":"text","status":"success","message":"Assalamu'alaikum *Andi Djumiarti*\r\n\r\nAnda menerima pesan ini karena Anda telah melakukan pemesanan e","error":null,"timestamp":"2025-10-04 05:10:03"}
{"account":"Agama","to":"6285246476688","type":"text","status":"success","message":"Assalamu'alaikum *Teddy*\r\n\r\nAnda menerima pesan ini karena Anda telah melakukan pemesanan eBook DaQo","error":null,"timestamp":"2025-10-04 05:25:02"}
{"account":"Agama","to":"6282268610980","type":"text","status":"success","message":"*Ahlan wa sahlan kak Mira Susanti*\r\nTerima kasih sudah memesan *ebook Qila*\u263a\ufe0f\r\n\r\nBerikut data an","error":null,"timestamp":"2025-10-04 05:55:42"}
{"account":"Agama","to":"628119061112","type":"text","status":"success","message":"Terima kasih kak Asep Iwan Purnawan sudah melakukan pembelian ebook Qila\u263a\ufe0f\r\n\r\n\r\nSelamat, pesanan","error":null,"timestamp":"2025-10-04 06:05:42"}
{"account":"Agama","to":"6282268610980","type":"text","status":"success","message":"Terima kasih kak Mira Susanti sudah melakukan pembelian ebook Qila\u263a\ufe0f\r\n\r\n\r\nSelamat, pesanan Anda ","error":null,"timestamp":"2025-10-04 06:06:37"}
{"account":"Agama","to":"6281220161983","type":"text","status":"success","message":"Assalamualaikum Zairasi,\r\n\r\nSaya mau mengingatkan Anda bahwa Anda memiliki pesanan yang belum dibaya","error":null,"timestamp":"2025-10-04 06:30:04"}
{"account":"Agama","to":"6282154583426","type":"text","status":"success","message":"Assalamu'alaikum *Ary pujiyati*\r\n\r\nAnda menerima pesan ini karena Anda telah melakukan pemesanan eBo","error":null,"timestamp":"2025-10-04 09:10:03"}
{"account":"Agama","to":"6282388373747","type":"text","status":"success","message":"Assalamu'alaikum Susnati\r\n\r\n\r\nAnda menerima pesan ini karena Anda telah melakukan order eBook DaQo &","error":null,"timestamp":"2025-10-04 13:15:03"}
{"account":"Agama","to":"62812435456","type":"text","status":"success","message":"Assalamu'alaikum Holakis\r\n\r\n\r\nAnda menerima pesan ini karena Anda telah melakukan order eBook DaQo &","error":null,"timestamp":"2025-10-04 15:45:03"}
{"account":"Agama","to":"6289715257383","type":"text","status":"success","message":"Assalamu'alaikum Gina\r\n\r\n \r\nAnda menerima pesan ini karena Anda telah order eBook DaQo & Ebook Qila ","error":null,"timestamp":"2025-10-05 03:35:03"}
{"account":"Agama","to":"628867456767","type":"text","status":"success","message":"Assalamu'alaikum Musdiah\r\n\r\n \r\nAnda menerima pesan ini karena Anda telah order eBook DaQo & Ebook Qi","error":null,"timestamp":"2025-10-05 03:40:03"}


{"account":"Agama","to":"6281268750406","type":"text","status":"success","message":"Assalamu'alaikum Maryani\r\n\r\n \r\nAnda menerima pesan ini karena Anda telah order eBook DaQo & Ebook Qi","error":null,"timestamp":"2025-10-05 04:50:03"}
{"account":"Agama","to":"6285246476688","type":"text","status":"success","message":"Assalamu'alaikum Teddy\r\n\r\n\r\n\r\nAnda menerima pesan ini karena Anda telah melakukan order eBook DaQo &","error":null,"timestamp":"2025-10-05 05:25:02"}
{"account":"Agama","to":"6281220161983","type":"text","status":"success","message":"Assalamualaikum Zairasi\r\n\r\nMungkin anda sudah mulai risih menerima pesan reminder dari saya\r\n\r\nTapi ","error":null,"timestamp":"2025-10-05 06:30:05"}
{"account":"Agama","to":"6282154583426","type":"text","status":"success","message":"Assalamu'alaikum Ary pujiyati\r\n\r\n\r\n\r\nAnda menerima pesan ini karena Anda telah melakukan order eBook","error":null,"timestamp":"2025-10-05 09:15:03"}
{"account":"Agama","to":"6282388373747","type":"text","status":"success","message":"Assalamu'alaikum Susnati\r\n\r\n \r\nAnda menerima pesan ini karena Anda telah order eBook DaQo & Ebook Qi","error":null,"timestamp":"2025-10-05 13:20:03"}
{"account":"Agama","to":"62812435456","type":"text","status":"success","message":"Assalamu'alaikum Holakis\r\n\r\n \r\nAnda menerima pesan ini karena Anda telah order eBook DaQo & Ebook Qi","error":null,"timestamp":"2025-10-05 15:50:04"}
{"account":"Agama","to":"6285246476688","type":"text","status":"success","message":"Assalamu'alaikum Teddy\r\n\r\n \r\nAnda menerima pesan ini karena Anda telah order eBook DaQo & Ebook Ihfa","error":null,"timestamp":"2025-10-06 05:25:02"}
{"account":"Agama","to":"6282154583426","type":"text","status":"success","message":"Assalamu'alaikum Ary pujiyati\r\n\r\n \r\nAnda menerima pesan ini karena Anda telah order eBook DaQo & Ebo","error":null,"timestamp":"2025-10-06 09:15:03"}
{"account":"Bisnis","to":"6285780146447","type":"text","status":"success","message":"Terima kasih kak Fadil sudah melakukan pembelian ebook Qila\u263a\ufe0f\r\n\r\n\r\nSelamat, pesanan Anda sudah d","error":null,"timestamp":"2025-10-06 10:43:51"}
{"account":"Agama","to":"6285780146447","type":"text","status":"success","message":"*Ahlan wa sahlan kak Fadil*\r\nTerima kasih sudah melakukan pemesanan eBook DaQo, Ebook Ihfadz\u263a\ufe0f\r\n","error":null,"timestamp":"2025-10-06 10:51:39"}
{"account":"Agama","to":"6285780146447","type":"text","status":"success","message":"Terima kasih kak Fadil sudah order eBook DaQo \ud83d\ude0a\r\n\r\nUntuk akses ebook dan bonusnya bisa klik link ","error":null,"timestamp":"2025-10-06 10:51:55"}
{"account":"Agama","to":"6285780146447","type":"text","status":"success","message":"Terima kasih kak Fadil sudah order Ebook Ihfadz \ud83d\ude0a\r\n\r\nUntuk akses ebook dan bonusnya bisa klik lin","error":null,"timestamp":"2025-10-06 10:51:56"}
{"account":"Agama","to":"6285780146447","type":"text","status":"success","message":"*Ahlan wa sahlan kak Fadil*\r\nTerima kasih sudah melakukan pemesanan eBook DaQo\u263a\ufe0f\r\n\r\nBerikut data","error":null,"timestamp":"2025-10-06 10:53:01"}
{"account":"Agama","to":"6285780146447","type":"text","status":"success","message":"Terima kasih kak Fadil sudah order eBook DaQo \ud83d\ude0a\r\n\r\nUntuk akses ebook dan bonusnya bisa klik link ","error":null,"timestamp":"2025-10-06 10:53:07"}
{"account":"Agama","to":"6285780146447","type":"text","status":"success","message":"*Ahlan wa sahlan kak Fadil*\r\nTerima kasih sudah melakukan pemesanan eBook DaQo, Ebook Ihfadz\u263a\ufe0f\r\n","error":null,"timestamp":"2025-10-06 16:03:17"}
{"account":"Agama","to":"6285246476688","type":"text","status":"success","message":"Assalamualaikum Teddy,\r\n\r\nSaya mau mengingatkan Anda bahwa Anda memiliki pesanan yang belum dibayar\r","error":null,"timestamp":"2025-10-07 05:25:03"}
{"account":"Agama","to":"6282154583426","type":"text","status":"success","message":"Assalamualaikum Ary pujiyati,\r\n\r\nSaya mau mengingatkan Anda bahwa Anda memiliki pesanan yang belum d","error":null,"timestamp":"2025-10-07 09:15:03"}
{"account":"Agama","to":"628119255943","type":"text","status":"success","message":"*Ahlan wa sahlan kak Nurul Fajri*\r\nTerima kasih sudah melakukan pemesanan eBook DaQo\u263a\ufe0f\r\n\r\nBeriku","error":null,"timestamp":"2025-10-07 09:57:25"}
{"account":"Agama","to":"6282301920887","type":"text","status":"success","message":"*Ahlan wa sahlan kak Betran*\r\nTerima kasih sudah melakukan pemesanan eBook DaQo, Ebook Ihfadz\u263a\ufe0f\r","error":null,"timestamp":"2025-10-07 10:40:14"}
{"account":"Agama","to":"628119255943","type":"text","status":"success","message":"Terima kasih kak Nurul Fajri sudah order eBook DaQo \ud83d\ude0a\r\n\r\nUntuk akses ebook dan bonusnya bisa klik","error":null,"timestamp":"2025-10-07 10:43:40"}
{"account":"Agama","to":"6281976543678","type":"text","status":"success","message":"*Ahlan wa sahlan kak Mariah*\r\nTerima kasih sudah melakukan pemesanan eBook DaQo, Ebook Ihfadz\u263a\ufe0f\r","error":null,"timestamp":"2025-10-07 10:47:55"}
{"account":"Agama","to":"6285245174428","type":"text","status":"success","message":"*Ahlan wa sahlan kak Bibi*\r\nTerima kasih sudah melakukan pemesanan eBook DaQo, Ebook Ihfadz\u263a\ufe0f\r\n\r","error":null,"timestamp":"2025-10-07 11:21:37"}
{"account":"Agama","to":"6285245174428","type":"text","status":"success","message":"*Ahlan wa sahlan kak Bibi*\r\nTerima kasih sudah melakukan pemesanan eBook DaQo, Ebook Ihfadz\u263a\ufe0f\r\n\r","error":null,"timestamp":"2025-10-07 11:22:24"}
{"account":"Agama","to":"6281264875421","type":"text","status":"success","message":"*Ahlan wa sahlan kak Diana jaya*\r\nTerima kasih sudah melakukan pemesanan eBook DaQo, Ebook Ihfadz\u263a","error":null,"timestamp":"2025-10-07 11:36:24"}
{"account":"Agama","to":"6282243884629","type":"text","status":"success","message":"*Ahlan wa sahlan kak sahara*\r\nTerima kasih sudah melakukan pemesanan eBook DaQo, Ebook Ihfadz\u263a\ufe0f\r","error":null,"timestamp":"2025-10-07 12:10:09"}
{"account":"Agama","to":"6285245174428","type":"text","status":"success","message":"*Ahlan wa sahlan kak Bibi*\r\nTerima kasih sudah melakukan pemesanan eBook DaQo, Ebook Ihfadz\u263a\ufe0f\r\n\r","error":null,"timestamp":"2025-10-07 14:56:58"}
{"account":"Agama","to":"6285245174428","type":"text","status":"success","message":"*Ahlan wa sahlan kak Bibi*\r\nTerima kasih sudah melakukan pemesanan eBook DaQo, Ebook Ihfadz\u263a\ufe0f\r\n\r","error":null,"timestamp":"2025-10-07 14:56:58"}
{"account":"Agama","to":"6285245174428","type":"text","status":"success","message":"*Ahlan wa sahlan kak Bibi*\r\nTerima kasih sudah melakukan pemesanan eBook DaQo, Ebook Ihfadz\u263a\ufe0f\r\n\r","error":null,"timestamp":"2025-10-07 14:57:00"}
{"account":"Agama","to":"6285245174428","type":"text","status":"success","message":"*Ahlan wa sahlan kak Bibi*\r\nTerima kasih sudah melakukan pemesanan eBook DaQo, Ebook Ihfadz\u263a\ufe0f\r\n\r","error":null,"timestamp":"2025-10-07 14:57:01"}
{"account":"Agama","to":"6285245174428","type":"text","status":"success","message":"*Ahlan wa sahlan kak Bibi*\r\nTerima kasih sudah melakukan pemesanan eBook DaQo, Ebook Ihfadz\u263a\ufe0f\r\n\r","error":null,"timestamp":"2025-10-07 14:57:12"}
{"account":"Agama","to":"6285245174428","type":"text","status":"success","message":"*Ahlan wa sahlan kak Bibi*\r\nTerima kasih sudah melakukan pemesanan eBook DaQo, Ebook Ihfadz\u263a\ufe0f\r\n\r","error":null,"timestamp":"2025-10-07 14:57:19"}
{"account":"Agama","to":"6285255842163","type":"text","status":"success","message":"*Ahlan wa sahlan kak SYAMSUDDIN*\r\nTerima kasih sudah memesan *ebook Qila*\u263a\ufe0f\r\n\r\nBerikut data anda","error":null,"timestamp":"2025-10-07 20:43:42"}
{"account":"Agama","to":"6285246476688","type":"text","status":"success","message":"Assalamualaikum Teddy\r\n\r\nMungkin anda sudah mulai risih menerima pesan reminder dari saya\r\n\r\nTapi ij","error":null,"timestamp":"2025-10-08 05:25:04"}
{"account":"Agama","to":"6282154583426","type":"text","status":"success","message":"Assalamualaikum Ary pujiyati\r\n\r\nMungkin anda sudah mulai risih menerima pesan reminder dari saya\r\n\r\n","error":null,"timestamp":"2025-10-08 09:15:03"}
{"account":"Agama","to":"6282301920887","type":"text","status":"success","message":"Assalamu'alaikum *Betran*\r\n\r\nAnda menerima pesan ini karena Anda telah melakukan pemesanan eBook DaQ","error":null,"timestamp":"2025-10-08 10:45:03"}
{"account":"Agama","to":"6281976543678","type":"text","status":"success","message":"Assalamu'alaikum *Mariah*\r\n\r\nAnda menerima pesan ini karena Anda telah melakukan pemesanan eBook DaQ","error":null,"timestamp":"2025-10-08 10:50:03"}
{"account":"Agama","to":"6285245174428","type":"text","status":"success","message":"Assalamu'alaikum *Bibi*\r\n\r\nAnda menerima pesan ini karena Anda telah melakukan pemesanan eBook DaQo ","error":null,"timestamp":"2025-10-08 11:25:02"}
{"account":"Agama","to":"6285245174428","type":"text","status":"success","message":"Assalamu'alaikum *Bibi*\r\n\r\nAnda menerima pesan ini karena Anda telah melakukan pemesanan eBook DaQo ","error":null,"timestamp":"2025-10-08 11:25:03"}
{"account":"Agama","to":"6281264875421","type":"text","status":"success","message":"Assalamu'alaikum *Diana jaya*\r\n\r\nAnda menerima pesan ini karena Anda telah melakukan pemesanan eBook","error":null,"timestamp":"2025-10-08 11:40:03"}
{"account":"Agama","to":"6281345262233","type":"text","status":"success","message":"*Ahlan wa sahlan kak Rayan*\r\nTerima kasih sudah melakukan pemesanan eBook DaQo\u263a\ufe0f\r\n\r\nBerikut data","error":null,"timestamp":"2025-10-08 11:59:27"}
{"account":"Agama","to":"6282243884629","type":"text","status":"success","message":"Assalamu'alaikum *sahara*\r\n\r\nAnda menerima pesan ini karena Anda telah melakukan pemesanan eBook DaQ","error":null,"timestamp":"2025-10-08 12:15:03"}
{"account":"Agama","to":"6285670987765","type":"text","status":"success","message":"*Ahlan wa sahlan kak Phundy*\r\nTerima kasih sudah melakukan pemesanan eBook DaQo, Ebook Ihfadz\u263a\ufe0f\r","error":null,"timestamp":"2025-10-08 12:31:34"}
{"account":"Agama","to":"6281332436331","type":"text","status":"success","message":"*Ahlan wa sahlan kak Lutfia*\r\nTerima kasih sudah melakukan pemesanan eBook DaQo, Ebook Ihfadz\u263a\ufe0f\r","error":null,"timestamp":"2025-10-08 12:33:55"}
{"account":"Agama","to":"6281317185566","type":"text","status":"success","message":"*Ahlan wa sahlan kak Rini A*\r\nTerima kasih sudah melakukan pemesanan eBook DaQo, Ebook Ihfadz\u263a\ufe0f\r","error":null,"timestamp":"2025-10-08 12:35:50"}

{"account":"Agama","to":"6281332436331","type":"text","status":"success","message":"*Ahlan wa sahlan kak Lutfia*\r\nTerima kasih sudah melakukan pemesanan eBook DaQo, Ebook Ihfadz\u263a\ufe0f\r","error":null,"timestamp":"2025-10-08 12:40:09"}
{"account":"Agama","to":"6281317185566","type":"text","status":"success","message":"Terima kasih kak Rini A sudah order eBook DaQo \ud83d\ude0a\r\n\r\nUntuk akses ebook dan bonusnya bisa klik link","error":null,"timestamp":"2025-10-08 13:11:02"}
{"account":"Agama","to":"6281317185566","type":"text","status":"success","message":"Terima kasih kak Rini A sudah order Ebook Ihfadz \ud83d\ude0a\r\n\r\nUntuk akses ebook dan bonusnya bisa klik li","error":null,"timestamp":"2025-10-08 13:11:02"}
{"account":"Agama","to":"6281332436331","type":"text","status":"success","message":"Terima kasih kak Lutfia sudah order eBook DaQo \ud83d\ude0a\r\n\r\nUntuk akses ebook dan bonusnya bisa klik link","error":null,"timestamp":"2025-10-08 13:12:10"}
{"account":"Agama","to":"6281332436331","type":"text","status":"success","message":"Terima kasih kak Lutfia sudah order Ebook Ihfadz \ud83d\ude0a\r\n\r\nUntuk akses ebook dan bonusnya bisa klik li","error":null,"timestamp":"2025-10-08 13:12:11"}
{"account":"Agama","to":"6285270276655","type":"text","status":"success","message":"Terima kasih kak Siti hawa sudah order eBook DaQo \ud83d\ude0a\r\n\r\nUntuk akses ebook dan bonusnya bisa klik l","error":null,"timestamp":"2025-10-08 13:12:34"}
{"account":"Agama","to":"6285270276655","type":"text","status":"success","message":"Terima kasih kak Siti hawa sudah order Ebook Ihfadz \ud83d\ude0a\r\n\r\nUntuk akses ebook dan bonusnya bisa klik","error":null,"timestamp":"2025-10-08 13:12:35"}
{"account":"Agama","to":"6285255842163","type":"text","status":"success","message":"Assalamu'alaikum *SYAMSUDDIN*\r\n\r\nAnda menerima pesan ini karena Anda telah melakukan pemesanan Ebook","error":null,"timestamp":"2025-10-08 20:45:04"}
{"account":"Agama","to":"6285780146447","type":"text","status":"success","message":"*Ahlan wa sahlan kak Fadil*\r\nTerima kasih sudah melakukan pemesanan eBook DaQo, Ebook Ihfadz\u263a\ufe0f\r\n","error":null,"timestamp":"2025-10-08 22:07:27"}
{"account":"Agama","to":"6285780146447","type":"text","status":"success","message":"*Ahlan wa sahlan kak Fadil*\r\nTerima kasih sudah melakukan pemesanan eBook DaQo, Ebook Ihfadz\u263a\ufe0f\r\n","error":null,"timestamp":"2025-10-08 22:33:33"}
{"account":"Agama","to":"62811103405","type":"text","status":"success","message":"*Ahlan wa sahlan kak Nurul Akriliyati*\r\nTerima kasih sudah melakukan pemesanan eBook DaQo, Ebook Ihf","error":null,"timestamp":"2025-10-08 22:38:59"}
{"account":"Agama","to":"62811103405","type":"text","status":"success","message":"Terima kasih kak Nurul Akriliyati sudah order eBook DaQo \ud83d\ude0a\r\n\r\nUntuk akses ebook dan bonusnya bisa","error":null,"timestamp":"2025-10-08 22:45:09"}
{"account":"Agama","to":"62811103405","type":"text","status":"success","message":"Terima kasih kak Nurul Akriliyati sudah order Ebook Ihfadz \ud83d\ude0a\r\n\r\nUntuk akses ebook dan bonusnya bi","error":null,"timestamp":"2025-10-08 22:45:09"}
{"account":"Agama","to":"6285293995085","type":"text","status":"success","message":"*Ahlan wa sahlan kak Neffy deswita*\r\nTerima kasih sudah melakukan pemesanan eBook DaQo, Ebook Ihfadz","error":null,"timestamp":"2025-10-09 08:09:50"}
{"account":"Agama","to":"6285293995085","type":"text","status":"success","message":"Terima kasih kak Neffy deswita sudah order eBook DaQo \ud83d\ude0a\r\n\r\nUntuk akses ebook dan bonusnya bisa kl","error":null,"timestamp":"2025-10-09 08:15:55"}
{"account":"Agama","to":"6285293995085","type":"text","status":"success","message":"Terima kasih kak Neffy deswita sudah order Ebook Ihfadz \ud83d\ude0a\r\n\r\nUntuk akses ebook dan bonusnya bisa ","error":null,"timestamp":"2025-10-09 08:15:56"}
{"account":"Agama","to":"628118444007","type":"text","status":"success","message":"*Ahlan wa sahlan kak Joko Pujiantoro*\r\nTerima kasih sudah melakukan pemesanan eBook DaQo, Ebook Ihfa","error":null,"timestamp":"2025-10-09 08:23:51"}
{"account":"Agama","to":"6281265306580","type":"text","status":"success","message":"*Ahlan wa sahlan kak Riana*\r\nTerima kasih sudah melakukan pemesanan eBook DaQo, Ebook Ihfadz\u263a\ufe0f\r\n","error":null,"timestamp":"2025-10-09 09:29:58"}
{"account":"Agama","to":"62822345432","type":"text","status":"success","message":"*Ahlan wa sahlan kak Hardi*\r\nTerima kasih sudah melakukan pemesanan eBook DaQo, Ebook Ihfadz\u263a\ufe0f\r\n","error":null,"timestamp":"2025-10-09 10:08:58"}
{"account":"Agama","to":"62822345432","type":"text","status":"success","message":"*Ahlan wa sahlan kak Hardi*\r\nTerima kasih sudah melakukan pemesanan eBook DaQo, Ebook Ihfadz\u263a\ufe0f\r\n","error":null,"timestamp":"2025-10-09 10:15:48"}
{"account":"Agama","to":"6282301920887","type":"text","status":"success","message":"Assalamu'alaikum Betran\r\n\r\n\r\nAnda menerima pesan ini karena Anda telah melakukan order eBook DaQo & ","error":null,"timestamp":"2025-10-09 10:50:03"}
{"account":"Agama","to":"6281976543678","type":"text","status":"success","message":"Assalamu'alaikum Mariah\r\n\r\n\r\nAnda menerima pesan ini karena Anda telah melakukan order eBook DaQo & ","error":null,"timestamp":"2025-10-09 10:50:03"}
{"account":"Agama","to":"6285256508184","type":"text","status":"success","message":"*Ahlan wa sahlan kak Mariana*\r\nTerima kasih sudah melakukan pemesanan eBook DaQo, Ebook Ihfadz\u263a\ufe0f","error":null,"timestamp":"2025-10-09 11:18:19"}
{"account":"Agama","to":"6285245174428","type":"text","status":"success","message":"Assalamu'alaikum Bibi\r\n\r\n\r\nAnda menerima pesan ini karena Anda telah melakukan order eBook DaQo & Eb","error":null,"timestamp":"2025-10-09 11:25:02"}
{"account":"Agama","to":"6285356743566","type":"text","status":"success","message":"*Ahlan wa sahlan kak wanti*\r\nTerima kasih sudah melakukan pemesanan eBook DaQo, Ebook Ihfadz\u263a\ufe0f\r\n","error":null,"timestamp":"2025-10-09 11:27:36"}
{"account":"Agama","to":"6285245174428","type":"text","status":"success","message":"Assalamu'alaikum Bibi\r\n\r\n\r\nAnda menerima pesan ini karena Anda telah melakukan order eBook DaQo & Eb","error":null,"timestamp":"2025-10-09 11:30:05"}
{"account":"Agama","to":"6281266789012","type":"text","status":"success","message":"*Ahlan wa sahlan kak Tia*\r\nTerima kasih sudah melakukan pemesanan eBook DaQo, Ebook Ihfadz\u263a\ufe0f\r\n\r\n","error":null,"timestamp":"2025-10-09 11:31:56"}
{"account":"Agama","to":"6285356789087","type":"text","status":"success","message":"*Ahlan wa sahlan kak Bambo sambono*\r\nTerima kasih sudah melakukan pemesanan eBook DaQo, Ebook Ihfadz","error":null,"timestamp":"2025-10-09 11:33:32"}

{"account":"Agama","to":"6281264875421","type":"text","status":"success","message":"Assalamu'alaikum Diana jaya\r\n\r\n\r\nAnda menerima pesan ini karena Anda telah melakukan order eBook DaQ","error":null,"timestamp":"2025-10-09 11:40:03"}
{"account":"Agama","to":"6282168322766","type":"text","status":"success","message":"*Ahlan wa sahlan kak Linda*\r\nTerima kasih sudah melakukan pemesanan eBook DaQo, Ebook Ihfadz\u263a\ufe0f\r\n","error":null,"timestamp":"2025-10-09 11:56:07"}
{"account":"Agama","to":"6281345262233","type":"text","status":"success","message":"Assalamu'alaikum *Rayan*\r\n\r\nAnda menerima pesan ini karena Anda telah melakukan pemesanan eBook DaQo","error":null,"timestamp":"2025-10-09 12:00:06"}
{"account":"Agama","to":"6282265786598","type":"text","status":"success","message":"*Ahlan wa sahlan kak Sulis*\r\nTerima kasih sudah melakukan pemesanan eBook DaQo, Ebook Ihfadz\u263a\ufe0f\r\n","error":null,"timestamp":"2025-10-09 12:01:51"}
{"account":"Agama","to":"6289509876546","type":"text","status":"success","message":"*Ahlan wa sahlan kak Diva*\r\nTerima kasih sudah melakukan pemesanan eBook DaQo, Ebook Ihfadz\u263a\ufe0f\r\n\r","error":null,"timestamp":"2025-10-09 12:02:31"}

{"account":"Agama","to":"6282362742380","type":"text","status":"success","message":"*Ahlan wa sahlan kak Meliya*\r\nTerima kasih sudah melakukan pemesanan eBook DaQo, Ebook Ihfadz\u263a\ufe0f\r","error":null,"timestamp":"2025-10-09 12:11:30"}
{"account":"Agama","to":"6282243884629","type":"text","status":"success","message":"Assalamu'alaikum sahara\r\n\r\n\r\nAnda menerima pesan ini karena Anda telah melakukan order eBook DaQo & ","error":null,"timestamp":"2025-10-09 12:15:04"}
{"account":"Agama","to":"6285670987765","type":"text","status":"success","message":"Assalamu'alaikum *Phundy*\r\n\r\nAnda menerima pesan ini karena Anda telah melakukan pemesanan eBook DaQ","error":null,"timestamp":"2025-10-09 12:35:02"}
{"account":"Agama","to":"6281265658820","type":"text","status":"success","message":"*Ahlan wa sahlan kak Sari*\r\nTerima kasih sudah melakukan pemesanan eBook DaQo, Ebook Ihfadz\u263a\ufe0f\r\n\r","error":null,"timestamp":"2025-10-09 12:39:38"}
{"account":"Agama","to":"6282319170167","type":"text","status":"success","message":"*Ahlan wa sahlan kak Evy*\r\nTerima kasih sudah melakukan pemesanan eBook DaQo, Ebook Ihfadz\u263a\ufe0f\r\n\r\n","error":null,"timestamp":"2025-10-09 13:18:42"}
{"account":"Agama","to":"6281345262233","type":"text","status":"success","message":"Terima kasih kak Rayan sudah order eBook DaQo \ud83d\ude0a\r\n\r\nUntuk akses ebook dan bonusnya bisa klik link ","error":null,"timestamp":"2025-10-09 13:22:56"}
{"account":"Agama","to":"6282319170167","type":"text","status":"success","message":"Terima kasih kak Evy sudah order eBook DaQo \ud83d\ude0a\r\n\r\nUntuk akses ebook dan bonusnya bisa klik link di","error":null,"timestamp":"2025-10-09 13:24:11"}
{"account":"Agama","to":"6282319170167","type":"text","status":"success","message":"Terima kasih kak Evy sudah order Ebook Ihfadz \ud83d\ude0a\r\n\r\nUntuk akses ebook dan bonusnya bisa klik link ","error":null,"timestamp":"2025-10-09 13:24:12"}
{"account":"Agama","to":"628118427165","type":"text","status":"success","message":"*Ahlan wa sahlan kak Herdiman Syah*\r\nTerima kasih sudah melakukan pemesanan eBook DaQo, Ebook Ihfadz","error":null,"timestamp":"2025-10-09 14:49:30"}

{"account":"Agama","to":"6285664447148","type":"text","status":"success","message":"Terima kasih kak Neng Vera sudah order eBook DaQo \ud83d\ude0a\r\n\r\nUntuk akses ebook dan bonusnya bisa klik l","error":null,"timestamp":"2025-10-09 15:10:18"}
{"account":"Agama","to":"6285664447148","type":"text","status":"success","message":"Terima kasih kak Neng Vera sudah order Ebook Ihfadz \ud83d\ude0a\r\n\r\nUntuk akses ebook dan bonusnya bisa klik","error":null,"timestamp":"2025-10-09 15:10:19"}
{"account":"Agama","to":"6285780146447","type":"text","status":"success","message":"*Ahlan wa sahlan kak Fadil*\r\nTerima kasih sudah memesan *ebook Qila*\u263a\ufe0f\r\n\r\nBerikut data anda:\r\nNa","error":null,"timestamp":"2025-10-09 18:44:19"}
{"account":"Agama","to":"628124830325","type":"text","status":"success","message":"*Ahlan wa sahlan kak Yati*\r\nTerima kasih sudah melakukan pemesanan eBook DaQo, Ebook Ihfadz\u263a\ufe0f\r\n\r","error":null,"timestamp":"2025-10-09 18:51:06"}
{"account":"Agama","to":"628161123480","type":"text","status":"success","message":"*Ahlan wa sahlan kak Uma Sari*\r\nTerima kasih sudah melakukan pemesanan eBook DaQo\u263a\ufe0f\r\n\r\nBerikut d","error":null,"timestamp":"2025-10-09 19:02:12"}
{"account":"Agama","to":"628161123480","type":"text","status":"success","message":"Terima kasih kak Uma Sari sudah order eBook DaQo \ud83d\ude0a\r\n\r\nUntuk akses ebook dan bonusnya bisa klik li","error":null,"timestamp":"2025-10-09 19:28:01"}
{"account":"Agama","to":"6285255842163","type":"text","status":"success","message":"Assalamu'alaikum SYAMSUDDIN\r\n\r\n\r\n\r\nAnda menerima pesan ini karena Anda telah melakukan order Ebook Q","error":null,"timestamp":"2025-10-09 20:50:03"}
{"account":"Agama","to":"6287724888886","type":"text","status":"success","message":"*Ahlan wa sahlan kak Ikhsan Hidayat*\r\nTerima kasih sudah melakukan pemesanan eBook DaQo, Ebook Ihfad","error":null,"timestamp":"2025-10-09 23:19:52"}
{"account":"Agama","to":"6285245174428","type":"text","status":"success","message":"*Ahlan wa sahlan kak Bibi*\r\nTerima kasih sudah melakukan pemesanan eBook DaQo, Ebook Ihfadz\u263a\ufe0f\r\n\r","error":null,"timestamp":"2025-10-10 00:09:01"}
{"account":"Agama","to":"6287724888886","type":"text","status":"success","message":"Terima kasih kak Ikhsan Hidayat sudah order eBook DaQo \ud83d\ude0a\r\n\r\nUntuk akses ebook dan bonusnya bisa k","error":null,"timestamp":"2025-10-10 05:48:16"}
{"account":"Agama","to":"6287724888886","type":"text","status":"success","message":"Terima kasih kak Ikhsan Hidayat sudah order Ebook Ihfadz \ud83d\ude0a\r\n\r\nUntuk akses ebook dan bonusnya bisa","error":null,"timestamp":"2025-10-10 05:48:17"}
{"account":"Agama","to":"628118444007","type":"text","status":"success","message":"Assalamu'alaikum *Joko Pujiantoro*\r\n\r\nAnda menerima pesan ini karena Anda telah melakukan pemesanan ","error":null,"timestamp":"2025-10-10 08:25:02"}
{"account":"Agama","to":"6281265306580","type":"text","status":"success","message":"Assalamu'alaikum *Riana*\r\n\r\nAnda menerima pesan ini karena Anda telah melakukan pemesanan eBook DaQo","error":null,"timestamp":"2025-10-10 09:30:05"}
{"account":"Agama","to":"628132114451","type":"text","status":"success","message":"*Ahlan wa sahlan kak Andini*\r\nTerima kasih sudah melakukan pemesanan eBook DaQo, Ebook Ihfadz\u263a\ufe0f\r","error":null,"timestamp":"2025-10-10 09:33:21"}
{"account":"Agama","to":"62822345432","type":"text","status":"success","message":"Assalamu'alaikum *Hardi*\r\n\r\nAnda menerima pesan ini karena Anda telah melakukan pemesanan eBook DaQo","error":null,"timestamp":"2025-10-10 10:10:03"}
{"account":"Agama","to":"6281263081624","type":"text","status":"success","message":"*Ahlan wa sahlan kak Mirna lisa*\r\nTerima kasih sudah melakukan pemesanan eBook DaQo, Ebook Ihfadz\u263a","error":null,"timestamp":"2025-10-10 10:11:03"}
{"account":"Agama","to":"6282301920887","type":"text","status":"success","message":"Assalamu'alaikum Betran\r\n\r\n \r\nAnda menerima pesan ini karena Anda telah order eBook DaQo & Ebook Ihf","error":null,"timestamp":"2025-10-10 10:55:02"}
{"account":"Agama","to":"6281976543678","type":"text","status":"success","message":"Assalamu'alaikum Mariah\r\n\r\n \r\nAnda menerima pesan ini karena Anda telah order eBook DaQo & Ebook Ihf","error":null,"timestamp":"2025-10-10 10:55:02"}
{"account":"Agama","to":"6285256508184","type":"text","status":"success","message":"Assalamu'alaikum *Mariana*\r\n\r\nAnda menerima pesan ini karena Anda telah melakukan pemesanan eBook Da","error":null,"timestamp":"2025-10-10 11:20:03"}
{"account":"Agama","to":"6285245174428","type":"text","status":"success","message":"Assalamu'alaikum Bibi\r\n\r\n \r\nAnda menerima pesan ini karena Anda telah order eBook DaQo & Ebook Ihfad","error":null,"timestamp":"2025-10-10 11:25:02"}
{"account":"Agama","to":"6285356743566","type":"text","status":"success","message":"Assalamu'alaikum *wanti*\r\n\r\nAnda menerima pesan ini karena Anda telah melakukan pemesanan eBook DaQo","error":null,"timestamp":"2025-10-10 11:30:05"}
{"account":"Agama","to":"6285245174428","type":"text","status":"success","message":"Assalamu'alaikum Bibi\r\n\r\n \r\nAnda menerima pesan ini karena Anda telah order eBook DaQo & Ebook Ihfad","error":null,"timestamp":"2025-10-10 11:35:02"}
{"account":"Agama","to":"6281266789012","type":"text","status":"success","message":"Assalamu'alaikum *Tia*\r\n\r\nAnda menerima pesan ini karena Anda telah melakukan pemesanan eBook DaQo &","error":null,"timestamp":"2025-10-10 11:35:02"}
{"account":"Agama","to":"6285356789087","type":"text","status":"success","message":"Assalamu'alaikum *Bambo sambono*\r\n\r\nAnda menerima pesan ini karena Anda telah melakukan pemesanan eB","error":null,"timestamp":"2025-10-10 11:35:03"}
{"account":"Agama","to":"62821793657243","type":"text","status":"success","message":"Assalamu'alaikum *Dira Pratama*\r\n\r\nAnda menerima pesan ini karena Anda telah melakukan pemesanan eBo","error":null,"timestamp":"2025-10-10 11:40:03"}
{"account":"Agama","to":"6281264875421","type":"text","status":"success","message":"Assalamu'alaikum Diana jaya\r\n\r\n \r\nAnda menerima pesan ini karena Anda telah order eBook DaQo & Ebook","error":null,"timestamp":"2025-10-10 11:40:03"}
{"account":"Agama","to":"6282168322766","type":"text","status":"success","message":"Assalamu'alaikum *Linda*\r\n\r\nAnda menerima pesan ini karena Anda telah melakukan pemesanan eBook DaQo","error":null,"timestamp":"2025-10-10 12:00:07"}
{"account":"Agama","to":"6282265786598","type":"text","status":"success","message":"Assalamu'alaikum *Sulis*\r\n\r\nAnda menerima pesan ini karena Anda telah melakukan pemesanan eBook DaQo","error":null,"timestamp":"2025-10-10 12:05:02"}
{"account":"Agama","to":"6289509876546","type":"text","status":"success","message":"Assalamu'alaikum *Diva*\r\n\r\nAnda menerima pesan ini karena Anda telah melakukan pemesanan eBook DaQo ","error":null,"timestamp":"2025-10-10 12:05:03"}
{"account":"Agama","to":"6281349706542","type":"text","status":"success","message":"Assalamu'alaikum *siti rahmah*\r\n\r\nAnda menerima pesan ini karena Anda telah melakukan pemesanan eBoo","error":null,"timestamp":"2025-10-10 12:05:03"}
{"account":"Agama","to":"6282362742380","type":"text","status":"success","message":"Assalamu'alaikum *Meliya*\r\n\r\nAnda menerima pesan ini karena Anda telah melakukan pemesanan eBook DaQ","error":null,"timestamp":"2025-10-10 12:15:03"}
{"account":"Agama","to":"6282243884629","type":"text","status":"success","message":"Assalamu'alaikum sahara\r\n\r\n \r\nAnda menerima pesan ini karena Anda telah order eBook DaQo & Ebook Ihf","error":null,"timestamp":"2025-10-10 12:20:03"}
{"account":"Agama","to":"6285670987765","type":"text","status":"success","message":"Assalamu'alaikum Phundy\r\n\r\n\r\nAnda menerima pesan ini karena Anda telah melakukan order eBook DaQo & ","error":null,"timestamp":"2025-10-10 12:35:03"}
{"account":"Agama","to":"6281265658820","type":"text","status":"success","message":"Assalamu'alaikum *Sari*\r\n\r\nAnda menerima pesan ini karena Anda telah melakukan pemesanan eBook DaQo ","error":null,"timestamp":"2025-10-10 12:40:03"}
{"account":"Agama","to":"628118427165","type":"text","status":"success","message":"Assalamu'alaikum *Herdiman Syah*\r\n\r\nAnda menerima pesan ini karena Anda telah melakukan pemesanan eB","error":null,"timestamp":"2025-10-10 14:50:03"}
{"account":"Agama","to":"628124830325","type":"text","status":"success","message":"Assalamu'alaikum *Yati*\r\n\r\nAnda menerima pesan ini karena Anda telah melakukan pemesanan eBook DaQo ","error":null,"timestamp":"2025-10-10 18:55:02"}
{"account":"Agama","to":"6285255842163","type":"text","status":"success","message":"Assalamu'alaikum SYAMSUDDIN\r\n\r\n \r\nAnda menerima pesan ini karena Anda telah order Ebook Qila tapi st","error":null,"timestamp":"2025-10-10 20:50:04"}
{"account":"Agama","to":"6281213327573","type":"text","status":"success","message":"*Ahlan wa sahlan kak Fifi*\r\nTerima kasih sudah melakukan pemesanan eBook DaQo, Ebook Ihfadz\u263a\ufe0f\r\n\r","error":null,"timestamp":"2025-10-11 00:58:01"}
{"account":"Agama","to":"6281213327573","type":"text","status":"success","message":"Terima kasih kak Fifi sudah order eBook DaQo \ud83d\ude0a\r\n\r\nUntuk akses ebook dan bonusnya bisa klik link d","error":null,"timestamp":"2025-10-11 05:02:16"}
{"account":"Agama","to":"6281213327573","type":"text","status":"success","message":"Terima kasih kak Fifi sudah order Ebook Ihfadz \ud83d\ude0a\r\n\r\nUntuk akses ebook dan bonusnya bisa klik link","error":null,"timestamp":"2025-10-11 05:02:17"}
{"account":"Agama","to":"6282148555788","type":"text","status":"success","message":"*Ahlan wa sahlan kak Jaultop*\r\nTerima kasih sudah melakukan pemesanan eBook DaQo, Ebook Ihfadz\u263a\ufe0f","error":null,"timestamp":"2025-10-11 05:11:01"}
{"account":"Agama","to":"6282136570448","type":"text","status":"success","message":"*Ahlan wa sahlan kak Muhammad Abdurrahman*\r\nTerima kasih sudah melakukan pemesanan eBook DaQo\u263a\ufe0f\r","error":null,"timestamp":"2025-10-11 05:36:10"}
{"account":"Agama","to":"6285245174428","type":"text","status":"success","message":"*Ahlan wa sahlan kak Bibi*\r\nTerima kasih sudah melakukan pemesanan eBook DaQo, Ebook Ihfadz\u263a\ufe0f\r\n\r","error":null,"timestamp":"2025-10-11 06:02:01"}
{"account":"Agama","to":"6282136570448","type":"text","status":"success","message":"Terima kasih kak Muhammad Abdurrahman sudah order eBook DaQo \ud83d\ude0a\r\n\r\nUntuk akses ebook dan bonusnya ","error":null,"timestamp":"2025-10-11 06:11:25"}
{"account":"Agama","to":"628118444007","type":"text","status":"success","message":"Assalamu'alaikum Joko Pujiantoro\r\n\r\n\r\nAnda menerima pesan ini karena Anda telah melakukan order eBoo","error":null,"timestamp":"2025-10-11 08:25:03"}
{"account":"Agama","to":"6281265306580","type":"text","status":"success","message":"Assalamu'alaikum Riana\r\n\r\n\r\nAnda menerima pesan ini karena Anda telah melakukan order eBook DaQo & E","error":null,"timestamp":"2025-10-11 09:35:02"}
{"account":"Agama","to":"628132114451","type":"text","status":"success","message":"Assalamu'alaikum *Andini*\r\n\r\nAnda menerima pesan ini karena Anda telah melakukan pemesanan eBook DaQ","error":null,"timestamp":"2025-10-11 09:35:03"}
{"account":"Agama","to":"62822345432","type":"text","status":"success","message":"Assalamu'alaikum Hardi\r\n\r\n\r\nAnda menerima pesan ini karena Anda telah melakukan order eBook DaQo & E","error":null,"timestamp":"2025-10-11 10:15:03"}
{"account":"Agama","to":"6281263081624","type":"text","status":"success","message":"Assalamu'alaikum *Mirna lisa*\r\n\r\nAnda menerima pesan ini karena Anda telah melakukan pemesanan eBook","error":null,"timestamp":"2025-10-11 10:15:04"}
{"account":"Agama","to":"6287890865665","type":"text","status":"success","message":"*Ahlan wa sahlan kak Anita*\r\nTerima kasih sudah melakukan pemesanan eBook DaQo, Ebook Ihfadz\u263a\ufe0f\r\n","error":null,"timestamp":"2025-10-11 11:05:21"}
{"account":"Agama","to":"6285256508184","type":"text","status":"success","message":"Assalamu'alaikum Mariana\r\n\r\n\r\nAnda menerima pesan ini karena Anda telah melakukan order eBook DaQo &","error":null,"timestamp":"2025-10-11 11:25:02"}
{"account":"Agama","to":"6285356743566","type":"text","status":"success","message":"Assalamu'alaikum wanti\r\n\r\n\r\nAnda menerima pesan ini karena Anda telah melakukan order eBook DaQo & E","error":null,"timestamp":"2025-10-11 11:30:05"}
{"account":"Agama","to":"6281266789012","type":"text","status":"success","message":"Assalamu'alaikum Tia\r\n\r\n\r\nAnda menerima pesan ini karena Anda telah melakukan order eBook DaQo & Ebo","error":null,"timestamp":"2025-10-11 11:35:02"}
{"account":"Agama","to":"6285356789087","type":"text","status":"success","message":"Assalamu'alaikum Bambo sambono\r\n\r\n\r\nAnda menerima pesan ini karena Anda telah melakukan order eBook ","error":null,"timestamp":"2025-10-11 11:40:03"}
{"account":"Agama","to":"62821793657243","type":"text","status":"success","message":"Assalamu'alaikum Dira Pratama\r\n\r\n\r\nAnda menerima pesan ini karena Anda telah melakukan order eBook D","error":null,"timestamp":"2025-10-11 11:40:04"}
{"account":"Agama","to":"6283165786768","type":"text","status":"success","message":"*Ahlan wa sahlan kak Dese*\r\nTerima kasih sudah melakukan pemesanan eBook DaQo, Ebook Ihfadz\u263a\ufe0f\r\n\r","error":null,"timestamp":"2025-10-11 11:46:06"}
{"account":"Agama","to":"628987987798","type":"text","status":"success","message":"*Ahlan wa sahlan kak Andi*\r\nTerima kasih sudah melakukan pemesanan eBook DaQo, Ebook Ihfadz\u263a\ufe0f\r\n\r","error":null,"timestamp":"2025-10-11 11:57:10"}
{"account":"Agama","to":"6282168322766","type":"text","status":"success","message":"Assalamu'alaikum Linda\r\n\r\n\r\nAnda menerima pesan ini karena Anda telah melakukan order eBook DaQo & E","error":null,"timestamp":"2025-10-11 12:05:03"}
{"account":"Agama","to":"6282265786598","type":"text","status":"success","message":"Assalamu'alaikum Sulis\r\n\r\n\r\nAnda menerima pesan ini karena Anda telah melakukan order eBook DaQo & E","error":null,"timestamp":"2025-10-11 12:05:03"}
{"account":"Agama","to":"6289509876546","type":"text","status":"success","message":"Assalamu'alaikum Diva\r\n\r\n\r\nAnda menerima pesan ini karena Anda telah melakukan order eBook DaQo & Eb","error":null,"timestamp":"2025-10-11 12:10:03"}
{"account":"Agama","to":"6281349706542","type":"text","status":"success","message":"Assalamu'alaikum siti rahmah\r\n\r\n\r\nAnda menerima pesan ini karena Anda telah melakukan order eBook Da","error":null,"timestamp":"2025-10-11 12:10:03"}
{"account":"Agama","to":"6282362742380","type":"text","status":"success","message":"Assalamu'alaikum Meliya\r\n\r\n\r\nAnda menerima pesan ini karena Anda telah melakukan order eBook DaQo & ","error":null,"timestamp":"2025-10-11 12:15:04"}
{"account":"Agama","to":"6285670987765","type":"text","status":"success","message":"Assalamu'alaikum Phundy\r\n\r\n \r\nAnda menerima pesan ini karena Anda telah order eBook DaQo & Ebook Ihf","error":null,"timestamp":"2025-10-11 12:40:03"}
{"account":"Agama","to":"6281265658820","type":"text","status":"success","message":"Assalamu'alaikum Sari\r\n\r\n\r\nAnda menerima pesan ini karena Anda telah melakukan order eBook DaQo & Eb","error":null,"timestamp":"2025-10-11 12:40:04"}
{"account":"Agama","to":"628118427165","type":"text","status":"success","message":"Assalamu'alaikum Herdiman Syah\r\n\r\n\r\nAnda menerima pesan ini karena Anda telah melakukan order eBook ","error":null,"timestamp":"2025-10-11 14:55:02"}
{"account":"Agama","to":"628124830325","type":"text","status":"success","message":"Assalamu'alaikum Yati\r\n\r\n\r\nAnda menerima pesan ini karena Anda telah melakukan order eBook DaQo & Eb","error":null,"timestamp":"2025-10-11 18:55:03"}
{"account":"Agama","to":"6282148555788","type":"text","status":"success","message":"Assalamu'alaikum *Jaultop*\r\n\r\nAnda menerima pesan ini karena Anda telah melakukan pemesanan eBook Da","error":null,"timestamp":"2025-10-12 05:15:03"}
{"account":"Agama","to":"628118444007","type":"text","status":"success","message":"Assalamu'alaikum Joko Pujiantoro\r\n\r\n \r\nAnda menerima pesan ini karena Anda telah order eBook DaQo & ","error":null,"timestamp":"2025-10-12 08:30:05"}
{"account":"Agama","to":"6281265306580","type":"text","status":"success","message":"Assalamu'alaikum Riana\r\n\r\n \r\nAnda menerima pesan ini karena Anda telah order eBook DaQo & Ebook Ihfa","error":null,"timestamp":"2025-10-12 09:35:02"}
{"account":"Agama","to":"628132114451","type":"text","status":"success","message":"Assalamu'alaikum Andini\r\n\r\n\r\nAnda menerima pesan ini karena Anda telah melakukan order eBook DaQo & ","error":null,"timestamp":"2025-10-12 09:40:03"}
{"account":"Agama","to":"62822345432","type":"text","status":"success","message":"Assalamu'alaikum Hardi\r\n\r\n \r\nAnda menerima pesan ini karena Anda telah order eBook DaQo & Ebook Ihfa","error":null,"timestamp":"2025-10-12 10:15:03"}
{"account":"Agama","to":"6281263081624","type":"text","status":"success","message":"Assalamu'alaikum Mirna lisa\r\n\r\n\r\nAnda menerima pesan ini karena Anda telah melakukan order eBook DaQ","error":null,"timestamp":"2025-10-12 10:20:03"}
{"account":"Agama","to":"6287890865665","type":"text","status":"success","message":"Assalamu'alaikum *Anita*\r\n\r\nAnda menerima pesan ini karena Anda telah melakukan pemesanan eBook DaQo","error":null,"timestamp":"2025-10-12 11:10:04"}
{"account":"Agama","to":"6285256508184","type":"text","status":"success","message":"Assalamu'alaikum Mariana\r\n\r\n \r\nAnda menerima pesan ini karena Anda telah order eBook DaQo & Ebook Ih","error":null,"timestamp":"2025-10-12 11:25:03"}
{"account":"Agama","to":"6285356743566","type":"text","status":"success","message":"Assalamu'alaikum wanti\r\n\r\n \r\nAnda menerima pesan ini karena Anda telah order eBook DaQo & Ebook Ihfa","error":null,"timestamp":"2025-10-12 11:35:03"}
{"account":"Agama","to":"6281266789012","type":"text","status":"success","message":"Assalamu'alaikum Tia\r\n\r\n \r\nAnda menerima pesan ini karena Anda telah order eBook DaQo & Ebook Ihfadz","error":null,"timestamp":"2025-10-12 11:35:03"}
{"account":"Agama","to":"6285356789087","type":"text","status":"success","message":"Assalamu'alaikum Bambo sambono\r\n\r\n \r\nAnda menerima pesan ini karena Anda telah order eBook DaQo & Eb","error":null,"timestamp":"2025-10-12 11:45:03"}
{"account":"Agama","to":"62821793657243","type":"text","status":"success","message":"Assalamu'alaikum Dira Pratama\r\n\r\n \r\nAnda menerima pesan ini karena Anda telah order eBook DaQo & Ebo","error":null,"timestamp":"2025-10-12 11:45:03"}
{"account":"Agama","to":"6283165786768","type":"text","status":"success","message":"Assalamu'alaikum *Dese*\r\n\r\nAnda menerima pesan ini karena Anda telah melakukan pemesanan eBook DaQo ","error":null,"timestamp":"2025-10-12 11:50:03"}
{"account":"Agama","to":"628987987798","type":"text","status":"success","message":"Assalamu'alaikum *Andi*\r\n\r\nAnda menerima pesan ini karena Anda telah melakukan pemesanan eBook DaQo ","error":null,"timestamp":"2025-10-12 12:00:07"}
{"account":"Agama","to":"6282168322766","type":"text","status":"success","message":"Assalamu'alaikum Linda\r\n\r\n \r\nAnda menerima pesan ini karena Anda telah order eBook DaQo & Ebook Ihfa","error":null,"timestamp":"2025-10-12 12:10:03"}
{"account":"Agama","to":"6282265786598","type":"text","status":"success","message":"Assalamu'alaikum Sulis\r\n\r\n \r\nAnda menerima pesan ini karena Anda telah order eBook DaQo & Ebook Ihfa","error":null,"timestamp":"2025-10-12 12:10:03"}
{"account":"Agama","to":"6289509876546","type":"text","status":"success","message":"Assalamu'alaikum Diva\r\n\r\n \r\nAnda menerima pesan ini karena Anda telah order eBook DaQo & Ebook Ihfad","error":null,"timestamp":"2025-10-12 12:15:03"}
{"account":"Agama","to":"6281349706542","type":"text","status":"success","message":"Assalamu'alaikum siti rahmah\r\n\r\n \r\nAnda menerima pesan ini karena Anda telah order eBook DaQo & Eboo","error":null,"timestamp":"2025-10-12 12:15:04"}
{"account":"Agama","to":"6282362742380","type":"text","status":"success","message":"Assalamu'alaikum Meliya\r\n\r\n \r\nAnda menerima pesan ini karena Anda telah order eBook DaQo & Ebook Ihf","error":null,"timestamp":"2025-10-12 12:20:03"}
{"account":"Agama","to":"6281265658820","type":"text","status":"success","message":"Assalamu'alaikum Sari\r\n\r\n \r\nAnda menerima pesan ini karena Anda telah order eBook DaQo & Ebook Ihfad","error":null,"timestamp":"2025-10-12 12:45:03"}
{"account":"Agama","to":"6285245174428","type":"text","status":"success","message":"*Ahlan wa sahlan kak Bibi*\r\nTerima kasih sudah melakukan pemesanan eBook DaQo, Ebook Ihfadz\u263a\ufe0f\r\n\r","error":null,"timestamp":"2025-10-12 13:04:50"}
{"account":"Agama","to":"628118427165","type":"text","status":"success","message":"Assalamu'alaikum Herdiman Syah\r\n\r\n \r\nAnda menerima pesan ini karena Anda telah order eBook DaQo & Eb","error":null,"timestamp":"2025-10-12 15:00:07"}
{"account":"Agama","to":"628124830325","type":"text","status":"success","message":"Assalamu'alaikum Yati\r\n\r\n \r\nAnda menerima pesan ini karena Anda telah order eBook DaQo & Ebook Ihfad","error":null,"timestamp":"2025-10-12 19:00:07"}
{"account":"Agama","to":"6287878220902","type":"text","status":"success","message":"*Ahlan wa sahlan kak Kusuma*\r\nTerima kasih sudah melakukan pemesanan eBook DaQo, Ebook Ihfadz\u263a\ufe0f\r","error":null,"timestamp":"2025-10-13 00:48:25"}
{"account":"Agama","to":"6282148555788","type":"text","status":"success","message":"Assalamu'alaikum Jaultop\r\n\r\n\r\nAnda menerima pesan ini karena Anda telah melakukan order eBook DaQo &","error":null,"timestamp":"2025-10-13 05:20:03"}
{"account":"Agama","to":"6287878220902","type":"text","status":"success","message":"Terima kasih kak Kusuma sudah order eBook DaQo \ud83d\ude0a\r\n\r\nUntuk akses ebook dan bonusnya bisa klik link","error":null,"timestamp":"2025-10-13 05:46:40"}
{"account":"Agama","to":"6287878220902","type":"text","status":"success","message":"Terima kasih kak Kusuma sudah order Ebook Ihfadz \ud83d\ude0a\r\n\r\nUntuk akses ebook dan bonusnya bisa klik li","error":null,"timestamp":"2025-10-13 05:46:40"}
{"account":"Agama","to":"6285340819101","type":"text","status":"success","message":"*Ahlan wa sahlan kak ANDI FIRNAH SARI*\r\nTerima kasih sudah melakukan pemesanan eBook DaQo, Ebook Ihf","error":null,"timestamp":"2025-10-13 06:28:21"}
{"account":"Agama","to":"6285340819101","type":"text","status":"success","message":"Terima kasih kak ANDI FIRNAH SARI sudah order eBook DaQo \ud83d\ude0a\r\n\r\nUntuk akses ebook dan bonusnya bisa","error":null,"timestamp":"2025-10-13 06:38:27"}
{"account":"Agama","to":"6285340819101","type":"text","status":"success","message":"Terima kasih kak ANDI FIRNAH SARI sudah order Ebook Ihfadz \ud83d\ude0a\r\n\r\nUntuk akses ebook dan bonusnya bi","error":null,"timestamp":"2025-10-13 06:38:27"}

{"account":"Agama","to":"6281229290535","type":"text","status":"success","message":"Terima kasih kak Budi Santoso sudah order eBook DaQo \ud83d\ude0a\r\n\r\nUntuk akses ebook dan bonusnya bisa kli","error":null,"timestamp":"2025-10-13 07:40:21"}
{"account":"Agama","to":"6281229290535","type":"text","status":"success","message":"Terima kasih kak Budi Santoso sudah order Ebook Ihfadz \ud83d\ude0a\r\n\r\nUntuk akses ebook dan bonusnya bisa k","error":null,"timestamp":"2025-10-13 07:40:22"}
{"account":"Agama","to":"6285246476688","type":"text","status":"success","message":"*Ahlan wa sahlan kak Zaid*\r\nTerima kasih sudah melakukan pemesanan eBook DaQo\u263a\ufe0f\r\n\r\nBerikut data ","error":null,"timestamp":"2025-10-13 08:47:06"}
{"account":"Agama","to":"6285246476688","type":"text","status":"success","message":"Terima kasih kak Zaid sudah order eBook DaQo \ud83d\ude0a\r\n\r\nUntuk akses ebook dan bonusnya bisa klik link d","error":null,"timestamp":"2025-10-13 08:59:30"}
{"account":"Agama","to":"628132114451","type":"text","status":"success","message":"Assalamu'alaikum Andini\r\n\r\n \r\nAnda menerima pesan ini karena Anda telah order eBook DaQo & Ebook Ihf","error":null,"timestamp":"2025-10-13 09:45:03"}
{"account":"Agama","to":"6281263081624","type":"text","status":"success","message":"Assalamu'alaikum Mirna lisa\r\n\r\n \r\nAnda menerima pesan ini karena Anda telah order eBook DaQo & Ebook","error":null,"timestamp":"2025-10-13 10:25:02"}
{"account":"Agama","to":"6287890865665","type":"text","status":"success","message":"Assalamu'alaikum Anita\r\n\r\n\r\nAnda menerima pesan ini karena Anda telah melakukan order eBook DaQo & E","error":null,"timestamp":"2025-10-13 11:15:03"}
{"account":"Agama","to":"6283165786768","type":"text","status":"success","message":"Assalamu'alaikum Dese\r\n\r\n\r\nAnda menerima pesan ini karena Anda telah melakukan order eBook DaQo & Eb","error":null,"timestamp":"2025-10-13 11:50:03"}
{"account":"Agama","to":"628987987798","type":"text","status":"success","message":"Assalamu'alaikum Andi\r\n\r\n\r\nAnda menerima pesan ini karena Anda telah melakukan order eBook DaQo & Eb","error":null,"timestamp":"2025-10-13 12:05:02"}
{"account":"Agama","to":"6287734723553","type":"text","status":"success","message":"*Ahlan wa sahlan kak Rahman*\r\nTerima kasih sudah melakukan pemesanan eBook DaQo\u263a\ufe0f\r\n\r\nBerikut dat","error":null,"timestamp":"2025-10-13 17:09:07"}
{"account":"Agama","to":"6287734723553","type":"text","status":"success","message":"Terima kasih kak Rahman sudah order eBook DaQo \ud83d\ude0a\r\n\r\nUntuk akses ebook dan bonusnya bisa klik link","error":null,"timestamp":"2025-10-13 17:25:18"}
{"account":"Agama","to":"6281365803246","type":"text","status":"success","message":"*Ahlan wa sahlan kak Bundo*\r\nTerima kasih sudah melakukan pemesanan eBook DaQo\u263a\ufe0f\r\n\r\nBerikut data","error":null,"timestamp":"2025-10-13 20:12:10"}
{"account":"Agama","to":"6285265803246","type":"text","status":"success","message":"*Ahlan wa sahlan kak Bundo*\r\nTerima kasih sudah melakukan pemesanan eBook DaQo\u263a\ufe0f\r\n\r\nBerikut data","error":null,"timestamp":"2025-10-13 20:14:44"}
{"account":"Agama","to":"6285265803246","type":"text","status":"success","message":"Terima kasih kak Bundo sudah order eBook DaQo \ud83d\ude0a\r\n\r\nUntuk akses ebook dan bonusnya bisa klik link ","error":null,"timestamp":"2025-10-13 20:16:03"}
{"account":"Agama","to":"6285267655440","type":"text","status":"success","message":"*Ahlan wa sahlan kak Lusiana Sulastri*\r\nTerima kasih sudah melakukan pemesanan eBook DaQo\u263a\ufe0f\r\n\r\nB","error":null,"timestamp":"2025-10-13 21:41:03"}
{"account":"Agama","to":"6285267655440","type":"text","status":"success","message":"Terima kasih kak Lusiana Sulastri sudah order eBook DaQo \ud83d\ude0a\r\n\r\nUntuk akses ebook dan bonusnya bisa","error":null,"timestamp":"2025-10-13 22:00:23"}
{"account":"Agama","to":"6282148555788","type":"text","status":"success","message":"Assalamu'alaikum Jaultop\r\n\r\n \r\nAnda menerima pesan ini karena Anda telah order eBook DaQo & Ebook Ih","error":null,"timestamp":"2025-10-14 05:20:04"}
{"account":"Agama","to":"6287890865665","type":"text","status":"success","message":"Assalamu'alaikum Anita\r\n\r\n \r\nAnda menerima pesan ini karena Anda telah order eBook DaQo & Ebook Ihfa","error":null,"timestamp":"2025-10-14 11:20:03"}
{"account":"Agama","to":"6283165786768","type":"text","status":"success","message":"Assalamu'alaikum Dese\r\n\r\n \r\nAnda menerima pesan ini karena Anda telah order eBook DaQo & Ebook Ihfad","error":null,"timestamp":"2025-10-14 11:50:03"}
{"account":"Agama","to":"628987987798","type":"text","status":"success","message":"Assalamu'alaikum Andi\r\n\r\n \r\nAnda menerima pesan ini karena Anda telah order eBook DaQo & Ebook Ihfad","error":null,"timestamp":"2025-10-14 12:05:02"}
{"account":"Agama","to":"6285245174428","type":"text","status":"success","message":"*Ahlan wa sahlan kak Bibi*\r\nTerima kasih sudah melakukan pemesanan eBook DaQo, Ebook Ihfadz\u263a\ufe0f\r\n\r","error":null,"timestamp":"2025-10-17 00:19:18"}
{"account":"Agama","to":"6282155661184","type":"text","status":"success","message":"*Ahlan wa sahlan kak Abidah Daniya*\r\nTerima kasih sudah melakukan pemesanan eBook DaQo, Ebook Ihfadz","error":null,"timestamp":"2025-10-17 16:40:54"}
{"account":"Agama","to":"6285245174428","type":"text","status":"success","message":"*Ahlan wa sahlan kak Bibi*\r\nTerima kasih sudah melakukan pemesanan eBook DaQo, Ebook Ihfadz\u263a\ufe0f\r\n\r","error":null,"timestamp":"2025-10-17 18:07:33"}
{"account":"Agama","to":"6282155661184","type":"text","status":"success","message":"Assalamu'alaikum *Abidah Daniya*\r\n\r\nAnda menerima pesan ini karena Anda telah melakukan pemesanan eB","error":null,"timestamp":"2025-10-18 16:45:04"}
{"account":"Agama","to":"6281233770339","type":"text","status":"success","message":"*Ahlan wa sahlan kak Nurul*\r\nTerima kasih sudah memesan *ebook Ihfadz*\u263a\ufe0f\r\n\r\nBerikut data anda:\r\n","error":null,"timestamp":"2025-10-18 18:05:04"}
{"account":"Agama","to":"6281233770339","type":"text","status":"success","message":"Terima kasih kak Nurul sudah order Ebook Ihfadz \ud83d\ude0a\r\n\r\nUntuk akses ebook dan bonusnya bisa klik lin","error":null,"timestamp":"2025-10-19 10:46:27"}
{"account":"Agama","to":"6282155661184","type":"text","status":"success","message":"Assalamu'alaikum Abidah Daniya\r\n\r\n\r\nAnda menerima pesan ini karena Anda telah melakukan order eBook ","error":null,"timestamp":"2025-10-19 16:50:03"}
{"account":"Agama","to":"6282155661184","type":"text","status":"success","message":"Assalamu'alaikum Abidah Daniya\r\n\r\n \r\nAnda menerima pesan ini karena Anda telah order eBook DaQo & Eb","error":null,"timestamp":"2025-10-20 16:55:02"}
{"account":"Agama","to":"6285245174428","type":"text","status":"success","message":"*Ahlan wa sahlan kak Bibi*\r\nTerima kasih sudah melakukan pemesanan eBook DaQo, Ebook Ihfadz\u263a\ufe0f\r\n\r","error":null,"timestamp":"2025-10-24 15:54:09"}
{"account":"Agama","to":"6285245174428","type":"text","status":"success","message":"*Ahlan wa sahlan kak Bibi*\r\nTerima kasih sudah melakukan pemesanan eBook DaQo, Ebook Ihfadz\u263a\ufe0f\r\n\r","error":null,"timestamp":"2025-10-25 06:41:34"}
{"account":"Agama","to":"628121566525","type":"text","status":"success","message":"*Ahlan wa sahlan kak Irawadi*\r\nTerima kasih sudah melakukan pemesanan Ebook Ihfadz, eBook DaQo\u263a\ufe0f","error":null,"timestamp":"2025-10-26 19:07:33"}

{"account":"Agama","to":"6288744528679","type":"text","status":"success","message":"Terima kasih kak Ibu Dini sudah order eBook DaQo \ud83d\ude0a\r\n\r\nUntuk akses ebook dan bonusnya bisa klik li","error":null,"timestamp":"2025-10-27 09:15:34"}
{"account":"Agama","to":"6288744528679","type":"text","status":"success","message":"Terima kasih kak Ibu Dini sudah order Ebook Ihfadz \ud83d\ude0a\r\n\r\nUntuk akses ebook dan bonusnya bisa klik ","error":null,"timestamp":"2025-10-27 09:15:35"}

{"account":"Agama","to":"6285194812600","type":"text","status":"success","message":"Terima kasih kak Devi Susanti sudah order eBook DaQo \ud83d\ude0a\r\n\r\nUntuk akses ebook dan bonusnya bisa kli","error":null,"timestamp":"2025-10-27 10:03:30"}
{"account":"Agama","to":"6285194812600","type":"text","status":"success","message":"Terima kasih kak Devi Susanti sudah order Ebook Ihfadz \ud83d\ude0a\r\n\r\nUntuk akses ebook dan bonusnya bisa k","error":null,"timestamp":"2025-10-27 10:03:31"}
{"account":"Agama","to":"6285245174428","type":"text","status":"success","message":"*Ahlan wa sahlan kak Bibi*\r\nTerima kasih sudah melakukan pemesanan eBook DaQo, Ebook Ihfadz\u263a\ufe0f\r\n\r","error":null,"timestamp":"2025-10-27 15:21:08"}
{"account":"Agama","to":"628121566525","type":"text","status":"success","message":"Assalamu'alaikum *Irawadi*\r\n\r\nAnda menerima pesan ini karena Anda telah melakukan pemesanan eBook Da","error":null,"timestamp":"2025-10-27 19:10:03"}
{"account":"Agama","to":"6281338601308","type":"text","status":"success","message":"*Ahlan wa sahlan kak Masni Darawati*\r\nTerima kasih sudah melakukan pemesanan eBook DaQo, Ebook Ihfad","error":null,"timestamp":"2025-10-28 01:48:26"}
{"account":"Agama","to":"6282190889204","type":"text","status":"success","message":"*Ahlan wa sahlan kak Norma*\r\nTerima kasih sudah melakukan pemesanan eBook DaQo, Ebook Ihfadz\u263a\ufe0f\r\n","error":null,"timestamp":"2025-10-28 03:35:33"}
{"account":"Agama","to":"6281322332223","type":"text","status":"success","message":"*Ahlan wa sahlan kak Rangga*\r\nTerima kasih sudah melakukan pemesanan eBook DaQo\u263a\ufe0f\r\n\r\nBerikut dat","error":null,"timestamp":"2025-10-28 03:40:29"}
{"account":"Agama","to":"6282190889204","type":"text","status":"success","message":"*Ahlan wa sahlan kak Norma*\r\nTerima kasih sudah melakukan pemesanan eBook DaQo, Ebook Ihfadz\u263a\ufe0f\r\n","error":null,"timestamp":"2025-10-28 03:40:54"}
{"account":"Agama","to":"6282190889204","type":"text","status":"success","message":"Terima kasih kak Norma sudah order eBook DaQo \ud83d\ude0a\r\n\r\nUntuk akses ebook dan bonusnya bisa klik link ","error":null,"timestamp":"2025-10-28 05:23:18"}
{"account":"Agama","to":"6282190889204","type":"text","status":"success","message":"Terima kasih kak Norma sudah order Ebook Ihfadz \ud83d\ude0a\r\n\r\nUntuk akses ebook dan bonusnya bisa klik lin","error":null,"timestamp":"2025-10-28 05:23:19"}
{"account":"Agama","to":"6281322332223","type":"text","status":"success","message":"Terima kasih kak Rangga sudah order eBook DaQo \ud83d\ude0a\r\n\r\nUntuk akses ebook dan bonusnya bisa klik link","error":null,"timestamp":"2025-10-28 05:23:45"}
{"account":"Agama","to":"6282289088973","type":"text","status":"success","message":"*Ahlan wa sahlan kak Arif*\r\nTerima kasih sudah memesan *ebook Qila*\u263a\ufe0f\r\n\r\nBerikut data anda:\r\nNam","error":null,"timestamp":"2025-10-28 06:34:51"}
{"account":"Agama","to":"628111975279","type":"text","status":"success","message":"*Ahlan wa sahlan kak Defi*\r\nTerima kasih sudah melakukan pemesanan eBook DaQo\u263a\ufe0f\r\n\r\nBerikut data ","error":null,"timestamp":"2025-10-28 15:51:18"}
{"account":"Agama","to":"628122155206","type":"text","status":"success","message":"*Ahlan wa sahlan kak Giri Sari*\r\nTerima kasih sudah melakukan pemesanan eBook DaQo\u263a\ufe0f\r\n\r\nBerikut ","error":null,"timestamp":"2025-10-28 16:48:30"}
{"account":"Agama","to":"628122155206","type":"text","status":"success","message":"Terima kasih kak Giri Sari sudah order eBook DaQo \ud83d\ude0a\r\n\r\nUntuk akses ebook dan bonusnya bisa klik l","error":null,"timestamp":"2025-10-28 17:06:02"}
{"account":"Agama","to":"628121566525","type":"text","status":"success","message":"Assalamu'alaikum Irawadi\r\n\r\n\r\nAnda menerima pesan ini karena Anda telah melakukan order eBook DaQo &","error":null,"timestamp":"2025-10-28 19:15:03"}
{"account":"Agama","to":"628111975279","type":"text","status":"success","message":"Terima kasih kak Defi sudah order eBook DaQo \ud83d\ude0a\r\n\r\nUntuk akses ebook dan bonusnya bisa klik link d","error":null,"timestamp":"2025-10-28 19:23:38"}

{"account":"Agama","to":"6285185710771","type":"text","status":"success","message":"Terima kasih kak Nurdalia sudah order eBook DaQo \ud83d\ude0a\r\n\r\nUntuk akses ebook dan bonusnya bisa klik li","error":null,"timestamp":"2025-10-28 21:09:30"}
{"account":"Agama","to":"6285185710771","type":"text","status":"success","message":"Terima kasih kak Nurdalia sudah order Ebook Ihfadz \ud83d\ude0a\r\n\r\nUntuk akses ebook dan bonusnya bisa klik ","error":null,"timestamp":"2025-10-28 21:09:30"}
{"account":"Agama","to":"6281338601308","type":"text","status":"success","message":"Assalamu'alaikum *Masni Darawati*\r\n\r\nAnda menerima pesan ini karena Anda telah melakukan pemesanan e","error":null,"timestamp":"2025-10-29 01:50:03"}
{"account":"Agama","to":"6282139175106","type":"text","status":"success","message":"*Ahlan wa sahlan kak Suparno Yazid*\r\nTerima kasih sudah melakukan pemesanan eBook DaQo\u263a\ufe0f\r\n\r\nBeri","error":null,"timestamp":"2025-10-29 06:22:41"}
{"account":"Agama","to":"6282289088973","type":"text","status":"success","message":"Assalamu'alaikum *Arif*\r\n\r\nAnda menerima pesan ini karena Anda telah melakukan pemesanan Ebook Ihfad","error":null,"timestamp":"2025-10-29 06:35:02"}
{"account":"Agama","to":"628121566525","type":"text","status":"success","message":"Assalamu'alaikum Irawadi\r\n\r\n \r\nAnda menerima pesan ini karena Anda telah order eBook DaQo & Ebook Ih","error":null,"timestamp":"2025-10-29 19:15:03"}
{"account":"Agama","to":"6281338601308","type":"text","status":"success","message":"Assalamu'alaikum Masni Darawati\r\n\r\n\r\nAnda menerima pesan ini karena Anda telah melakukan order eBook","error":null,"timestamp":"2025-10-30 01:50:04"}
{"account":"Agama","to":"6281288690341","type":"text","status":"success","message":"*Ahlan wa sahlan kak Rahmad Riyadi*\r\nTerima kasih sudah melakukan pemesanan Ebook Ihfadz\u263a\ufe0f\r\n\r\nBe","error":null,"timestamp":"2025-10-30 02:32:39"}
{"account":"Agama","to":"6285246358729","type":"text","status":"success","message":"*Ahlan wa sahlan kak Triss*\r\nTerima kasih sudah melakukan pemesanan Ebook Ihfadz, eBook DaQo\u263a\ufe0f\r\n","error":null,"timestamp":"2025-10-30 04:59:32"}
{"account":"Agama","to":"6285397678272","type":"text","status":"success","message":"*Ahlan wa sahlan kak Mahdi*\r\nTerima kasih sudah memesan *ebook Qila*\u263a\ufe0f\r\n\r\nBerikut data anda:\r\nNa","error":null,"timestamp":"2025-10-30 06:08:56"}
{"account":"Agama","to":"6285397678272","type":"text","status":"success","message":"Terima kasih kak Mahdi sudah melakukan pembelian ebook Qila\u263a\ufe0f\r\n\r\n\r\nSelamat, pesanan Anda sudah d","error":null,"timestamp":"2025-10-30 06:23:52"}
{"account":"Agama","to":"6282139175106","type":"text","status":"success","message":"Assalamu'alaikum *Suparno Yazid*\r\n\r\nAnda menerima pesan ini karena Anda telah melakukan pemesanan eB","error":null,"timestamp":"2025-10-30 06:25:02"}
{"account":"Agama","to":"6282289088973","type":"text","status":"success","message":"Assalamu'alaikum Arif\r\n\r\n\r\n\r\nAnda menerima pesan ini karena Anda telah melakukan order Ebook Ihfadz ","error":null,"timestamp":"2025-10-30 06:35:02"}
{"account":"Agama","to":"6285246358729","type":"text","status":"success","message":"Terima kasih kak Triss sudah order Ebook Ihfadz \ud83d\ude0a\r\n\r\nUntuk akses ebook dan bonusnya bisa klik lin","error":null,"timestamp":"2025-10-30 06:43:48"}
{"account":"Agama","to":"6285246358729","type":"text","status":"success","message":"Terima kasih kak Triss sudah order eBook DaQo \ud83d\ude0a\r\n\r\nUntuk akses ebook dan bonusnya bisa klik link ","error":null,"timestamp":"2025-10-30 06:43:49"}
{"account":"Agama","to":"628111547855","type":"text","status":"success","message":"*Ahlan wa sahlan kak Tamara Horizona*\r\nTerima kasih sudah memesan *ebook Qila*\u263a\ufe0f\r\n\r\nBerikut data","error":null,"timestamp":"2025-10-30 06:50:45"}
{"account":"Agama","to":"628111547855","type":"text","status":"success","message":"Terima kasih kak Tamara Horizona sudah melakukan pembelian ebook Qila\u263a\ufe0f\r\n\r\n\r\nSelamat, pesanan An","error":null,"timestamp":"2025-10-30 06:54:33"}
{"account":"Agama","to":"6281355505554","type":"text","status":"success","message":"*Ahlan wa sahlan kak Suryani abbas*\r\nTerima kasih sudah melakukan pemesanan Ebook Ihfadz, eBook DaQo","error":null,"timestamp":"2025-10-30 06:58:33"}
{"account":"Agama","to":"6281386119899","type":"text","status":"success","message":"*Ahlan wa sahlan kak Ihsanuddin Al amin*\r\nTerima kasih sudah memesan *ebook Qila*\u263a\ufe0f\r\n\r\nBerikut d","error":null,"timestamp":"2025-10-30 07:19:49"}
{"account":"Agama","to":"6289637565759","type":"text","status":"success","message":"*Ahlan wa sahlan kak Iwan Ichwanudin*\r\nTerima kasih sudah melakukan pemesanan Ebook Ihfadz, eBook Da","error":null,"timestamp":"2025-10-30 07:22:47"}
{"account":"Agama","to":"6281355505554","type":"text","status":"success","message":"Terima kasih kak Suryani abbas sudah order Ebook Ihfadz \ud83d\ude0a\r\n\r\nUntuk akses ebook dan bonusnya bisa ","error":null,"timestamp":"2025-10-30 07:50:14"}
{"account":"Agama","to":"6281355505554","type":"text","status":"success","message":"Terima kasih kak Suryani abbas sudah order eBook DaQo \ud83d\ude0a\r\n\r\nUntuk akses ebook dan bonusnya bisa kl","error":null,"timestamp":"2025-10-30 07:50:15"}
{"account":"Agama","to":"6281353530491","type":"text","status":"success","message":"*Ahlan wa sahlan kak Aruali*\r\nTerima kasih sudah melakukan pemesanan Ebook Ihfadz\u263a\ufe0f\r\n\r\nBerikut d","error":null,"timestamp":"2025-10-30 08:30:02"}
{"account":"Agama","to":"6281353530491","type":"text","status":"success","message":"Terima kasih kak Aruali sudah order Ebook Ihfadz \ud83d\ude0a\r\n\r\nUntuk akses ebook dan bonusnya bisa klik li","error":null,"timestamp":"2025-10-30 08:40:16"}

{"account":"Agama","to":"6282296064820","type":"text","status":"success","message":"Terima kasih kak Prasetya sudah order Ebook Ihfadz \ud83d\ude0a\r\n\r\nUntuk akses ebook dan bonusnya bisa klik ","error":null,"timestamp":"2025-10-30 08:44:19"}
{"account":"Agama","to":"6282296064820","type":"text","status":"success","message":"Terima kasih kak Prasetya sudah order eBook DaQo \ud83d\ude0a\r\n\r\nUntuk akses ebook dan bonusnya bisa klik li","error":null,"timestamp":"2025-10-30 08:44:20"}
{"account":"Agama","to":"6282199154093","type":"text","status":"success","message":"*Ahlan wa sahlan kak Risma*\r\nTerima kasih sudah melakukan pemesanan Ebook Ihfadz, eBook DaQo\u263a\ufe0f\r\n","error":null,"timestamp":"2025-10-30 10:01:48"}
{"account":"Agama","to":"6282199154093","type":"text","status":"success","message":"*Ahlan wa sahlan kak Risma*\r\nTerima kasih sudah melakukan pemesanan Ebook Ihfadz, eBook DaQo\u263a\ufe0f\r\n","error":null,"timestamp":"2025-10-30 10:02:06"}
{"account":"Agama","to":"62895334802047","type":"text","status":"success","message":"*Ahlan wa sahlan kak Mushaddiq Saleh*\r\nTerima kasih sudah melakukan pemesanan Ebook Ihfadz, eBook Da","error":null,"timestamp":"2025-10-30 10:21:06"}
{"account":"Agama","to":"62895334802047","type":"text","status":"success","message":"Terima kasih kak Mushaddiq Saleh sudah order Ebook Ihfadz \ud83d\ude0a\r\n\r\nUntuk akses ebook dan bonusnya bis","error":null,"timestamp":"2025-10-30 10:23:36"}
{"account":"Agama","to":"62895334802047","type":"text","status":"success","message":"Terima kasih kak Mushaddiq Saleh sudah order eBook DaQo \ud83d\ude0a\r\n\r\nUntuk akses ebook dan bonusnya bisa ","error":null,"timestamp":"2025-10-30 10:23:37"}
{"account":"Agama","to":"6282139175106","type":"text","status":"success","message":"Terima kasih kak Suparno Yazid sudah order eBook DaQo \ud83d\ude0a\r\n\r\nUntuk akses ebook dan bonusnya bisa kl","error":null,"timestamp":"2025-10-30 14:42:11"}
{"account":"Agama","to":"6289637565759","type":"text","status":"success","message":"Terima kasih kak Iwan Ichwanudin sudah order Ebook Ihfadz \ud83d\ude0a\r\n\r\nUntuk akses ebook dan bonusnya bis","error":null,"timestamp":"2025-10-30 15:23:52"}
{"account":"Agama","to":"6289637565759","type":"text","status":"success","message":"Terima kasih kak Iwan Ichwanudin sudah order eBook DaQo \ud83d\ude0a\r\n\r\nUntuk akses ebook dan bonusnya bisa ","error":null,"timestamp":"2025-10-30 15:23:53"}
{"account":"Agama","to":"6285224098819","type":"text","status":"success","message":"*Ahlan wa sahlan kak badrua*\r\nTerima kasih sudah melakukan pemesanan Ebook Ihfadz, eBook DaQo\u263a\ufe0f\r","error":null,"timestamp":"2025-10-30 18:52:18"}
{"account":"Agama","to":"6285224098819","type":"text","status":"success","message":"Terima kasih kak badrua sudah order Ebook Ihfadz \ud83d\ude0a\r\n\r\nUntuk akses ebook dan bonusnya bisa klik li","error":null,"timestamp":"2025-10-30 19:00:09"}
{"account":"Agama","to":"6285224098819","type":"text","status":"success","message":"Terima kasih kak badrua sudah order eBook DaQo \ud83d\ude0a\r\n\r\nUntuk akses ebook dan bonusnya bisa klik link","error":null,"timestamp":"2025-10-30 19:00:10"}

{"account":"Agama","to":"6281338601308","type":"text","status":"success","message":"Assalamu'alaikum Masni Darawati\r\n\r\n \r\nAnda menerima pesan ini karena Anda telah order eBook DaQo & E","error":null,"timestamp":"2025-10-31 01:55:03"}
{"account":"Agama","to":"6281808722092","type":"text","status":"success","message":"Terima kasih kak Kirana Reine Khanifa sudah order Ebook Ihfadz \ud83d\ude0a\r\n\r\nUntuk akses ebook dan bonusny","error":null,"timestamp":"2025-10-31 04:58:20"}
{"account":"Agama","to":"6281266416004","type":"text","status":"success","message":"*Ahlan wa sahlan kak Rida Rujika*\r\nTerima kasih sudah melakukan pemesanan Ebook Ihfadz\u263a\ufe0f\r\n\r\nBeri","error":null,"timestamp":"2025-10-31 05:37:08"}
{"account":"Agama","to":"6281266416004","type":"text","status":"success","message":"Terima kasih kak Rida Rujika sudah order Ebook Ihfadz \ud83d\ude0a\r\n\r\nUntuk akses ebook dan bonusnya bisa kl","error":null,"timestamp":"2025-10-31 05:44:35"}
{"account":"Agama","to":"6282289088973","type":"text","status":"success","message":"Assalamu'alaikum Arif\r\n\r\n \r\nAnda menerima pesan ini karena Anda telah order Ebook Ihfadz & Ebook Qil","error":null,"timestamp":"2025-10-31 06:40:03"}
{"account":"Agama","to":"6281386119899","type":"text","status":"success","message":"Assalamu'alaikum *Ihsanuddin Al amin*\r\n\r\nAnda menerima pesan ini karena Anda telah melakukan pemesan","error":null,"timestamp":"2025-10-31 07:20:03"}
{"account":"Agama","to":"6281386119899","type":"text","status":"success","message":"Terima kasih kak Ihsanuddin Al amin sudah melakukan pembelian ebook Qila\u263a\ufe0f\r\n\r\n\r\nSelamat, pesanan","error":null,"timestamp":"2025-10-31 07:44:36"}
{"account":"Agama","to":"6281386119899","type":"text","status":"success","message":"Terima kasih kak Ihsanuddin Al amin sudah order Ebook Ihfadz \ud83d\ude0a\r\n\r\nUntuk akses ebook dan bonusnya ","error":null,"timestamp":"2025-10-31 07:44:37"}
{"account":"Agama","to":"6282199154093","type":"text","status":"success","message":"Assalamu'alaikum *Risma*\r\n\r\nAnda menerima pesan ini karena Anda telah melakukan pemesanan eBook DaQo","error":null,"timestamp":"2025-10-31 10:05:02"}
{"account":"Agama","to":"6285890018066","type":"text","status":"success","message":"*Ahlan wa sahlan kak Alfie Amalia Mustoffa*\r\nTerima kasih sudah memesan *ebook Qila*\u263a\ufe0f\r\n\r\nBeriku","error":null,"timestamp":"2025-10-31 11:59:06"}
{"account":"Agama","to":"62895320072914","type":"text","status":"success","message":"*Ahlan wa sahlan kak Sukamto*\r\nTerima kasih sudah memesan *ebook Qila*\u263a\ufe0f\r\n\r\nBerikut data anda:\r\n","error":null,"timestamp":"2025-10-31 12:37:48"}
{"account":"Agama","to":"62895334802047","type":"text","status":"success","message":"*Ahlan wa sahlan kak Mushaddiq Saleh*\r\nTerima kasih sudah memesan *ebook Qila*\u263a\ufe0f\r\n\r\nBerikut data","error":null,"timestamp":"2025-10-31 12:45:36"}
{"account":"Agama","to":"62895334802047","type":"text","status":"success","message":"Terima kasih kak Mushaddiq Saleh sudah melakukan pembelian ebook Qila\u263a\ufe0f\r\n\r\n\r\nSelamat, pesanan An","error":null,"timestamp":"2025-10-31 12:49:43"}
{"account":"Agama","to":"62895320072914","type":"text","status":"success","message":"Terima kasih kak Sukamto sudah melakukan pembelian ebook Qila\u263a\ufe0f\r\n\r\n\r\nSelamat, pesanan Anda sudah","error":null,"timestamp":"2025-10-31 12:50:06"}
{"account":"Agama","to":"62895320072914","type":"text","status":"success","message":"Terima kasih kak Sukamto sudah order Ebook Ihfadz \ud83d\ude0a\r\n\r\nUntuk akses ebook dan bonusnya bisa klik l","error":null,"timestamp":"2025-10-31 12:50:07"}
{"account":"Agama","to":"6285921970378","type":"text","status":"success","message":"*Ahlan wa sahlan kak Darma*\r\nTerima kasih sudah melakukan pemesanan Ebook Ihfadz\u263a\ufe0f\r\n\r\nBerikut da","error":null,"timestamp":"2025-10-31 12:56:23"}
{"account":"Agama","to":"6285715300525","type":"text","status":"success","message":"*Ahlan wa sahlan kak Choyarudin*\r\nTerima kasih sudah memesan *ebook Qila*\u263a\ufe0f\r\n\r\nBerikut data anda","error":null,"timestamp":"2025-10-31 12:57:31"}
{"account":"Agama","to":"6285715300525","type":"text","status":"success","message":"Terima kasih kak Choyarudin sudah melakukan pembelian ebook Qila\u263a\ufe0f\r\n\r\n\r\nSelamat, pesanan Anda su","error":null,"timestamp":"2025-10-31 13:00:19"}
{"account":"Agama","to":"6285715300525","type":"text","status":"success","message":"Terima kasih kak Choyarudin sudah order Ebook Ihfadz \ud83d\ude0a\r\n\r\nUntuk akses ebook dan bonusnya bisa kli","error":null,"timestamp":"2025-10-31 13:00:20"}
{"account":"Agama","to":"628155299122","type":"text","status":"success","message":"*Ahlan wa sahlan kak Diah Kuswardani*\r\nTerima kasih sudah memesan *ebook Qila*\u263a\ufe0f\r\n\r\nBerikut data","error":null,"timestamp":"2025-10-31 13:30:50"}
{"account":"Agama","to":"628155299122","type":"text","status":"success","message":"Terima kasih kak Diah Kuswardani sudah melakukan pembelian ebook Qila\u263a\ufe0f\r\n\r\n\r\nSelamat, pesanan An","error":null,"timestamp":"2025-10-31 13:38:40"}
{"account":"Agama","to":"628129494860","type":"text","status":"success","message":"*Ahlan wa sahlan kak Zaenudin*\r\nTerima kasih sudah memesan *ebook Qila*\u263a\ufe0f\r\n\r\nBerikut data anda:\r","error":null,"timestamp":"2025-10-31 14:02:37"}
{"account":"Agama","to":"628129494860","type":"text","status":"success","message":"Terima kasih kak Zaenudin sudah melakukan pembelian ebook Qila\u263a\ufe0f\r\n\r\n\r\nSelamat, pesanan Anda suda","error":null,"timestamp":"2025-10-31 14:09:28"}
{"account":"Agama","to":"6285263892025","type":"text","status":"success","message":"*Ahlan wa sahlan kak Dewi Popi Mulia*\r\nTerima kasih sudah memesan *ebook Qila*\u263a\ufe0f\r\n\r\nBerikut data","error":null,"timestamp":"2025-10-31 14:10:10"}
{"account":"Agama","to":"6281220161983","type":"text","status":"success","message":"*Ahlan wa sahlan kak Zairasi*\r\nTerima kasih sudah memesan *ebook Qila*\u263a\ufe0f\r\n\r\nBerikut data anda:\r\n","error":null,"timestamp":"2025-10-31 14:27:55"}
{"account":"Agama","to":"6281355505554","type":"text","status":"success","message":"*Ahlan wa sahlan kak Suryani abbas*\r\nTerima kasih sudah memesan *ebook Qila*\u263a\ufe0f\r\n\r\nBerikut data a","error":null,"timestamp":"2025-10-31 17:32:54"}
{"account":"Agama","to":"6281355505554","type":"text","status":"success","message":"Terima kasih kak Suryani abbas sudah melakukan pembelian ebook Qila\u263a\ufe0f\r\n\r\n\r\nSelamat, pesanan Anda","error":null,"timestamp":"2025-10-31 17:43:44"}
{"account":"Agama","to":"6285158702877","type":"text","status":"success","message":"*Ahlan wa sahlan kak Priyono*\r\nTerima kasih sudah memesan *ebook Qila*\u263a\ufe0f\r\n\r\nBerikut data anda:\r\n","error":null,"timestamp":"2025-10-31 20:28:07"}
{"account":"Agama","to":"6285211111380","type":"text","status":"success","message":"*Ahlan wa sahlan kak Faishal Harits Wahdin*\r\nTerima kasih sudah memesan *ebook Qila*\u263a\ufe0f\r\n\r\nBeriku","error":null,"timestamp":"2025-10-31 20:31:56"}
{"account":"Agama","to":"6285211111380","type":"text","status":"success","message":"Terima kasih kak Faishal Harits Wahdin sudah melakukan pembelian ebook Qila\u263a\ufe0f\r\n\r\n\r\nSelamat, pesa","error":null,"timestamp":"2025-10-31 20:41:36"}
{"account":"Agama","to":"6285211111380","type":"text","status":"success","message":"Terima kasih kak Faishal Harits Wahdin sudah order Ebook Ihfadz \ud83d\ude0a\r\n\r\nUntuk akses ebook dan bonusn","error":null,"timestamp":"2025-10-31 20:41:37"}
{"account":"Agama","to":"6281264771971","type":"text","status":"success","message":"*Ahlan wa sahlan kak Rusdi Rafli*\r\nTerima kasih sudah memesan *ebook Qila*\u263a\ufe0f\r\n\r\nBerikut data and","error":null,"timestamp":"2025-10-31 21:23:45"}
{"account":"Agama","to":"6281264771971","type":"text","status":"success","message":"Terima kasih kak Rusdi Rafli sudah melakukan pembelian ebook Qila\u263a\ufe0f\r\n\r\n\r\nSelamat, pesanan Anda s","error":null,"timestamp":"2025-10-31 21:31:31"}
{"account":"Agama","to":"6281264771971","type":"text","status":"success","message":"Terima kasih kak Rusdi Rafli sudah order Ebook Ihfadz \ud83d\ude0a\r\n\r\nUntuk akses ebook dan bonusnya bisa kl","error":null,"timestamp":"2025-10-31 21:31:32"}
{"account":"Agama","to":"6285921970378","type":"text","status":"success","message":"*Ahlan wa sahlan kak Darma*\r\nTerima kasih sudah melakukan pemesanan Ebook Ihfadz\u263a\ufe0f\r\n\r\nBerikut da","error":null,"timestamp":"2025-10-31 21:46:05"}
{"account":"Agama","to":"6281270842958","type":"text","status":"success","message":"*Ahlan wa sahlan kak Jarmilus sidi malin*\r\nTerima kasih sudah melakukan pemesanan Ebook Ihfadz\u263a\ufe0f","error":null,"timestamp":"2025-10-31 21:53:44"}
{"account":"Agama","to":"6285185710771","type":"text","status":"success","message":"*Ahlan wa sahlan kak Nurdalia*\r\nTerima kasih sudah memesan *ebook Qila*\u263a\ufe0f\r\n\r\nBerikut data anda:\r","error":null,"timestamp":"2025-10-31 22:41:13"}
{"account":"Agama","to":"6285185710771","type":"text","status":"success","message":"Terima kasih kak Nurdalia sudah melakukan pembelian ebook Qila\u263a\ufe0f\r\n\r\n\r\nSelamat, pesanan Anda suda","error":null,"timestamp":"2025-10-31 22:50:01"}
