{"account":"Agama","to":"6281218536134","type":"text","status":"success","message":"*Ahlan wa sahlan kak Suryo Suratman*\r\nTerima kasih sudah melakukan pemesanan eBook DaQo\u263a\ufe0f\r\n\r\nBer","error":null,"timestamp":"2025-09-01 03:52:33"}
{"account":"Agama","to":"6282191913693","type":"text","status":"success","message":"Assalamu'alaikum Yulin\r\n\r\n \r\nAnda menerima pesan ini karena Anda telah order eBook DaQo tapi status ","error":null,"timestamp":"2025-09-01 04:05:02"}
{"account":"Agama","to":"6282154583426","type":"text","status":"success","message":"*Ahlan wa sahlan kak Ary pujiyati*\r\nTerima kasih sudah melakukan pemesanan eBook DaQo\u263a\ufe0f\r\n\r\nBerik","error":null,"timestamp":"2025-09-01 04:25:09"}
{"account":"Agama","to":"6282154583426","type":"text","status":"success","message":"*Ahlan wa sahlan kak Ary pujiyati*\r\nTerima kasih sudah melakukan pemesanan eBook DaQo\u263a\ufe0f\r\n\r\nBerik","error":null,"timestamp":"2025-09-01 04:26:00"}
{"account":"Agama","to":"6282321244915","type":"text","status":"success","message":"Assalamu'alaikum Irham\r\n\r\n\r\nAnda menerima pesan ini karena Anda telah melakukan order eBook DaQo tap","error":null,"timestamp":"2025-09-01 04:55:02"}
{"account":"Agama","to":"6281218536134","type":"text","status":"success","message":"Terima kasih kak Suryo Suratman sudah order eBook DaQo \ud83d\ude0a\r\n\r\nUntuk akses ebook dan bonusnya bisa k","error":null,"timestamp":"2025-09-01 05:57:55"}
{"account":"Agama","to":"6287838164799","type":"text","status":"success","message":"*Ahlan wa sahlan kak Prawoto*\r\nTerima kasih sudah melakukan pemesanan eBook DaQo\u263a\ufe0f\r\n\r\nBerikut da","error":null,"timestamp":"2025-09-01 06:44:00"}
{"account":"Agama","to":"6281378755834","type":"text","status":"success","message":"Assalamu'alaikum Rahma hanisa nst\r\n\r\n \r\nAnda menerima pesan ini karena Anda telah order eBook DaQo t","error":null,"timestamp":"2025-09-01 07:25:02"}
{"account":"Agama","to":"6285370121663","type":"text","status":"success","message":"Assalamu'alaikum Sahridan Lumban Tobing\r\n\r\n \r\nAnda menerima pesan ini karena Anda telah order eBook ","error":null,"timestamp":"2025-09-01 07:25:03"}
{"account":"Agama","to":"6287838164799","type":"text","status":"success","message":"Terima kasih kak Prawoto sudah order eBook DaQo \ud83d\ude0a\r\n\r\nUntuk akses ebook dan bonusnya bisa klik lin","error":null,"timestamp":"2025-09-01 07:30:48"}
{"account":"Agama","to":"6282213078100","type":"text","status":"success","message":"*Ahlan wa sahlan kak Ruswan*\r\nTerima kasih sudah melakukan pemesanan eBook DaQo\u263a\ufe0f\r\n\r\nBerikut dat","error":null,"timestamp":"2025-09-01 10:36:53"}
{"account":"Agama","to":"6281382101271","type":"text","status":"success","message":"*Ahlan wa sahlan kak Fadjar Haryata*\r\nTerima kasih sudah melakukan pemesanan eBook DaQo\u263a\ufe0f\r\n\r\nBer","error":null,"timestamp":"2025-09-01 10:40:36"}
{"account":"Agama","to":"6287845160932","type":"text","status":"success","message":"*Ahlan wa sahlan kak Lely Amelia*\r\nTerima kasih sudah melakukan pemesanan eBook DaQo\u263a\ufe0f\r\n\r\nBeriku","error":null,"timestamp":"2025-09-01 11:29:24"}
{"account":"Agama","to":"6287845160932","type":"text","status":"success","message":"Terima kasih kak Lely Amelia sudah order eBook DaQo \ud83d\ude0a\r\n\r\nUntuk akses ebook dan bonusnya bisa klik","error":null,"timestamp":"2025-09-01 11:34:20"}
{"account":"Agama","to":"62817228757","type":"text","status":"success","message":"*Ahlan wa sahlan kak Elke*\r\nTerima kasih sudah melakukan pemesanan eBook DaQo\u263a\ufe0f\r\n\r\nBerikut data ","error":null,"timestamp":"2025-09-01 16:56:55"}
{"account":"Agama","to":"62817228757","type":"text","status":"success","message":"Terima kasih kak Elke sudah order eBook DaQo \ud83d\ude0a\r\n\r\nUntuk akses ebook dan bonusnya bisa klik link d","error":null,"timestamp":"2025-09-01 17:10:43"}
{"account":"Agama","to":"6285819158046","type":"text","status":"success","message":"*Ahlan wa sahlan kak andri yatman*\r\nTerima kasih sudah memesan *ebook Ihfadz*\u263a\ufe0f\r\n\r\nBerikut data ","error":null,"timestamp":"2025-09-01 20:32:14"}
{"account":"Agama","to":"6281344898898","type":"text","status":"success","message":"*Ahlan wa sahlan kak Fery Djarwo*\r\nTerima kasih sudah melakukan pemesanan eBook DaQo\u263a\ufe0f\r\n\r\nBeriku","error":null,"timestamp":"2025-09-02 03:43:47"}
{"account":"Agama","to":"6282154583426","type":"text","status":"success","message":"Assalamu'alaikum *Ary pujiyati*\r\n\r\nAnda menerima pesan ini karena Anda telah melakukan pemesanan eBo","error":null,"timestamp":"2025-09-02 04:30:04"}
{"account":"Agama","to":"6282321244915","type":"text","status":"success","message":"Assalamu'alaikum Irham\r\n\r\n \r\nAnda menerima pesan ini karena Anda telah order eBook DaQo tapi status ","error":null,"timestamp":"2025-09-02 04:55:02"}
{"account":"Agama","to":"6281344898898","type":"text","status":"success","message":"*Ahlan wa sahlan kak Fery Djarwo*\r\nTerima kasih sudah melakukan pemesanan eBook DaQo\u263a\ufe0f\r\n\r\nBeriku","error":null,"timestamp":"2025-09-02 05:20:10"}
{"account":"Agama","to":"6282213078100","type":"text","status":"success","message":"Assalamu'alaikum *Ruswan*\r\n\r\nAnda menerima pesan ini karena Anda telah melakukan pemesanan eBook DaQ","error":null,"timestamp":"2025-09-02 10:40:03"}
{"account":"Agama","to":"6281382101271","type":"text","status":"success","message":"Assalamu'alaikum *Fadjar Haryata*\r\n\r\nAnda menerima pesan ini karena Anda telah melakukan pemesanan e","error":null,"timestamp":"2025-09-02 10:45:03"}
{"account":"Agama","to":"6285819158046","type":"text","status":"success","message":"Assalamu'alaikum *andri yatman*\r\n\r\nAnda menerima pesan ini karena Anda telah melakukan pemesanan Ebo","error":null,"timestamp":"2025-09-02 20:35:03"}
{"account":"Agama","to":"6281344898898","type":"text","status":"success","message":"Assalamu'alaikum *Fery Djarwo*\r\n\r\nAnda menerima pesan ini karena Anda telah melakukan pemesanan eBoo","error":null,"timestamp":"2025-09-03 03:45:03"}
{"account":"Agama","to":"6282154583426","type":"text","status":"success","message":"Assalamu'alaikum Ary pujiyati\r\n\r\n\r\nAnda menerima pesan ini karena Anda telah melakukan order eBook D","error":null,"timestamp":"2025-09-03 04:30:04"}
{"account":"Agama","to":"6282213078100","type":"text","status":"success","message":"Assalamu'alaikum Ruswan\r\n\r\n\r\nAnda menerima pesan ini karena Anda telah melakukan order eBook DaQo ta","error":null,"timestamp":"2025-09-03 10:45:03"}
{"account":"Agama","to":"6281382101271","type":"text","status":"success","message":"Assalamu'alaikum Fadjar Haryata\r\n\r\n\r\nAnda menerima pesan ini karena Anda telah melakukan order eBook","error":null,"timestamp":"2025-09-03 10:50:03"}
{"account":"Agama","to":"6285819158046","type":"text","status":"success","message":"Assalamu'alaikum andri yatman\r\n\r\n\r\n\r\nAnda menerima pesan ini karena Anda telah melakukan order Ebook","error":null,"timestamp":"2025-09-03 20:35:07"}
{"account":"Agama","to":"6281344898898","type":"text","status":"success","message":"Assalamu'alaikum Fery Djarwo\r\n\r\n\r\nAnda menerima pesan ini karena Anda telah melakukan order eBook Da","error":null,"timestamp":"2025-09-04 03:45:03"}
{"account":"Agama","to":"6282154583426","type":"text","status":"success","message":"Assalamu'alaikum Ary pujiyati\r\n\r\n \r\nAnda menerima pesan ini karena Anda telah order eBook DaQo tapi ","error":null,"timestamp":"2025-09-04 04:30:04"}
{"account":"Agama","to":"6282213078100","type":"text","status":"success","message":"Assalamu'alaikum Ruswan\r\n\r\n \r\nAnda menerima pesan ini karena Anda telah order eBook DaQo tapi status","error":null,"timestamp":"2025-09-04 10:50:03"}
{"account":"Agama","to":"6281382101271","type":"text","status":"success","message":"Assalamu'alaikum Fadjar Haryata\r\n\r\n \r\nAnda menerima pesan ini karena Anda telah order eBook DaQo tap","error":null,"timestamp":"2025-09-04 10:55:02"}
{"account":"Agama","to":"6285819158046","type":"text","status":"success","message":"Assalamu'alaikum andri yatman\r\n\r\n \r\nAnda menerima pesan ini karena Anda telah order Ebook Ihfadz tap","error":null,"timestamp":"2025-09-04 20:40:04"}
{"account":"Agama","to":"6281344898898","type":"text","status":"success","message":"Assalamu'alaikum Fery Djarwo\r\n\r\n \r\nAnda menerima pesan ini karena Anda telah order eBook DaQo tapi s","error":null,"timestamp":"2025-09-05 03:50:03"}
{"account":"Agama","to":"6285819158046","type":"text","status":"success","message":"Assalamualaikum andri yatman,\r\n\r\nSaya mau mengingatkan Anda bahwa Anda memiliki pesanan yang belum d","error":null,"timestamp":"2025-09-05 20:45:10"}
{"account":"Agama","to":"6285819158046","type":"text","status":"success","message":"Assalamualaikum andri yatman\r\n\r\nMungkin anda sudah mulai risih menerima pesan reminder dari saya\r\n\r\n","error":null,"timestamp":"2025-09-06 20:50:03"}
{"account":"Agama","to":"6285717137560","type":"text","status":"success","message":"*Ahlan wa sahlan kak Rhima Prilasmi*\r\nTerima kasih sudah memesan *ebook Qila*\u263a\ufe0f\r\n\r\nBerikut data ","error":null,"timestamp":"2025-09-08 07:42:10"}
{"account":"Agama","to":"6285717137560","type":"text","status":"success","message":"Terima kasih kak Rhima Prilasmi sudah melakukan pembelian ebook Qila\u263a\ufe0f\r\n\r\n\r\nSelamat, pesanan And","error":null,"timestamp":"2025-09-08 07:48:38"}
{"account":"Agama","to":"6282196772247","type":"text","status":"success","message":"*Ahlan wa sahlan kak Dwi Susanto*\r\nTerima kasih sudah melakukan pemesanan eBook DaQo\u263a\ufe0f\r\n\r\nBeriku","error":null,"timestamp":"2025-09-08 08:59:56"}
{"account":"Agama","to":"6282196772247","type":"text","status":"success","message":"Terima kasih kak Dwi Susanto sudah order eBook DaQo \ud83d\ude0a\r\n\r\nUntuk akses ebook dan bonusnya bisa klik","error":null,"timestamp":"2025-09-08 09:12:00"}
{"account":"Agama","to":"6285780146447","type":"text","status":"success","message":"*Ahlan wa sahlan kak Fadil*\r\nTerima kasih sudah berminat ikut program Tahsin *TOB*\u263a\ufe0f\r\n\r\nBerikut ","error":null,"timestamp":"2025-09-12 10:05:31"}
{"account":"Agama","to":"6285780146447","type":"text","status":"success","message":"Terima kasih kak Fadil sudah melakukan pembayaran program TOB\u263a\ufe0f\r\n\r\nUntuk selanjutnya, silakan is","error":null,"timestamp":"2025-09-12 10:22:32"}
{"account":"Agama","to":"6285780146447","type":"text","status":"success","message":"Terima kasih kak Fadil sudah melakukan pembelian ebook Qila\u263a\ufe0f\r\n\r\n\r\nSelamat, pesanan Anda sudah d","error":null,"timestamp":"2025-09-12 10:22:33"}
{"account":"Agama","to":"6285780146447","type":"text","status":"success","message":"*Ahlan wa sahlan kak Fadil*\r\nTerima kasih sudah berminat ikut program Tahsin *TOB*\u263a\ufe0f\r\n\r\nBerikut ","error":null,"timestamp":"2025-09-12 10:23:05"}
{"account":"Agama","to":"6285780146447","type":"text","status":"success","message":"Terima kasih kak Fadil sudah melakukan pembayaran program TOB\u263a\ufe0f\r\n\r\nUntuk selanjutnya, silakan is","error":null,"timestamp":"2025-09-12 10:23:28"}
{"account":"Agama","to":"6285780146447","type":"text","status":"success","message":"Terima kasih kak Fadil sudah melakukan pembelian ebook Qila\u263a\ufe0f\r\n\r\n\r\nSelamat, pesanan Anda sudah d","error":null,"timestamp":"2025-09-12 10:23:29"}
{"account":"Agama","to":"6285780146447","type":"text","status":"success","message":"*Ahlan wa sahlan kak Fadil*\r\nTerima kasih sudah berminat ikut program Tahsin *TOB*\u263a\ufe0f\r\n\r\nBerikut ","error":null,"timestamp":"2025-09-12 10:29:51"}
{"account":"Agama","to":"6285780146447","type":"text","status":"success","message":"Terima kasih kak Fadil sudah melakukan pembayaran program TOB\u263a\ufe0f\r\n\r\nUntuk selanjutnya, silakan is","error":null,"timestamp":"2025-09-12 10:30:12"}
{"account":"Agama","to":"6285780146447","type":"text","status":"success","message":"Terima kasih kak Fadil sudah melakukan pembelian ebook Qila\u263a\ufe0f\r\n\r\n\r\nSelamat, pesanan Anda sudah d","error":null,"timestamp":"2025-09-12 10:30:13"}
{"account":"Agama","to":"6285780146447","type":"text","status":"success","message":"*Ahlan wa sahlan kak Fadil*\r\nTerima kasih sudah berminat ikut program Tahsin *TOB*\u263a\ufe0f\r\n\r\nBerikut ","error":null,"timestamp":"2025-09-12 10:30:26"}
{"account":"Agama","to":"6285780146447","type":"text","status":"success","message":"Terima kasih kak Fadil sudah melakukan pembayaran program TOB\u263a\ufe0f\r\n\r\nUntuk selanjutnya, silakan is","error":null,"timestamp":"2025-09-12 10:31:30"}
{"account":"Agama","to":"6285780146447","type":"text","status":"success","message":"Terima kasih kak Fadil sudah melakukan pembelian ebook Qila\u263a\ufe0f\r\n\r\n\r\nSelamat, pesanan Anda sudah d","error":null,"timestamp":"2025-09-12 10:31:31"}
{"account":"Agama","to":"6285780146447","type":"text","status":"success","message":"*Ahlan wa sahlan kak Fadil*\r\nTerima kasih sudah berminat ikut program Tahsin *TOB*\u263a\ufe0f\r\n\r\nBerikut ","error":null,"timestamp":"2025-09-12 10:33:38"}
{"account":"Agama","to":"6285780146447","type":"text","status":"success","message":"Terima kasih kak Fadil sudah melakukan pembayaran program TOB\u263a\ufe0f\r\n\r\nUntuk selanjutnya, silakan is","error":null,"timestamp":"2025-09-12 10:35:20"}
{"account":"Agama","to":"6285780146447","type":"text","status":"success","message":"Terima kasih kak Fadil sudah melakukan pembelian ebook Qila\u263a\ufe0f\r\n\r\n\r\nSelamat, pesanan Anda sudah d","error":null,"timestamp":"2025-09-12 10:35:21"}
{"account":"Agama","to":"6285780146447","type":"text","status":"success","message":"*Ahlan wa sahlan kak Fadil*\r\nTerima kasih sudah berminat ikut program Tahsin *TOB*\u263a\ufe0f\r\n\r\nBerikut ","error":null,"timestamp":"2025-09-12 10:35:34"}
{"account":"Agama","to":"6285780146447","type":"text","status":"success","message":"Terima kasih kak Fadil sudah melakukan pembayaran program TOB\u263a\ufe0f\r\n\r\nUntuk selanjutnya, silakan is","error":null,"timestamp":"2025-09-12 11:34:02"}
{"account":"Agama","to":"6285780146447","type":"text","status":"success","message":"Terima kasih kak Fadil sudah melakukan pembelian ebook Qila\u263a\ufe0f\r\n\r\n\r\nSelamat, pesanan Anda sudah d","error":null,"timestamp":"2025-09-12 11:34:03"}
{"account":"Agama","to":"6285780146447","type":"text","status":"success","message":"*Ahlan wa sahlan kak Fadil*\r\nTerima kasih sudah berminat ikut program Tahsin *TOB*\u263a\ufe0f\r\n\r\nBerikut ","error":null,"timestamp":"2025-09-12 11:34:16"}
{"account":"Agama","to":"6285780146447","type":"text","status":"success","message":"Terima kasih kak Fadil sudah melakukan pembayaran program TOB\u263a\ufe0f\r\n\r\nUntuk selanjutnya, silakan is","error":null,"timestamp":"2025-09-12 14:12:54"}
{"account":"Agama","to":"6285780146447","type":"text","status":"success","message":"Terima kasih kak Fadil sudah melakukan pembelian ebook Qila\u263a\ufe0f\r\n\r\n\r\nSelamat, pesanan Anda sudah d","error":null,"timestamp":"2025-09-12 14:12:55"}
{"account":"Agama","to":"6285780146447","type":"text","status":"success","message":"*Ahlan wa sahlan kak Fadil*\r\nTerima kasih sudah melakukan pemesanan eBook DaQo, Ebook Qila\u263a\ufe0f\r\n\r\n","error":null,"timestamp":"2025-09-12 14:14:49"}
{"account":"Agama","to":"6285780146447","type":"text","status":"success","message":"*Ahlan wa sahlan kak Fadil*\r\nTerima kasih sudah melakukan pemesanan eBook DaQo, Ebook Qila\u263a\ufe0f\r\n\r\n","error":null,"timestamp":"2025-09-12 14:23:30"}
{"account":"Agama","to":"6285780146447","type":"text","status":"success","message":"Terima kasih kak Fadil sudah order eBook DaQo \ud83d\ude0a\r\n\r\nUntuk akses ebook dan bonusnya bisa klik link ","error":null,"timestamp":"2025-09-12 14:24:02"}
{"account":"Agama","to":"6285780146447","type":"text","status":"success","message":"Terima kasih kak Fadil sudah melakukan pembelian ebook Qila\u263a\ufe0f\r\n\r\n\r\nSelamat, pesanan Anda sudah d","error":null,"timestamp":"2025-09-12 14:24:03"}
{"account":"Agama","to":"6285780146447","type":"text","status":"success","message":"*Ahlan wa sahlan kak Fadil*\r\nTerima kasih sudah melakukan pemesanan eBook DaQo, Ebook Qila\u263a\ufe0f\r\n\r\n","error":null,"timestamp":"2025-09-12 20:17:25"}
{"account":"Agama","to":"6285780146447","type":"text","status":"success","message":"*Ahlan wa sahlan kak Fadil*\r\nTerima kasih sudah memesan *ebook Ihfadz*\u263a\ufe0f\r\n\r\nBerikut data anda:\r\n","error":null,"timestamp":"2025-09-12 20:30:59"}
{"account":"Agama","to":"6285780146447","type":"text","status":"success","message":"*Ahlan wa sahlan kak Fadil*\r\nTerima kasih sudah memesan *ebook Ihfadz*\u263a\ufe0f\r\n\r\nBerikut data anda:\r\n","error":null,"timestamp":"2025-09-12 20:31:32"}
{"account":"Agama","to":"6285780146447","type":"text","status":"success","message":"*Ahlan wa sahlan kak Fadil*\r\nTerima kasih sudah memesan *ebook Ihfadz*\u263a\ufe0f\r\n\r\nBerikut data anda:\r\n","error":null,"timestamp":"2025-09-12 20:31:55"}
{"account":"Agama","to":"6285780146447","type":"text","status":"success","message":"*Ahlan wa sahlan kak Fadil*\r\nTerima kasih sudah memesan *ebook Ihfadz*\u263a\ufe0f\r\n\r\nBerikut data anda:\r\n","error":null,"timestamp":"2025-09-12 20:31:57"}
{"account":"Agama","to":"6285780146447","type":"text","status":"success","message":"*Ahlan wa sahlan kak Fadil*\r\nTerima kasih sudah memesan *ebook Ihfadz*\u263a\ufe0f\r\n\r\nBerikut data anda:\r\n","error":null,"timestamp":"2025-09-12 20:32:08"}
{"account":"Agama","to":"6285780146447","type":"text","status":"success","message":"*Ahlan wa sahlan kak Fadil*\r\nTerima kasih sudah memesan *ebook Ihfadz*\u263a\ufe0f\r\n\r\nBerikut data anda:\r\n","error":null,"timestamp":"2025-09-12 20:32:08"}
{"account":"Agama","to":"6285780146447","type":"text","status":"success","message":"*Ahlan wa sahlan kak Fadil*\r\nTerima kasih sudah memesan *ebook Ihfadz*\u263a\ufe0f\r\n\r\nBerikut data anda:\r\n","error":null,"timestamp":"2025-09-12 20:33:28"}
{"account":"Agama","to":"6285780146447","type":"text","status":"success","message":"*Ahlan wa sahlan kak Fadil*\r\nTerima kasih sudah memesan *ebook Ihfadz*\u263a\ufe0f\r\n\r\nBerikut data anda:\r\n","error":null,"timestamp":"2025-09-12 20:33:48"}
{"account":"Agama","to":"6285780146447","type":"text","status":"success","message":"*Ahlan wa sahlan kak Fadil*\r\nTerima kasih sudah memesan *ebook Ihfadz*\u263a\ufe0f\r\n\r\nBerikut data anda:\r\n","error":null,"timestamp":"2025-09-12 21:05:30"}
{"account":"Agama","to":"6285780146447","type":"text","status":"success","message":"*Ahlan wa sahlan kak Fadil*\r\nTerima kasih sudah memesan *ebook Ihfadz*\u263a\ufe0f\r\n\r\nBerikut data anda:\r\n","error":null,"timestamp":"2025-09-12 21:05:31"}
{"account":"Agama","to":"6285780146447","type":"text","status":"success","message":"*Ahlan wa sahlan kak Fadil*\r\nTerima kasih sudah memesan *ebook Ihfadz*\u263a\ufe0f\r\n\r\nBerikut data anda:\r\n","error":null,"timestamp":"2025-09-12 21:05:36"}
{"account":"Agama","to":"6285780146447","type":"text","status":"success","message":"*Ahlan wa sahlan kak Fadil*\r\nTerima kasih sudah memesan *ebook Ihfadz*\u263a\ufe0f\r\n\r\nBerikut data anda:\r\n","error":null,"timestamp":"2025-09-12 21:05:38"}
{"account":"Agama","to":"6285780146447","type":"text","status":"success","message":"*Ahlan wa sahlan kak Fadil*\r\nTerima kasih sudah memesan *ebook Ihfadz*\u263a\ufe0f\r\n\r\nBerikut data anda:\r\n","error":null,"timestamp":"2025-09-12 22:02:46"}
{"account":"Agama","to":"6285780146447","type":"text","status":"success","message":"*Ahlan wa sahlan kak Fadil*\r\nTerima kasih sudah melakukan pemesanan eBook DaQo, Ebook Qila\u263a\ufe0f\r\n\r\n","error":null,"timestamp":"2025-09-12 23:16:48"}
{"account":"Agama","to":"6285780146447","type":"text","status":"success","message":"*Ahlan wa sahlan kak Fadil*\r\nTerima kasih sudah melakukan pemesanan eBook DaQo, Ebook Qila\u263a\ufe0f\r\n\r\n","error":null,"timestamp":"2025-09-12 23:41:09"}
{"account":"Agama","to":"6281344898898","type":"text","status":"success","message":"*Ahlan wa sahlan kak Fery Djarwo*\r\nTerima kasih sudah melakukan pemesanan eBook DaQo\u263a\ufe0f\r\n\r\nBeriku","error":null,"timestamp":"2025-09-13 05:58:55"}
{"account":"Agama","to":"6281344898898","type":"text","status":"success","message":"*Ahlan wa sahlan kak Fery Djarwo*\r\nTerima kasih sudah melakukan pemesanan eBook DaQo\u263a\ufe0f\r\n\r\nBeriku","error":null,"timestamp":"2025-09-13 05:58:56"}
{"account":"Agama","to":"6281344898898","type":"text","status":"success","message":"*Ahlan wa sahlan kak Fery Djarwo*\r\nTerima kasih sudah melakukan pemesanan eBook DaQo\u263a\ufe0f\r\n\r\nBeriku","error":null,"timestamp":"2025-09-13 05:59:00"}
{"account":"Agama","to":"6281344898898","type":"text","status":"success","message":"*Ahlan wa sahlan kak Fery Djarwo*\r\nTerima kasih sudah melakukan pemesanan eBook DaQo\u263a\ufe0f\r\n\r\nBeriku","error":null,"timestamp":"2025-09-13 05:59:40"}
{"account":"Agama","to":"6281344898898","type":"text","status":"success","message":"*Ahlan wa sahlan kak Fery Djarwo*\r\nTerima kasih sudah melakukan pemesanan eBook DaQo\u263a\ufe0f\r\n\r\nBeriku","error":null,"timestamp":"2025-09-13 05:59:41"}
{"account":"Agama","to":"6281344898898","type":"text","status":"success","message":"*Ahlan wa sahlan kak Fery Djarwo*\r\nTerima kasih sudah melakukan pemesanan eBook DaQo\u263a\ufe0f\r\n\r\nBeriku","error":null,"timestamp":"2025-09-13 05:59:45"}
{"account":"Agama","to":"6281344898898","type":"text","status":"success","message":"*Ahlan wa sahlan kak Fery Djarwo*\r\nTerima kasih sudah melakukan pemesanan eBook DaQo\u263a\ufe0f\r\n\r\nBeriku","error":null,"timestamp":"2025-09-13 11:11:01"}
{"account":"Agama","to":"6281344898898","type":"text","status":"success","message":"*Ahlan wa sahlan kak Fery Djarwo*\r\nTerima kasih sudah melakukan pemesanan eBook DaQo\u263a\ufe0f\r\n\r\nBeriku","error":null,"timestamp":"2025-09-13 11:31:23"}
{"account":"Agama","to":"6281344898898","type":"text","status":"success","message":"*Ahlan wa sahlan kak Fery Djarwo*\r\nTerima kasih sudah melakukan pemesanan eBook DaQo\u263a\ufe0f\r\n\r\nBeriku","error":null,"timestamp":"2025-09-13 11:31:24"}
{"account":"Agama","to":"6281344898898","type":"text","status":"success","message":"*Ahlan wa sahlan kak Fery Djarwo*\r\nTerima kasih sudah melakukan pemesanan eBook DaQo\u263a\ufe0f\r\n\r\nBeriku","error":null,"timestamp":"2025-09-13 11:31:28"}
{"account":"Agama","to":"6281344898898","type":"text","status":"success","message":"*Ahlan wa sahlan kak Fery Djarwo*\r\nTerima kasih sudah melakukan pemesanan eBook DaQo\u263a\ufe0f\r\n\r\nBeriku","error":null,"timestamp":"2025-09-13 11:31:29"}
{"account":"Agama","to":"6285780146447","type":"text","status":"success","message":"*Ahlan wa sahlan kak Fadil*\r\nTerima kasih sudah melakukan pemesanan eBook DaQo, Ebook Qila\u263a\ufe0f\r\n\r\n","error":null,"timestamp":"2025-09-13 14:14:45"}
{"account":"Agama","to":"6285780146447","type":"text","status":"success","message":"*Ahlan wa sahlan kak Fadil*\r\nTerima kasih sudah berminat ikut program Tahsin *TOB*\u263a\ufe0f\r\n\r\nBerikut ","error":null,"timestamp":"2025-09-13 14:21:45"}
{"account":"Agama","to":"6282130691939","type":"text","status":"success","message":"*Ahlan wa sahlan kak Dewi Anitsah*\r\nTerima kasih sudah memesan *ebook Ihfadz*\u263a\ufe0f\r\n\r\nBerikut data ","error":null,"timestamp":"2025-09-15 06:48:27"}
{"account":"Agama","to":"6282130691939","type":"text","status":"success","message":"Terima kasih kak Dewi Anitsah sudah order Ebook Ihfadz \ud83d\ude0a\r\n\r\nUntuk akses ebook dan bonusnya bisa k","error":null,"timestamp":"2025-09-15 07:58:54"}
{"account":"Agama","to":"6282130691939","type":"text","status":"success","message":"Terima kasih kak Dewi Anitsah sudah melakukan pembelian ebook Qila\u263a\ufe0f\r\n\r\n\r\nSelamat, pesanan Anda ","error":null,"timestamp":"2025-09-15 07:58:54"}
{"account":"Agama","to":"628112542966","type":"text","status":"success","message":"*Ahlan wa sahlan kak Dodie Satrio Wibowo*\r\nTerima kasih sudah memesan *ebook Qila*\u263a\ufe0f\r\n\r\nBerikut ","error":null,"timestamp":"2025-09-15 08:14:51"}
{"account":"Agama","to":"628112542966","type":"text","status":"success","message":"Terima kasih kak Dodie Satrio Wibowo sudah melakukan pembelian ebook Qila\u263a\ufe0f\r\n\r\n\r\nSelamat, pesana","error":null,"timestamp":"2025-09-15 08:17:48"}

{"account":"Agama","to":"6285780146447","type":"text","status":"success","message":"*Ahlan wa sahlan kak Fadil*\r\nTerima kasih sudah melakukan pemesanan eBook DaQo, Ebook Qila\u263a\ufe0f\r\n\r\n","error":null,"timestamp":"2025-09-15 11:27:38"}
{"account":"Agama","to":"6285655228161","type":"text","status":"success","message":"Assalamu'alaikum *Moch Irfan*\r\n\r\nAnda menerima pesan ini karena Anda telah melakukan pemesanan eBook","error":null,"timestamp":"2025-09-16 09:10:03"}
{"account":"Agama","to":"6285780146447","type":"text","status":"success","message":"Assalamu'alaikum *Fadil*\r\n\r\nAnda menerima pesan ini karena Anda telah melakukan pemesanan eBook DaQo","error":null,"timestamp":"2025-09-16 11:30:04"}
{"account":"Agama","to":"6285780146447","type":"text","status":"success","message":"Terima kasih kak Fadil sudah order eBook DaQo \ud83d\ude0a\r\n\r\nUntuk akses ebook dan bonusnya bisa klik link ","error":null,"timestamp":"2025-09-16 11:51:10"}
{"account":"Agama","to":"6285780146447","type":"text","status":"success","message":"Terima kasih kak Fadil sudah melakukan pembelian ebook Qila\u263a\ufe0f\r\n\r\n\r\nSelamat, pesanan Anda sudah d","error":null,"timestamp":"2025-09-16 11:51:11"}
{"account":"Agama","to":"6285655228161","type":"text","status":"success","message":"Assalamu'alaikum Moch Irfan\r\n\r\n\r\nAnda menerima pesan ini karena Anda telah melakukan order eBook DaQ","error":null,"timestamp":"2025-09-17 09:15:03"}
{"account":"Agama","to":"6285655228161","type":"text","status":"success","message":"Assalamu'alaikum Moch Irfan\r\n\r\n \r\nAnda menerima pesan ini karena Anda telah order eBook DaQo & Ebook","error":null,"timestamp":"2025-09-18 09:20:04"}

{"account":"Agama","to":"6281345262233","type":"text","status":"success","message":"*Ahlan wa sahlan kak Rayan*\r\nTerima kasih sudah melakukan pemesanan eBook DaQo\u263a\ufe0f\r\n\r\nBerikut data","error":null,"timestamp":"2025-09-22 06:04:46"}
{"account":"Agama","to":"628895881227","type":"text","status":"success","message":"*Ahlan wa sahlan kak Retno infarti*\r\nTerima kasih sudah memesan *ebook Ihfadz*\u263a\ufe0f\r\n\r\nBerikut data","error":null,"timestamp":"2025-09-22 06:10:45"}
{"account":"Agama","to":"6281220161983","type":"text","status":"success","message":"*Ahlan wa sahlan kak Zairasi*\r\nTerima kasih sudah memesan *ebook Qila*\u263a\ufe0f\r\n\r\nBerikut data anda:\r\n","error":null,"timestamp":"2025-09-22 06:13:01"}
{"account":"Agama","to":"6281345262233","type":"text","status":"success","message":"Terima kasih kak Rayan sudah order eBook DaQo \ud83d\ude0a\r\n\r\nUntuk akses ebook dan bonusnya bisa klik link ","error":null,"timestamp":"2025-09-22 06:13:44"}
{"account":"Agama","to":"6281220161983","type":"text","status":"success","message":"Terima kasih kak Zairasi sudah melakukan pembelian ebook Qila\u263a\ufe0f\r\n\r\n\r\nSelamat, pesanan Anda sudah","error":null,"timestamp":"2025-09-22 06:29:40"}
{"account":"Agama","to":"6281220718866","type":"text","status":"success","message":"*Ahlan wa sahlan kak Andy S*\r\nTerima kasih sudah memesan *ebook Qila*\u263a\ufe0f\r\n\r\nBerikut data anda:\r\nN","error":null,"timestamp":"2025-09-22 08:47:29"}
{"account":"Agama","to":"6281220718866","type":"text","status":"success","message":"Terima kasih kak Andy S sudah melakukan pembelian ebook Qila\u263a\ufe0f\r\n\r\n\r\nSelamat, pesanan Anda sudah ","error":null,"timestamp":"2025-09-22 08:50:55"}
{"account":"Agama","to":"62828191922","type":"text","status":"success","message":"*Ahlan wa sahlan kak Andi*\r\nTerima kasih sudah memesan *ebook Ihfadz*\u263a\ufe0f\r\n\r\nBerikut data anda:\r\nN","error":null,"timestamp":"2025-09-24 10:43:56"}

{"account":"Agama","to":"62828288282","type":"text","status":"success","message":"*Ahlan wa sahlan kak Hshsjsp*\r\nTerima kasih sudah memesan *ebook Ihfadz*\u263a\ufe0f\r\n\r\nBerikut data anda:","error":null,"timestamp":"2025-09-24 13:10:11"}
{"account":"Agama","to":"628111617296","type":"text","status":"success","message":"*Ahlan wa sahlan kak Meita Marlyana*\r\nTerima kasih sudah memesan *ebook Qila*\u263a\ufe0f\r\n\r\nBerikut data ","error":null,"timestamp":"2025-09-24 21:32:32"}
{"account":"Agama","to":"628111617296","type":"text","status":"success","message":"Terima kasih kak Meita Marlyana sudah melakukan pembelian ebook Qila\u263a\ufe0f\r\n\r\n\r\nSelamat, pesanan And","error":null,"timestamp":"2025-09-24 21:53:20"}
{"account":"Agama","to":"62828191922","type":"text","status":"success","message":"Assalamu'alaikum *Andi*\r\n\r\nAnda menerima pesan ini karena Anda telah melakukan pemesanan Ebook Ihfad","error":null,"timestamp":"2025-09-25 10:45:03"}
{"account":"Agama","to":"62876171817","type":"text","status":"success","message":"Assalamu'alaikum *Hajajkajjw*\r\n\r\nAnda menerima pesan ini karena Anda telah melakukan pemesanan eBook","error":null,"timestamp":"2025-09-25 10:55:02"}
{"account":"Agama","to":"6282385554856","type":"text","status":"success","message":"*Ahlan wa sahlan kak Wirmanita*\r\nTerima kasih sudah melakukan pemesanan eBook DaQo, Ebook Qila\u263a\ufe0f","error":null,"timestamp":"2025-09-25 12:01:45"}
{"account":"Agama","to":"6282385554856","type":"text","status":"success","message":"*Ahlan wa sahlan kak Wirmanita*\r\nTerima kasih sudah melakukan pemesanan eBook DaQo, Ebook Qila\u263a\ufe0f","error":null,"timestamp":"2025-09-25 12:07:55"}
{"account":"Agama","to":"6282385554856","type":"text","status":"success","message":"Terima kasih kak Wirmanita sudah order eBook DaQo \ud83d\ude0a\r\n\r\nUntuk akses ebook dan bonusnya bisa klik l","error":null,"timestamp":"2025-09-25 12:16:27"}
{"account":"Agama","to":"6282385554856","type":"text","status":"success","message":"Terima kasih kak Wirmanita sudah melakukan pembelian ebook Qila\u263a\ufe0f\r\n\r\n\r\nSelamat, pesanan Anda sud","error":null,"timestamp":"2025-09-25 12:16:28"}
{"account":"Agama","to":"62828288282","type":"text","status":"success","message":"Assalamu'alaikum *Hshsjsp*\r\n\r\nAnda menerima pesan ini karena Anda telah melakukan pemesanan Ebook Ih","error":null,"timestamp":"2025-09-25 13:15:03"}
{"account":"Agama","to":"6281295427326","type":"text","status":"success","message":"*Ahlan wa sahlan kak Surya hadi kusuma*\r\nTerima kasih sudah melakukan pemesanan eBook DaQo\u263a\ufe0f\r\n\r\n","error":null,"timestamp":"2025-09-25 17:04:03"}
{"account":"Agama","to":"6281295427326","type":"text","status":"success","message":"Terima kasih kak Surya hadi kusuma sudah order eBook DaQo \ud83d\ude0a\r\n\r\nUntuk akses ebook dan bonusnya bis","error":null,"timestamp":"2025-09-25 17:22:42"}
{"account":"Agama","to":"6285725800037","type":"text","status":"success","message":"*Ahlan wa sahlan kak Munawar \/ pak Rawan*\r\nTerima kasih sudah melakukan pemesanan eBook DaQo, Ebook ","error":null,"timestamp":"2025-09-25 21:23:41"}
{"account":"Agama","to":"62828191922","type":"text","status":"success","message":"Assalamu'alaikum Andi\r\n\r\n\r\n\r\nAnda menerima pesan ini karena Anda telah melakukan order Ebook Ihfadz ","error":null,"timestamp":"2025-09-26 10:50:03"}
{"account":"Agama","to":"62876171817","type":"text","status":"success","message":"Assalamu'alaikum Hajajkajjw\r\n\r\n\r\nAnda menerima pesan ini karena Anda telah melakukan order eBook DaQ","error":null,"timestamp":"2025-09-26 10:55:02"}
{"account":"Agama","to":"62828288282","type":"text","status":"success","message":"Assalamu'alaikum Hshsjsp\r\n\r\n\r\n\r\nAnda menerima pesan ini karena Anda telah melakukan order Ebook Ihfa","error":null,"timestamp":"2025-09-26 13:20:02"}

{"account":"Agama","to":"6285215570320","type":"text","status":"success","message":"Terima kasih kak Dewi Rahayu sudah order eBook DaQo \ud83d\ude0a\r\n\r\nUntuk akses ebook dan bonusnya bisa klik","error":null,"timestamp":"2025-09-26 17:12:45"}
{"account":"Agama","to":"6285215570320","type":"text","status":"success","message":"Terima kasih kak Dewi Rahayu sudah melakukan pembelian ebook Qila\u263a\ufe0f\r\n\r\n\r\nSelamat, pesanan Anda s","error":null,"timestamp":"2025-09-26 17:12:46"}
{"account":"Agama","to":"6285725800037","type":"text","status":"success","message":"Assalamu'alaikum *Munawar \/ pak Rawan*\r\n\r\nAnda menerima pesan ini karena Anda telah melakukan pemesa","error":null,"timestamp":"2025-09-26 21:25:02"}

{"account":"Agama","to":"6281342455830","type":"text","status":"success","message":"Terima kasih kak Donna ramli sudah order eBook DaQo \ud83d\ude0a\r\n\r\nUntuk akses ebook dan bonusnya bisa klik","error":null,"timestamp":"2025-09-27 05:19:18"}
{"account":"Agama","to":"6281342455830","type":"text","status":"success","message":"Terima kasih kak Donna ramli sudah melakukan pembelian ebook Qila\u263a\ufe0f\r\n\r\n\r\nSelamat, pesanan Anda s","error":null,"timestamp":"2025-09-27 05:19:18"}
{"account":"Agama","to":"6282268610980","type":"text","status":"success","message":"*Ahlan wa sahlan kak Mira Susanti*\r\nTerima kasih sudah melakukan pemesanan eBook DaQo\u263a\ufe0f\r\n\r\nBerik","error":null,"timestamp":"2025-09-27 08:57:54"}
{"account":"Agama","to":"6282268610980","type":"text","status":"success","message":"Terima kasih kak Mira Susanti sudah order eBook DaQo \ud83d\ude0a\r\n\r\nUntuk akses ebook dan bonusnya bisa kli","error":null,"timestamp":"2025-09-27 09:39:23"}
{"account":"Agama","to":"62828191922","type":"text","status":"success","message":"Assalamu'alaikum Andi\r\n\r\n \r\nAnda menerima pesan ini karena Anda telah order Ebook Ihfadz & Ebook Qil","error":null,"timestamp":"2025-09-27 10:55:02"}
{"account":"Agama","to":"62876171817","type":"text","status":"success","message":"Assalamu'alaikum Hajajkajjw\r\n\r\n \r\nAnda menerima pesan ini karena Anda telah order eBook DaQo & Ebook","error":null,"timestamp":"2025-09-27 11:00:06"}
{"account":"Agama","to":"62828288282","type":"text","status":"success","message":"Assalamu'alaikum Hshsjsp\r\n\r\n \r\nAnda menerima pesan ini karena Anda telah order Ebook Ihfadz & Ebook ","error":null,"timestamp":"2025-09-27 13:20:02"}
{"account":"Agama","to":"6285725800037","type":"text","status":"success","message":"Terima kasih kak Munawar \/ pak Rawan sudah order eBook DaQo \ud83d\ude0a\r\n\r\nUntuk akses ebook dan bonusnya b","error":null,"timestamp":"2025-09-27 15:38:40"}
{"account":"Agama","to":"6285725800037","type":"text","status":"success","message":"Terima kasih kak Munawar \/ pak Rawan sudah melakukan pembelian ebook Qila\u263a\ufe0f\r\n\r\n\r\nSelamat, pesana","error":null,"timestamp":"2025-09-27 15:38:41"}
{"account":"Agama","to":"62828191922","type":"text","status":"success","message":"Assalamualaikum Andi,\r\n\r\nSaya mau mengingatkan Anda bahwa Anda memiliki pesanan yang belum dibayar\r\n","error":null,"timestamp":"2025-09-28 10:55:02"}
{"account":"Agama","to":"62828288282","type":"text","status":"success","message":"Assalamualaikum Hshsjsp,\r\n\r\nSaya mau mengingatkan Anda bahwa Anda memiliki pesanan yang belum dibaya","error":null,"timestamp":"2025-09-28 13:20:03"}

{"account":"Agama","to":"6285860377707","type":"text","status":"success","message":"Terima kasih kak Yadi Supriadi sudah order eBook DaQo \ud83d\ude0a\r\n\r\nUntuk akses ebook dan bonusnya bisa kl","error":null,"timestamp":"2025-09-28 19:00:25"}
{"account":"Agama","to":"6285860377707","type":"text","status":"success","message":"Terima kasih kak Yadi Supriadi sudah melakukan pembelian ebook Qila\u263a\ufe0f\r\n\r\n\r\nSelamat, pesanan Anda","error":null,"timestamp":"2025-09-28 19:00:25"}
{"account":"Agama","to":"62811177065","type":"text","status":"success","message":"*Ahlan wa sahlan kak Agus Susanto*\r\nTerima kasih sudah memesan *ebook Ihfadz*\u263a\ufe0f\r\n\r\nBerikut data ","error":null,"timestamp":"2025-09-29 06:02:41"}
{"account":"Agama","to":"6285728889393","type":"text","status":"success","message":"*Ahlan wa sahlan kak Haryo Nurcahyo Adinugroho*\r\nTerima kasih sudah memesan *ebook Qila*\u263a\ufe0f\r\n\r\nBe","error":null,"timestamp":"2025-09-29 08:52:00"}
{"account":"Agama","to":"6285728889393","type":"text","status":"success","message":"Terima kasih kak Haryo Nurcahyo Adinugroho sudah melakukan pembelian ebook Qila\u263a\ufe0f\r\n\r\n\r\nSelamat, ","error":null,"timestamp":"2025-09-29 09:13:14"}
{"account":"Agama","to":"62828191922","type":"text","status":"success","message":"Assalamualaikum Andi\r\n\r\nMungkin anda sudah mulai risih menerima pesan reminder dari saya\r\n\r\nTapi iji","error":null,"timestamp":"2025-09-29 11:00:05"}
{"account":"Agama","to":"62828288282","type":"text","status":"success","message":"Assalamualaikum Hshsjsp\r\n\r\nMungkin anda sudah mulai risih menerima pesan reminder dari saya\r\n\r\nTapi ","error":null,"timestamp":"2025-09-29 13:25:02"}
{"account":"Agama","to":"62811177065","type":"text","status":"success","message":"Assalamu'alaikum *Agus Susanto*\r\n\r\nAnda menerima pesan ini karena Anda telah melakukan pemesanan Ebo","error":null,"timestamp":"2025-09-30 06:05:02"}
{"account":"Agama","to":"6281220161983","type":"text","status":"success","message":"*Ahlan wa sahlan kak Zairasi*\r\nTerima kasih sudah memesan *ebook Qila*\u263a\ufe0f\r\n\r\nBerikut data anda:\r\n","error":null,"timestamp":"2025-09-30 06:12:02"}
{"account":"Agama","to":"62811177065","type":"text","status":"success","message":"Terima kasih kak Agus Susanto sudah order Ebook Ihfadz \ud83d\ude0a\r\n\r\nUntuk akses ebook dan bonusnya bisa k","error":null,"timestamp":"2025-09-30 07:54:39"}
{"account":"Agama","to":"62811177065","type":"text","status":"success","message":"Terima kasih kak Agus Susanto sudah melakukan pembelian ebook Qila\u263a\ufe0f\r\n\r\n\r\nSelamat, pesanan Anda ","error":null,"timestamp":"2025-09-30 07:54:40"}
{"account":"Agama","to":"62816106069","type":"text","status":"success","message":"*Ahlan wa sahlan kak Rano Cahyawidi*\r\nTerima kasih sudah memesan *ebook Qila*\u263a\ufe0f\r\n\r\nBerikut data ","error":null,"timestamp":"2025-09-30 09:16:42"}
{"account":"Agama","to":"62816106069","type":"text","status":"success","message":"Terima kasih kak Rano Cahyawidi sudah melakukan pembelian ebook Qila\u263a\ufe0f\r\n\r\n\r\nSelamat, pesanan And","error":null,"timestamp":"2025-09-30 09:25:47"}
{"account":"Agama","to":"62816106069","type":"text","status":"success","message":"Terima kasih kak Rano Cahyawidi sudah order Ebook Ihfadz \ud83d\ude0a\r\n\r\nUntuk akses ebook dan bonusnya bisa","error":null,"timestamp":"2025-09-30 09:25:48"}
